06:59:27 scenario.file.loc[Ljava.lang.String;@42607a4f
06:59:27 loading BDD file: C:\Users\vaidh\eclipse-workspace\foodautomation\.\scenarios\smoketest.bdd
06:59:27 total test found: 6
06:59:27 

Executing scenario: verify Test Food Receipe Title - verify Test Food Receipe Title
06:59:27 pkg: com.qmetry.qaf.automation.step
06:59:27 pkg: com.qmetry.qaf.example
06:59:27 Found duplicate step to load [] with [lower] prority then []
06:59:27 Invoking Teststep: Given get '/' with arguments: [/]
06:59:39 Completed Teststep: Given get '/' with arguments: [/]
06:59:39 Invoking Teststep: When navigate To Recipes page
06:59:45 Invoking Teststep: click on {loc} with arguments: [button.recipe]
07:00:16 Failure Teststep: click on {loc} with arguments: [button.recipe]
com.qmetry.qaf.automation.step.JavaStepReporter$JPThrowable: org.openqa.selenium.TimeoutException: Timed out after 30 seconds waiting for presence of element located by: By.cssSelector: a[href='https://www.food.com/recipe?ref=nav']
	at com.qmetry.qaf.automation.step.JavaStepReporter$MockJavaStep.doExecute(JavaStepReporter.java:144)
	at com.qmetry.qaf.automation.step.BaseTestStep.execute(BaseTestStep.java:149)
	at com.qmetry.qaf.automation.step.JavaStepReporter.javaTestStep(JavaStepReporter.java:88)
	at com.qmetry.qaf.automation.step.CommonStep.click(CommonStep.java:459)
	at com.qmetry.qaf.example.steps.StepsLibrary.navigateToRecipes_aroundBody0(StepsLibrary.java:30)
	at com.qmetry.qaf.example.steps.StepsLibrary$AjcClosure1.run(StepsLibrary.java:1)
	at org.aspectj.runtime.reflect.JoinPointImpl.proceed(JoinPointImpl.java:149)
	at com.qmetry.qaf.automation.step.JavaStepReporter.javaTestStep(JavaStepReporter.java:101)
	at com.qmetry.qaf.example.steps.StepsLibrary.navigateToRecipes(StepsLibrary.java:27)
	at sun.reflect.NativeMethodAccessorImpl.invoke0(Native Method)
	at sun.reflect.NativeMethodAccessorImpl.invoke(NativeMethodAccessorImpl.java:62)
	at sun.reflect.DelegatingMethodAccessorImpl.invoke(DelegatingMethodAccessorImpl.java:43)
	at java.lang.reflect.Method.invoke(Method.java:498)
	at com.qmetry.qaf.automation.step.JavaStep.doExecute(JavaStep.java:153)
	at com.qmetry.qaf.automation.step.BaseTestStep.execute(BaseTestStep.java:149)
	at com.qmetry.qaf.automation.step.StringTestStep.execute(StringTestStep.java:134)
	at com.qmetry.qaf.automation.step.client.Scenario.execute(Scenario.java:180)
	at com.qmetry.qaf.automation.step.client.Scenario.scenario(Scenario.java:232)
	at sun.reflect.NativeMethodAccessorImpl.invoke0(Native Method)
	at sun.reflect.NativeMethodAccessorImpl.invoke(NativeMethodAccessorImpl.java:62)
	at sun.reflect.DelegatingMethodAccessorImpl.invoke(DelegatingMethodAccessorImpl.java:43)
	at java.lang.reflect.Method.invoke(Method.java:498)
	at org.testng.internal.MethodInvocationHelper.invokeMethod(MethodInvocationHelper.java:104)
	at org.testng.internal.Invoker.invokeMethod(Invoker.java:645)
	at org.testng.internal.Invoker.invokeTestMethod(Invoker.java:851)
	at org.testng.internal.Invoker.invokeTestMethods(Invoker.java:1177)
	at org.testng.internal.TestMethodWorker.invokeTestMethods(TestMethodWorker.java:129)
	at org.testng.internal.TestMethodWorker.run(TestMethodWorker.java:112)
	at org.testng.TestRunner.privateRun(TestRunner.java:781)
	at org.testng.TestRunner.run(TestRunner.java:635)
	at org.testng.SuiteRunner.runTest(SuiteRunner.java:387)
	at org.testng.SuiteRunner.runSequentially(SuiteRunner.java:382)
	at org.testng.SuiteRunner.privateRun(SuiteRunner.java:340)
	at org.testng.SuiteRunner.run(SuiteRunner.java:289)
	at org.testng.SuiteRunnerWorker.runSuite(SuiteRunnerWorker.java:52)
	at org.testng.SuiteRunnerWorker.run(SuiteRunnerWorker.java:86)
	at org.testng.TestNG.runSuitesSequentially(TestNG.java:1293)
	at org.testng.TestNG.runSuitesLocally(TestNG.java:1218)
	at org.testng.TestNG.runSuites(TestNG.java:1133)
	at org.testng.TestNG.run(TestNG.java:1104)
	at org.testng.remote.AbstractRemoteTestNG.run(AbstractRemoteTestNG.java:115)
	at org.testng.remote.RemoteTestNG.initAndRun(RemoteTestNG.java:251)
	at org.testng.remote.RemoteTestNG.main(RemoteTestNG.java:77)
Caused by: org.openqa.selenium.TimeoutException: Timed out after 30 seconds waiting for presence of element located by: By.cssSelector: a[href='https://www.food.com/recipe?ref=nav']
	at com.qmetry.qaf.automation.ui.util.DynamicWait.until(DynamicWait.java:170)
	at com.qmetry.qaf.automation.ui.webdriver.QAFExtendedWebDriver.load(QAFExtendedWebDriver.java:215)
	at com.qmetry.qaf.automation.ui.webdriver.QAFExtendedWebElement.load(QAFExtendedWebElement.java:299)
	at com.qmetry.qaf.automation.ui.webdriver.QAFExtendedWebElement.execute(QAFExtendedWebElement.java:250)
	at org.openqa.selenium.remote.RemoteWebElement.click(RemoteWebElement.java:84)
	at com.qmetry.qaf.automation.step.CommonStep.click_aroundBody38(CommonStep.java:460)
	at com.qmetry.qaf.automation.step.CommonStep$AjcClosure39.run(CommonStep.java:1)
	at org.aspectj.runtime.reflect.JoinPointImpl.proceed(JoinPointImpl.java:149)
	at com.qmetry.qaf.automation.step.JavaStepReporter$MockJavaStep.doExecute(JavaStepReporter.java:138)
	... 42 more
Caused by: org.openqa.selenium.NoSuchElementException: no such element: Unable to locate element: {"method":"css selector","selector":"a[href='https://www.food.com/recipe?ref=nav']"}
  (Session info: chrome=81.0.4044.129)
For documentation on this error, please visit: https://www.seleniumhq.org/exceptions/no_such_element.html
Build info: version: '3.141.59', revision: 'e82be7d358', time: '2018-11-14T08:17:03'
System info: host: 'VAIDHUSANTHU', ip: '192.168.0.56', os.name: 'Windows 10', os.arch: 'amd64', os.version: '10.0', java.version: '1.8.0_231'
Driver info: com.qmetry.qaf.automation.ui.webdriver.QAFExtendedWebDriver
Capabilities {acceptInsecureCerts: false, browserName: chrome, browserVersion: 81.0.4044.129, chrome: {chromedriverVersion: 81.0.4044.69 (6813546031a4b..., userDataDir: C:\Users\vaidh\AppData\Loca...}, goog:chromeOptions: {debuggerAddress: localhost:63160}, javascriptEnabled: true, networkConnectionEnabled: false, pageLoadStrategy: normal, platform: WINDOWS, platformName: WINDOWS, proxy: Proxy(), setWindowRect: true, strictFileInteractability: false, timeouts: {implicit: 0, pageLoad: 300000, script: 30000}, unhandledPromptBehavior: dismiss and notify, webauthn:virtualAuthenticators: true}
Session ID: c23d9ac55b4c461adc28933de6becb1a
*** Element info: {Using=css selector, value=a[href='https://www.food.com/recipe?ref=nav']}
	at sun.reflect.GeneratedConstructorAccessor15.newInstance(Unknown Source)
	at sun.reflect.DelegatingConstructorAccessorImpl.newInstance(DelegatingConstructorAccessorImpl.java:45)
	at java.lang.reflect.Constructor.newInstance(Constructor.java:423)
	at org.openqa.selenium.remote.http.W3CHttpResponseCodec.createException(W3CHttpResponseCodec.java:187)
	at org.openqa.selenium.remote.http.W3CHttpResponseCodec.decode(W3CHttpResponseCodec.java:122)
	at org.openqa.selenium.remote.http.W3CHttpResponseCodec.decode(W3CHttpResponseCodec.java:49)
	at org.openqa.selenium.remote.HttpCommandExecutor.execute(HttpCommandExecutor.java:158)
	at org.openqa.selenium.remote.RemoteWebDriver.execute(RemoteWebDriver.java:552)
	at com.qmetry.qaf.automation.ui.webdriver.QAFExtendedWebDriver.execute(QAFExtendedWebDriver.java:235)
	at org.openqa.selenium.remote.RemoteWebDriver.findElement(RemoteWebDriver.java:323)
	at org.openqa.selenium.remote.RemoteWebDriver.findElementByCssSelector(RemoteWebDriver.java:420)
	at com.qmetry.qaf.automation.ui.webdriver.QAFExtendedWebDriver.findElementByCssSelector(QAFExtendedWebDriver.java:369)
	at com.qmetry.qaf.automation.ui.webdriver.QAFExtendedWebDriver.findElementByCssSelector(QAFExtendedWebDriver.java:1)
	at org.openqa.selenium.By$ByCssSelector.findElement(By.java:431)
	at org.openqa.selenium.remote.RemoteWebDriver.findElement(RemoteWebDriver.java:315)
	at com.qmetry.qaf.automation.ui.webdriver.QAFExtendedWebDriver.findElement(QAFExtendedWebDriver.java:170)
	at com.qmetry.qaf.automation.ui.webdriver.QAFExtendedWebDriver.findElement(QAFExtendedWebDriver.java:1)
	at org.openqa.selenium.support.ui.ExpectedConditions$6.apply(ExpectedConditions.java:182)
	at org.openqa.selenium.support.ui.ExpectedConditions$6.apply(ExpectedConditions.java:179)
	at com.qmetry.qaf.automation.ui.util.DynamicWait.until(DynamicWait.java:149)
	... 50 more
07:00:16 Completed Teststep: click on {loc} with arguments: [button.recipe]
07:00:16 Failure Teststep: When navigate To Recipes page
org.openqa.selenium.TimeoutException: Timed out after 30 seconds waiting for presence of element located by: By.cssSelector: a[href='https://www.food.com/recipe?ref=nav']
	at com.qmetry.qaf.automation.ui.util.DynamicWait.until(DynamicWait.java:170)
	at com.qmetry.qaf.automation.ui.webdriver.QAFExtendedWebDriver.load(QAFExtendedWebDriver.java:215)
	at com.qmetry.qaf.automation.ui.webdriver.QAFExtendedWebElement.load(QAFExtendedWebElement.java:299)
	at com.qmetry.qaf.automation.ui.webdriver.QAFExtendedWebElement.execute(QAFExtendedWebElement.java:250)
	at org.openqa.selenium.remote.RemoteWebElement.click(RemoteWebElement.java:84)
	at com.qmetry.qaf.automation.step.CommonStep.click_aroundBody38(CommonStep.java:460)
	at com.qmetry.qaf.automation.step.CommonStep$AjcClosure39.run(CommonStep.java:1)
	at org.aspectj.runtime.reflect.JoinPointImpl.proceed(JoinPointImpl.java:149)
	at com.qmetry.qaf.automation.step.JavaStepReporter$MockJavaStep.doExecute(JavaStepReporter.java:138)
	at com.qmetry.qaf.automation.step.BaseTestStep.execute(BaseTestStep.java:149)
	at com.qmetry.qaf.automation.step.JavaStepReporter.javaTestStep(JavaStepReporter.java:88)
	at com.qmetry.qaf.automation.step.CommonStep.click(CommonStep.java:459)
	at com.qmetry.qaf.example.steps.StepsLibrary.navigateToRecipes_aroundBody0(StepsLibrary.java:30)
	at com.qmetry.qaf.example.steps.StepsLibrary$AjcClosure1.run(StepsLibrary.java:1)
	at org.aspectj.runtime.reflect.JoinPointImpl.proceed(JoinPointImpl.java:149)
	at com.qmetry.qaf.automation.step.JavaStepReporter.javaTestStep(JavaStepReporter.java:101)
	at com.qmetry.qaf.example.steps.StepsLibrary.navigateToRecipes(StepsLibrary.java:27)
	at sun.reflect.NativeMethodAccessorImpl.invoke0(Native Method)
	at sun.reflect.NativeMethodAccessorImpl.invoke(NativeMethodAccessorImpl.java:62)
	at sun.reflect.DelegatingMethodAccessorImpl.invoke(DelegatingMethodAccessorImpl.java:43)
	at java.lang.reflect.Method.invoke(Method.java:498)
	at com.qmetry.qaf.automation.step.JavaStep.doExecute(JavaStep.java:153)
	at com.qmetry.qaf.automation.step.BaseTestStep.execute(BaseTestStep.java:149)
	at com.qmetry.qaf.automation.step.StringTestStep.execute(StringTestStep.java:134)
	at com.qmetry.qaf.automation.step.client.Scenario.execute(Scenario.java:180)
	at com.qmetry.qaf.automation.step.client.Scenario.scenario(Scenario.java:232)
	at sun.reflect.NativeMethodAccessorImpl.invoke0(Native Method)
	at sun.reflect.NativeMethodAccessorImpl.invoke(NativeMethodAccessorImpl.java:62)
	at sun.reflect.DelegatingMethodAccessorImpl.invoke(DelegatingMethodAccessorImpl.java:43)
	at java.lang.reflect.Method.invoke(Method.java:498)
	at org.testng.internal.MethodInvocationHelper.invokeMethod(MethodInvocationHelper.java:104)
	at org.testng.internal.Invoker.invokeMethod(Invoker.java:645)
	at org.testng.internal.Invoker.invokeTestMethod(Invoker.java:851)
	at org.testng.internal.Invoker.invokeTestMethods(Invoker.java:1177)
	at org.testng.internal.TestMethodWorker.invokeTestMethods(TestMethodWorker.java:129)
	at org.testng.internal.TestMethodWorker.run(TestMethodWorker.java:112)
	at org.testng.TestRunner.privateRun(TestRunner.java:781)
	at org.testng.TestRunner.run(TestRunner.java:635)
	at org.testng.SuiteRunner.runTest(SuiteRunner.java:387)
	at org.testng.SuiteRunner.runSequentially(SuiteRunner.java:382)
	at org.testng.SuiteRunner.privateRun(SuiteRunner.java:340)
	at org.testng.SuiteRunner.run(SuiteRunner.java:289)
	at org.testng.SuiteRunnerWorker.runSuite(SuiteRunnerWorker.java:52)
	at org.testng.SuiteRunnerWorker.run(SuiteRunnerWorker.java:86)
	at org.testng.TestNG.runSuitesSequentially(TestNG.java:1293)
	at org.testng.TestNG.runSuitesLocally(TestNG.java:1218)
	at org.testng.TestNG.runSuites(TestNG.java:1133)
	at org.testng.TestNG.run(TestNG.java:1104)
	at org.testng.remote.AbstractRemoteTestNG.run(AbstractRemoteTestNG.java:115)
	at org.testng.remote.RemoteTestNG.initAndRun(RemoteTestNG.java:251)
	at org.testng.remote.RemoteTestNG.main(RemoteTestNG.java:77)
Caused by: org.openqa.selenium.NoSuchElementException: no such element: Unable to locate element: {"method":"css selector","selector":"a[href='https://www.food.com/recipe?ref=nav']"}
  (Session info: chrome=81.0.4044.129)
For documentation on this error, please visit: https://www.seleniumhq.org/exceptions/no_such_element.html
Build info: version: '3.141.59', revision: 'e82be7d358', time: '2018-11-14T08:17:03'
System info: host: 'VAIDHUSANTHU', ip: '192.168.0.56', os.name: 'Windows 10', os.arch: 'amd64', os.version: '10.0', java.version: '1.8.0_231'
Driver info: com.qmetry.qaf.automation.ui.webdriver.QAFExtendedWebDriver
Capabilities {acceptInsecureCerts: false, browserName: chrome, browserVersion: 81.0.4044.129, chrome: {chromedriverVersion: 81.0.4044.69 (6813546031a4b..., userDataDir: C:\Users\vaidh\AppData\Loca...}, goog:chromeOptions: {debuggerAddress: localhost:63160}, javascriptEnabled: true, networkConnectionEnabled: false, pageLoadStrategy: normal, platform: WINDOWS, platformName: WINDOWS, proxy: Proxy(), setWindowRect: true, strictFileInteractability: false, timeouts: {implicit: 0, pageLoad: 300000, script: 30000}, unhandledPromptBehavior: dismiss and notify, webauthn:virtualAuthenticators: true}
Session ID: c23d9ac55b4c461adc28933de6becb1a
*** Element info: {Using=css selector, value=a[href='https://www.food.com/recipe?ref=nav']}
	at sun.reflect.GeneratedConstructorAccessor15.newInstance(Unknown Source)
	at sun.reflect.DelegatingConstructorAccessorImpl.newInstance(DelegatingConstructorAccessorImpl.java:45)
	at java.lang.reflect.Constructor.newInstance(Constructor.java:423)
	at org.openqa.selenium.remote.http.W3CHttpResponseCodec.createException(W3CHttpResponseCodec.java:187)
	at org.openqa.selenium.remote.http.W3CHttpResponseCodec.decode(W3CHttpResponseCodec.java:122)
	at org.openqa.selenium.remote.http.W3CHttpResponseCodec.decode(W3CHttpResponseCodec.java:49)
	at org.openqa.selenium.remote.HttpCommandExecutor.execute(HttpCommandExecutor.java:158)
	at org.openqa.selenium.remote.RemoteWebDriver.execute(RemoteWebDriver.java:552)
	at com.qmetry.qaf.automation.ui.webdriver.QAFExtendedWebDriver.execute(QAFExtendedWebDriver.java:235)
	at org.openqa.selenium.remote.RemoteWebDriver.findElement(RemoteWebDriver.java:323)
	at org.openqa.selenium.remote.RemoteWebDriver.findElementByCssSelector(RemoteWebDriver.java:420)
	at com.qmetry.qaf.automation.ui.webdriver.QAFExtendedWebDriver.findElementByCssSelector(QAFExtendedWebDriver.java:369)
	at com.qmetry.qaf.automation.ui.webdriver.QAFExtendedWebDriver.findElementByCssSelector(QAFExtendedWebDriver.java:1)
	at org.openqa.selenium.By$ByCssSelector.findElement(By.java:431)
	at org.openqa.selenium.remote.RemoteWebDriver.findElement(RemoteWebDriver.java:315)
	at com.qmetry.qaf.automation.ui.webdriver.QAFExtendedWebDriver.findElement(QAFExtendedWebDriver.java:170)
	at com.qmetry.qaf.automation.ui.webdriver.QAFExtendedWebDriver.findElement(QAFExtendedWebDriver.java:1)
	at org.openqa.selenium.support.ui.ExpectedConditions$6.apply(ExpectedConditions.java:182)
	at org.openqa.selenium.support.ui.ExpectedConditions$6.apply(ExpectedConditions.java:179)
	at com.qmetry.qaf.automation.ui.util.DynamicWait.until(DynamicWait.java:149)
	... 50 more
07:00:16 Completed Teststep: When navigate To Recipes page
07:00:16 Competed scenario: verify Test Food Receipe Title with status FAILURE
07:00:17 

Executing scenario: verify Save Recipe Action for Guest User - verify Save Recipe for Guest User
07:00:17 Invoking Teststep: Given get '/' with arguments: [/]
07:00:18 Completed Teststep: Given get '/' with arguments: [/]
07:00:18 Invoking Teststep: When navigate to search page
07:00:24 Invoking Teststep: wait until {loc} to be visible with arguments: [recipe.search]
07:00:24 Completed Teststep: wait until {loc} to be visible with arguments: [recipe.search]
07:00:24 Invoking Teststep: click on {loc} with arguments: [recipe.search]
07:00:25 Completed Teststep: click on {loc} with arguments: [recipe.search]
07:00:25 Invoking Teststep: wait until {loc} to be visible with arguments: [recipetype.search]
07:00:26 Completed Teststep: wait until {loc} to be visible with arguments: [recipetype.search]
07:00:26 Completed Teststep: When navigate to search page
07:00:26 Invoking Teststep: Then search recipe 'breakfast pizza' with arguments: [breakfast pizza]
07:00:26 Invoking Teststep: wait until {loc} to be visible with arguments: [recipetype.search]
07:00:26 Completed Teststep: wait until {loc} to be visible with arguments: [recipetype.search]
07:00:26 Invoking Teststep: click on {loc} with arguments: [recipetype.search]
07:00:26 Completed Teststep: click on {loc} with arguments: [recipetype.search]
07:00:26 Invoking Teststep: sendKeys {text} into {loc} with arguments: [breakfast pizza?, recipetype.search]
07:00:27 Completed Teststep: sendKeys {text} into {loc} with arguments: [breakfast pizza?, recipetype.search]
07:00:33 Completed Teststep: Then search recipe 'breakfast pizza' with arguments: [breakfast pizza]
07:00:33 Invoking Teststep: Then select a recipe
07:00:39 Invoking Teststep: wait until {loc} to be visible with arguments: [pizzaRecipeImg.click]
07:00:39 Completed Teststep: wait until {loc} to be visible with arguments: [pizzaRecipeImg.click]
07:00:39 Invoking Teststep: click on {loc} with arguments: [pizzaRecipeImg.click]
07:00:39 Completed Teststep: click on {loc} with arguments: [pizzaRecipeImg.click]
07:00:45 Completed Teststep: Then select a recipe
07:00:45 Invoking Teststep: Then save a recipe
07:00:45 Invoking Teststep: wait until {loc} to be visible with arguments: [saveReceipeBtn.click]
07:00:45 Completed Teststep: wait until {loc} to be visible with arguments: [saveReceipeBtn.click]
07:00:45 Invoking Teststep: click on {loc} with arguments: [saveReceipeBtn.click]
07:00:46 Completed Teststep: click on {loc} with arguments: [saveReceipeBtn.click]
07:00:52 Completed Teststep: Then save a recipe
07:00:52 Invoking Teststep: Then verify login message for unregistered user while save/review
07:00:52 Invoking Teststep: wait until {loc} to be visible with arguments: [saveMessageText.verify]
07:00:52 Completed Teststep: wait until {loc} to be visible with arguments: [saveMessageText.verify]
07:00:58 Invoking Teststep: assert {loc} is visible with arguments: [saveMessageText.verify]
07:00:58 Completed Teststep: assert {loc} is visible with arguments: [saveMessageText.verify]
07:00:58 Completed Teststep: Then verify login message for unregistered user while save/review
07:00:58 Competed scenario: verify Save Recipe Action for Guest User with status SUCCESS
07:00:58 

Executing scenario: verify Review Recipe Action for Guest User - verify Review Recipe for Guest User
07:00:58 Invoking Teststep: Given get '/' with arguments: [/]
07:00:59 Completed Teststep: Given get '/' with arguments: [/]
07:00:59 Invoking Teststep: When navigate to search page
07:01:05 Invoking Teststep: wait until {loc} to be visible with arguments: [recipe.search]
07:01:05 Completed Teststep: wait until {loc} to be visible with arguments: [recipe.search]
07:01:05 Invoking Teststep: click on {loc} with arguments: [recipe.search]
07:01:06 Completed Teststep: click on {loc} with arguments: [recipe.search]
07:01:06 Invoking Teststep: wait until {loc} to be visible with arguments: [recipetype.search]
07:01:06 Completed Teststep: wait until {loc} to be visible with arguments: [recipetype.search]
07:01:06 Completed Teststep: When navigate to search page
07:01:06 Invoking Teststep: Then search recipe 'breakfast pizza' with arguments: [breakfast pizza]
07:01:06 Invoking Teststep: wait until {loc} to be visible with arguments: [recipetype.search]
07:01:06 Completed Teststep: wait until {loc} to be visible with arguments: [recipetype.search]
07:01:06 Invoking Teststep: click on {loc} with arguments: [recipetype.search]
07:01:07 Completed Teststep: click on {loc} with arguments: [recipetype.search]
07:01:07 Invoking Teststep: sendKeys {text} into {loc} with arguments: [breakfast pizza?, recipetype.search]
07:01:07 Completed Teststep: sendKeys {text} into {loc} with arguments: [breakfast pizza?, recipetype.search]
07:01:13 Completed Teststep: Then search recipe 'breakfast pizza' with arguments: [breakfast pizza]
07:01:13 Invoking Teststep: Then select a recipe
07:01:19 Invoking Teststep: wait until {loc} to be visible with arguments: [pizzaRecipeImg.click]
07:01:19 Completed Teststep: wait until {loc} to be visible with arguments: [pizzaRecipeImg.click]
07:01:19 Invoking Teststep: click on {loc} with arguments: [pizzaRecipeImg.click]
07:01:20 Completed Teststep: click on {loc} with arguments: [pizzaRecipeImg.click]
07:01:26 Completed Teststep: Then select a recipe
07:01:26 Invoking Teststep: Then click on review btn
07:01:26 Invoking Teststep: wait until {loc} to be visible with arguments: [reviewBtn.click]
07:01:26 Completed Teststep: wait until {loc} to be visible with arguments: [reviewBtn.click]
07:01:26 Invoking Teststep: click on {loc} with arguments: [reviewBtn.click]
07:01:26 Completed Teststep: click on {loc} with arguments: [reviewBtn.click]
07:01:32 Completed Teststep: Then click on review btn
07:01:32 Invoking Teststep: Then write a review 'Good' with arguments: [Good]
07:01:32 Invoking Teststep: wait until {loc} to be visible with arguments: [writeReview.click]
07:01:32 Completed Teststep: wait until {loc} to be visible with arguments: [writeReview.click]
07:01:38 Invoking Teststep: sendKeys {text} into {loc} with arguments: [Good?, writeReview.click]
07:01:38 Completed Teststep: sendKeys {text} into {loc} with arguments: [Good?, writeReview.click]
07:01:44 Completed Teststep: Then write a review 'Good' with arguments: [Good]
07:01:44 Invoking Teststep: Then verify login message for unregistered user while save/review
07:01:44 Invoking Teststep: wait until {loc} to be visible with arguments: [saveMessageText.verify]
07:01:45 Completed Teststep: wait until {loc} to be visible with arguments: [saveMessageText.verify]
07:01:51 Invoking Teststep: assert {loc} is visible with arguments: [saveMessageText.verify]
07:01:51 Completed Teststep: assert {loc} is visible with arguments: [saveMessageText.verify]
07:01:51 Completed Teststep: Then verify login message for unregistered user while save/review
07:01:51 Competed scenario: verify Review Recipe Action for Guest User with status SUCCESS
07:01:51 

Executing scenario: verify Search Results - verify Search Results -count
07:01:51 Invoking Teststep: Given get '/' with arguments: [/]
07:01:52 Completed Teststep: Given get '/' with arguments: [/]
07:01:52 
/**
* Auto-generated code snippet by QMetry Automation Framework.
*/
@QAFTestStep(description="navigate to recipe page")
public void navigateToRecipePage(){
	//TODO: remove NotYetImplementedException and call test steps
	throw new NotYetImplementedException();
}
07:01:52 Competed scenario: verify Search Results with status FAILURE
07:01:52 

Executing scenario: verify Invalid Search - verify Invalid Search
07:01:52 Invoking Teststep: Given get '/' with arguments: [/]
07:01:53 Completed Teststep: Given get '/' with arguments: [/]
07:01:53 
/**
* Auto-generated code snippet by QMetry Automation Framework.
*/
@QAFTestStep(description="navigate to recipe page")
public void navigateToRecipePage(){
	//TODO: remove NotYetImplementedException and call test steps
	throw new NotYetImplementedException();
}
07:01:53 Competed scenario: verify Invalid Search with status FAILURE
07:01:53 

Executing scenario: Verify SAVES Button functionality - Verify SAVES Button functionality
07:01:53 Invoking Teststep: Given get '/' with arguments: [/]
07:01:54 Completed Teststep: Given get '/' with arguments: [/]
07:01:54 Invoking Teststep: When login as Reg User 'vdhuggis@gmail.com' 'Arjun@17' with arguments: [vdhuggis@gmail.com, Arjun@17]
07:02:00 Invoking Teststep: click on {loc} with arguments: [signInBtn.click]
07:02:00 Completed Teststep: click on {loc} with arguments: [signInBtn.click]
07:02:00 Invoking Teststep: wait until {loc} to be visible with arguments: [logInBtn.click]
07:02:01 Completed Teststep: wait until {loc} to be visible with arguments: [logInBtn.click]
07:02:01 Invoking Teststep: click on {loc} with arguments: [logInBtn.click]
07:02:01 Completed Teststep: click on {loc} with arguments: [logInBtn.click]
07:02:01 Invoking Teststep: wait until {loc} to be visible with arguments: [emailTxt.click]
07:02:01 Completed Teststep: wait until {loc} to be visible with arguments: [emailTxt.click]
07:02:01 Invoking Teststep: click on {loc} with arguments: [emailTxt.click]
07:02:02 Completed Teststep: click on {loc} with arguments: [emailTxt.click]
07:02:02 Invoking Teststep: sendKeys {text} into {loc} with arguments: [vdhuggis@gmail.com, emailTxt.click]
07:02:02 Completed Teststep: sendKeys {text} into {loc} with arguments: [vdhuggis@gmail.com, emailTxt.click]
07:02:02 Invoking Teststep: wait until {loc} to be visible with arguments: [pwdTxt.click]
07:02:02 Completed Teststep: wait until {loc} to be visible with arguments: [pwdTxt.click]
07:02:02 Invoking Teststep: click on {loc} with arguments: [pwdTxt.click]
07:02:02 Completed Teststep: click on {loc} with arguments: [pwdTxt.click]
07:02:02 Invoking Teststep: sendKeys {text} into {loc} with arguments: [Arjun@17?, pwdTxt.click]
07:02:02 Completed Teststep: sendKeys {text} into {loc} with arguments: [Arjun@17?, pwdTxt.click]
07:02:08 Completed Teststep: When login as Reg User 'vdhuggis@gmail.com' 'Arjun@17' with arguments: [vdhuggis@gmail.com, Arjun@17]
07:02:08 Invoking Teststep: Then navigate to search page
07:02:14 Invoking Teststep: wait until {loc} to be visible with arguments: [recipe.search]
07:02:14 Completed Teststep: wait until {loc} to be visible with arguments: [recipe.search]
07:02:14 Invoking Teststep: click on {loc} with arguments: [recipe.search]
07:02:15 Completed Teststep: click on {loc} with arguments: [recipe.search]
07:02:15 Invoking Teststep: wait until {loc} to be visible with arguments: [recipetype.search]
07:02:15 Completed Teststep: wait until {loc} to be visible with arguments: [recipetype.search]
07:02:15 Completed Teststep: Then navigate to search page
07:02:15 Invoking Teststep: Then search recipe 'breakfast pizza' with arguments: [breakfast pizza]
07:02:15 Invoking Teststep: wait until {loc} to be visible with arguments: [recipetype.search]
07:02:15 Completed Teststep: wait until {loc} to be visible with arguments: [recipetype.search]
07:02:15 Invoking Teststep: click on {loc} with arguments: [recipetype.search]
07:02:15 Completed Teststep: click on {loc} with arguments: [recipetype.search]
07:02:15 Invoking Teststep: sendKeys {text} into {loc} with arguments: [breakfast pizza?, recipetype.search]
07:02:15 Completed Teststep: sendKeys {text} into {loc} with arguments: [breakfast pizza?, recipetype.search]
07:02:21 Completed Teststep: Then search recipe 'breakfast pizza' with arguments: [breakfast pizza]
07:02:21 Invoking Teststep: Then select a recipe
07:02:27 Invoking Teststep: wait until {loc} to be visible with arguments: [pizzaRecipeImg.click]
07:02:27 Completed Teststep: wait until {loc} to be visible with arguments: [pizzaRecipeImg.click]
07:02:27 Invoking Teststep: click on {loc} with arguments: [pizzaRecipeImg.click]
07:02:28 Completed Teststep: click on {loc} with arguments: [pizzaRecipeImg.click]
07:02:34 Completed Teststep: Then select a recipe
07:02:34 Invoking Teststep: Then save a recipe
07:02:34 Invoking Teststep: wait until {loc} to be visible with arguments: [saveReceipeBtn.click]
07:03:05 Failure Teststep: wait until {loc} to be visible with arguments: [saveReceipeBtn.click]
com.qmetry.qaf.automation.step.JavaStepReporter$JPThrowable: org.openqa.selenium.TimeoutException: Timed out after 30 seconds: Wait time out for Save a recipe to be visible
Build info: version: '3.141.59', revision: 'e82be7d358', time: '2018-11-14T08:17:03'
System info: host: 'VAIDHUSANTHU', ip: '192.168.0.56', os.name: 'Windows 10', os.arch: 'amd64', os.version: '10.0', java.version: '1.8.0_231'
Driver info: driver.version: unknown
	at com.qmetry.qaf.automation.step.JavaStepReporter$MockJavaStep.doExecute(JavaStepReporter.java:144)
	at com.qmetry.qaf.automation.step.BaseTestStep.execute(BaseTestStep.java:149)
	at com.qmetry.qaf.automation.step.JavaStepReporter.javaTestStep(JavaStepReporter.java:88)
	at com.qmetry.qaf.automation.step.CommonStep.waitForVisible(CommonStep.java:519)
	at com.qmetry.qaf.example.steps.StepsLibrary.saveRecipe_aroundBody8(StepsLibrary.java:71)
	at com.qmetry.qaf.example.steps.StepsLibrary$AjcClosure9.run(StepsLibrary.java:1)
	at org.aspectj.runtime.reflect.JoinPointImpl.proceed(JoinPointImpl.java:149)
	at com.qmetry.qaf.automation.step.JavaStepReporter.javaTestStep(JavaStepReporter.java:101)
	at com.qmetry.qaf.example.steps.StepsLibrary.saveRecipe(StepsLibrary.java:70)
	at sun.reflect.NativeMethodAccessorImpl.invoke0(Native Method)
	at sun.reflect.NativeMethodAccessorImpl.invoke(NativeMethodAccessorImpl.java:62)
	at sun.reflect.DelegatingMethodAccessorImpl.invoke(DelegatingMethodAccessorImpl.java:43)
	at java.lang.reflect.Method.invoke(Method.java:498)
	at com.qmetry.qaf.automation.step.JavaStep.doExecute(JavaStep.java:153)
	at com.qmetry.qaf.automation.step.BaseTestStep.execute(BaseTestStep.java:149)
	at com.qmetry.qaf.automation.step.StringTestStep.execute(StringTestStep.java:134)
	at com.qmetry.qaf.automation.step.client.Scenario.execute(Scenario.java:180)
	at com.qmetry.qaf.automation.step.client.Scenario.scenario(Scenario.java:232)
	at sun.reflect.NativeMethodAccessorImpl.invoke0(Native Method)
	at sun.reflect.NativeMethodAccessorImpl.invoke(NativeMethodAccessorImpl.java:62)
	at sun.reflect.DelegatingMethodAccessorImpl.invoke(DelegatingMethodAccessorImpl.java:43)
	at java.lang.reflect.Method.invoke(Method.java:498)
	at org.testng.internal.MethodInvocationHelper.invokeMethod(MethodInvocationHelper.java:104)
	at org.testng.internal.Invoker.invokeMethod(Invoker.java:645)
	at org.testng.internal.Invoker.invokeTestMethod(Invoker.java:851)
	at org.testng.internal.Invoker.invokeTestMethods(Invoker.java:1177)
	at org.testng.internal.TestMethodWorker.invokeTestMethods(TestMethodWorker.java:129)
	at org.testng.internal.TestMethodWorker.run(TestMethodWorker.java:112)
	at org.testng.TestRunner.privateRun(TestRunner.java:781)
	at org.testng.TestRunner.run(TestRunner.java:635)
	at org.testng.SuiteRunner.runTest(SuiteRunner.java:387)
	at org.testng.SuiteRunner.runSequentially(SuiteRunner.java:382)
	at org.testng.SuiteRunner.privateRun(SuiteRunner.java:340)
	at org.testng.SuiteRunner.run(SuiteRunner.java:289)
	at org.testng.SuiteRunnerWorker.runSuite(SuiteRunnerWorker.java:52)
	at org.testng.SuiteRunnerWorker.run(SuiteRunnerWorker.java:86)
	at org.testng.TestNG.runSuitesSequentially(TestNG.java:1293)
	at org.testng.TestNG.runSuitesLocally(TestNG.java:1218)
	at org.testng.TestNG.runSuites(TestNG.java:1133)
	at org.testng.TestNG.run(TestNG.java:1104)
	at org.testng.remote.AbstractRemoteTestNG.run(AbstractRemoteTestNG.java:115)
	at org.testng.remote.RemoteTestNG.initAndRun(RemoteTestNG.java:251)
	at org.testng.remote.RemoteTestNG.main(RemoteTestNG.java:77)
Caused by: org.openqa.selenium.TimeoutException: Timed out after 30 seconds: Wait time out for Save a recipe to be visible
Build info: version: '3.141.59', revision: 'e82be7d358', time: '2018-11-14T08:17:03'
System info: host: 'VAIDHUSANTHU', ip: '192.168.0.56', os.name: 'Windows 10', os.arch: 'amd64', os.version: '10.0', java.version: '1.8.0_231'
Driver info: driver.version: unknown
	at com.qmetry.qaf.automation.ui.util.DynamicWait.until(DynamicWait.java:170)
	at com.qmetry.qaf.automation.ui.webdriver.QAFExtendedWebElement.waitForVisible(QAFExtendedWebElement.java:535)
	at com.qmetry.qaf.automation.step.CommonStep.waitForVisible_aroundBody42(CommonStep.java:520)
	at com.qmetry.qaf.automation.step.CommonStep$AjcClosure43.run(CommonStep.java:1)
	at org.aspectj.runtime.reflect.JoinPointImpl.proceed(JoinPointImpl.java:149)
	at com.qmetry.qaf.automation.step.JavaStepReporter$MockJavaStep.doExecute(JavaStepReporter.java:138)
	... 42 more
07:03:05 Completed Teststep: wait until {loc} to be visible with arguments: [saveReceipeBtn.click]
07:03:05 Failure Teststep: Then save a recipe
org.openqa.selenium.TimeoutException: Timed out after 30 seconds: Wait time out for Save a recipe to be visible
Build info: version: '3.141.59', revision: 'e82be7d358', time: '2018-11-14T08:17:03'
System info: host: 'VAIDHUSANTHU', ip: '192.168.0.56', os.name: 'Windows 10', os.arch: 'amd64', os.version: '10.0', java.version: '1.8.0_231'
Driver info: driver.version: unknown
	at com.qmetry.qaf.automation.ui.util.DynamicWait.until(DynamicWait.java:170)
	at com.qmetry.qaf.automation.ui.webdriver.QAFExtendedWebElement.waitForVisible(QAFExtendedWebElement.java:535)
	at com.qmetry.qaf.automation.step.CommonStep.waitForVisible_aroundBody42(CommonStep.java:520)
	at com.qmetry.qaf.automation.step.CommonStep$AjcClosure43.run(CommonStep.java:1)
	at org.aspectj.runtime.reflect.JoinPointImpl.proceed(JoinPointImpl.java:149)
	at com.qmetry.qaf.automation.step.JavaStepReporter$MockJavaStep.doExecute(JavaStepReporter.java:138)
	at com.qmetry.qaf.automation.step.BaseTestStep.execute(BaseTestStep.java:149)
	at com.qmetry.qaf.automation.step.JavaStepReporter.javaTestStep(JavaStepReporter.java:88)
	at com.qmetry.qaf.automation.step.CommonStep.waitForVisible(CommonStep.java:519)
	at com.qmetry.qaf.example.steps.StepsLibrary.saveRecipe_aroundBody8(StepsLibrary.java:71)
	at com.qmetry.qaf.example.steps.StepsLibrary$AjcClosure9.run(StepsLibrary.java:1)
	at org.aspectj.runtime.reflect.JoinPointImpl.proceed(JoinPointImpl.java:149)
	at com.qmetry.qaf.automation.step.JavaStepReporter.javaTestStep(JavaStepReporter.java:101)
	at com.qmetry.qaf.example.steps.StepsLibrary.saveRecipe(StepsLibrary.java:70)
	at sun.reflect.NativeMethodAccessorImpl.invoke0(Native Method)
	at sun.reflect.NativeMethodAccessorImpl.invoke(NativeMethodAccessorImpl.java:62)
	at sun.reflect.DelegatingMethodAccessorImpl.invoke(DelegatingMethodAccessorImpl.java:43)
	at java.lang.reflect.Method.invoke(Method.java:498)
	at com.qmetry.qaf.automation.step.JavaStep.doExecute(JavaStep.java:153)
	at com.qmetry.qaf.automation.step.BaseTestStep.execute(BaseTestStep.java:149)
	at com.qmetry.qaf.automation.step.StringTestStep.execute(StringTestStep.java:134)
	at com.qmetry.qaf.automation.step.client.Scenario.execute(Scenario.java:180)
	at com.qmetry.qaf.automation.step.client.Scenario.scenario(Scenario.java:232)
	at sun.reflect.NativeMethodAccessorImpl.invoke0(Native Method)
	at sun.reflect.NativeMethodAccessorImpl.invoke(NativeMethodAccessorImpl.java:62)
	at sun.reflect.DelegatingMethodAccessorImpl.invoke(DelegatingMethodAccessorImpl.java:43)
	at java.lang.reflect.Method.invoke(Method.java:498)
	at org.testng.internal.MethodInvocationHelper.invokeMethod(MethodInvocationHelper.java:104)
	at org.testng.internal.Invoker.invokeMethod(Invoker.java:645)
	at org.testng.internal.Invoker.invokeTestMethod(Invoker.java:851)
	at org.testng.internal.Invoker.invokeTestMethods(Invoker.java:1177)
	at org.testng.internal.TestMethodWorker.invokeTestMethods(TestMethodWorker.java:129)
	at org.testng.internal.TestMethodWorker.run(TestMethodWorker.java:112)
	at org.testng.TestRunner.privateRun(TestRunner.java:781)
	at org.testng.TestRunner.run(TestRunner.java:635)
	at org.testng.SuiteRunner.runTest(SuiteRunner.java:387)
	at org.testng.SuiteRunner.runSequentially(SuiteRunner.java:382)
	at org.testng.SuiteRunner.privateRun(SuiteRunner.java:340)
	at org.testng.SuiteRunner.run(SuiteRunner.java:289)
	at org.testng.SuiteRunnerWorker.runSuite(SuiteRunnerWorker.java:52)
	at org.testng.SuiteRunnerWorker.run(SuiteRunnerWorker.java:86)
	at org.testng.TestNG.runSuitesSequentially(TestNG.java:1293)
	at org.testng.TestNG.runSuitesLocally(TestNG.java:1218)
	at org.testng.TestNG.runSuites(TestNG.java:1133)
	at org.testng.TestNG.run(TestNG.java:1104)
	at org.testng.remote.AbstractRemoteTestNG.run(AbstractRemoteTestNG.java:115)
	at org.testng.remote.RemoteTestNG.initAndRun(RemoteTestNG.java:251)
	at org.testng.remote.RemoteTestNG.main(RemoteTestNG.java:77)
07:03:05 Completed Teststep: Then save a recipe
07:03:05 Competed scenario: Verify SAVES Button functionality with status FAILURE
07:21:58 scenario.file.loc[Ljava.lang.String;@42607a4f
07:21:58 loading BDD file: C:\Users\vaidh\eclipse-workspace\foodautomation\.\scenarios\smoketest.bdd
07:21:58 total test found: 6
07:21:58 

Executing scenario: verify Test Food Receipe Title - verify Test Food Receipe Title
07:21:58 pkg: com.qmetry.qaf.automation.step
07:21:59 pkg: com.qmetry.qaf.example
07:21:59 Found duplicate step to load [] with [lower] prority then []
07:21:59 Invoking Teststep: Given get '/' with arguments: [/]
07:22:07 Completed Teststep: Given get '/' with arguments: [/]
07:22:07 Invoking Teststep: When navigate To Recipes page
07:22:44 Failure Teststep: When navigate To Recipes page
org.openqa.selenium.TimeoutException: Timed out after 30 seconds waiting for presence of element located by: By.cssSelector: a[href='https://www.food.com/recipe?ref=nav']
	at com.qmetry.qaf.automation.ui.util.DynamicWait.until(DynamicWait.java:170)
	at com.qmetry.qaf.automation.ui.webdriver.QAFExtendedWebDriver.load(QAFExtendedWebDriver.java:215)
	at com.qmetry.qaf.automation.ui.webdriver.QAFExtendedWebElement.load(QAFExtendedWebElement.java:299)
	at com.qmetry.qaf.automation.ui.webdriver.QAFExtendedWebElement.execute(QAFExtendedWebElement.java:250)
	at org.openqa.selenium.remote.RemoteWebElement.click(RemoteWebElement.java:84)
	at com.qmetry.qaf.automation.step.CommonStep.click_aroundBody38(CommonStep.java:460)
	at com.qmetry.qaf.automation.step.CommonStep$AjcClosure39.run(CommonStep.java:1)
	at org.aspectj.runtime.reflect.JoinPointImpl.proceed(JoinPointImpl.java:149)
	at com.qmetry.qaf.automation.step.JavaStepReporter.javaTestStep(JavaStepReporter.java:101)
	at com.qmetry.qaf.automation.step.CommonStep.click(CommonStep.java:459)
	at com.qmetry.qaf.example.steps.StepsLibrary.navigateToRecipes(StepsLibrary.java:30)
	at sun.reflect.NativeMethodAccessorImpl.invoke0(Native Method)
	at sun.reflect.NativeMethodAccessorImpl.invoke(NativeMethodAccessorImpl.java:62)
	at sun.reflect.DelegatingMethodAccessorImpl.invoke(DelegatingMethodAccessorImpl.java:43)
	at java.lang.reflect.Method.invoke(Method.java:498)
	at com.qmetry.qaf.automation.step.JavaStep.doExecute(JavaStep.java:153)
	at com.qmetry.qaf.automation.step.BaseTestStep.execute(BaseTestStep.java:149)
	at com.qmetry.qaf.automation.step.StringTestStep.execute(StringTestStep.java:134)
	at com.qmetry.qaf.automation.step.client.Scenario.execute(Scenario.java:180)
	at com.qmetry.qaf.automation.step.client.Scenario.scenario(Scenario.java:232)
	at sun.reflect.NativeMethodAccessorImpl.invoke0(Native Method)
	at sun.reflect.NativeMethodAccessorImpl.invoke(NativeMethodAccessorImpl.java:62)
	at sun.reflect.DelegatingMethodAccessorImpl.invoke(DelegatingMethodAccessorImpl.java:43)
	at java.lang.reflect.Method.invoke(Method.java:498)
	at org.testng.internal.MethodInvocationHelper.invokeMethod(MethodInvocationHelper.java:104)
	at org.testng.internal.Invoker.invokeMethod(Invoker.java:645)
	at org.testng.internal.Invoker.invokeTestMethod(Invoker.java:851)
	at org.testng.internal.Invoker.invokeTestMethods(Invoker.java:1177)
	at org.testng.internal.TestMethodWorker.invokeTestMethods(TestMethodWorker.java:129)
	at org.testng.internal.TestMethodWorker.run(TestMethodWorker.java:112)
	at org.testng.TestRunner.privateRun(TestRunner.java:781)
	at org.testng.TestRunner.run(TestRunner.java:635)
	at org.testng.SuiteRunner.runTest(SuiteRunner.java:387)
	at org.testng.SuiteRunner.runSequentially(SuiteRunner.java:382)
	at org.testng.SuiteRunner.privateRun(SuiteRunner.java:340)
	at org.testng.SuiteRunner.run(SuiteRunner.java:289)
	at org.testng.SuiteRunnerWorker.runSuite(SuiteRunnerWorker.java:52)
	at org.testng.SuiteRunnerWorker.run(SuiteRunnerWorker.java:86)
	at org.testng.TestNG.runSuitesSequentially(TestNG.java:1293)
	at org.testng.TestNG.runSuitesLocally(TestNG.java:1218)
	at org.testng.TestNG.runSuites(TestNG.java:1133)
	at org.testng.TestNG.run(TestNG.java:1104)
	at org.testng.remote.AbstractRemoteTestNG.run(AbstractRemoteTestNG.java:115)
	at org.testng.remote.RemoteTestNG.initAndRun(RemoteTestNG.java:251)
	at org.testng.remote.RemoteTestNG.main(RemoteTestNG.java:77)
Caused by: org.openqa.selenium.NoSuchElementException: no such element: Unable to locate element: {"method":"css selector","selector":"a[href='https://www.food.com/recipe?ref=nav']"}
  (Session info: chrome=81.0.4044.129)
For documentation on this error, please visit: https://www.seleniumhq.org/exceptions/no_such_element.html
Build info: version: '3.141.59', revision: 'e82be7d358', time: '2018-11-14T08:17:03'
System info: host: 'VAIDHUSANTHU', ip: '192.168.0.56', os.name: 'Windows 10', os.arch: 'amd64', os.version: '10.0', java.version: '1.8.0_231'
Driver info: com.qmetry.qaf.automation.ui.webdriver.QAFExtendedWebDriver
Capabilities {acceptInsecureCerts: false, browserName: chrome, browserVersion: 81.0.4044.129, chrome: {chromedriverVersion: 81.0.4044.69 (6813546031a4b..., userDataDir: C:\Users\vaidh\AppData\Loca...}, goog:chromeOptions: {debuggerAddress: localhost:64189}, javascriptEnabled: true, networkConnectionEnabled: false, pageLoadStrategy: normal, platform: WINDOWS, platformName: WINDOWS, proxy: Proxy(), setWindowRect: true, strictFileInteractability: false, timeouts: {implicit: 0, pageLoad: 300000, script: 30000}, unhandledPromptBehavior: dismiss and notify, webauthn:virtualAuthenticators: true}
Session ID: 1e0eaa62ca277038d38f895a7da93d8e
*** Element info: {Using=css selector, value=a[href='https://www.food.com/recipe?ref=nav']}
	at sun.reflect.GeneratedConstructorAccessor15.newInstance(Unknown Source)
	at sun.reflect.DelegatingConstructorAccessorImpl.newInstance(DelegatingConstructorAccessorImpl.java:45)
	at java.lang.reflect.Constructor.newInstance(Constructor.java:423)
	at org.openqa.selenium.remote.http.W3CHttpResponseCodec.createException(W3CHttpResponseCodec.java:187)
	at org.openqa.selenium.remote.http.W3CHttpResponseCodec.decode(W3CHttpResponseCodec.java:122)
	at org.openqa.selenium.remote.http.W3CHttpResponseCodec.decode(W3CHttpResponseCodec.java:49)
	at org.openqa.selenium.remote.HttpCommandExecutor.execute(HttpCommandExecutor.java:158)
	at org.openqa.selenium.remote.RemoteWebDriver.execute(RemoteWebDriver.java:552)
	at com.qmetry.qaf.automation.ui.webdriver.QAFExtendedWebDriver.execute(QAFExtendedWebDriver.java:235)
	at org.openqa.selenium.remote.RemoteWebDriver.findElement(RemoteWebDriver.java:323)
	at org.openqa.selenium.remote.RemoteWebDriver.findElementByCssSelector(RemoteWebDriver.java:420)
	at com.qmetry.qaf.automation.ui.webdriver.QAFExtendedWebDriver.findElementByCssSelector(QAFExtendedWebDriver.java:369)
	at com.qmetry.qaf.automation.ui.webdriver.QAFExtendedWebDriver.findElementByCssSelector(QAFExtendedWebDriver.java:1)
	at org.openqa.selenium.By$ByCssSelector.findElement(By.java:431)
	at org.openqa.selenium.remote.RemoteWebDriver.findElement(RemoteWebDriver.java:315)
	at com.qmetry.qaf.automation.ui.webdriver.QAFExtendedWebDriver.findElement(QAFExtendedWebDriver.java:170)
	at com.qmetry.qaf.automation.ui.webdriver.QAFExtendedWebDriver.findElement(QAFExtendedWebDriver.java:1)
	at org.openqa.selenium.support.ui.ExpectedConditions$6.apply(ExpectedConditions.java:182)
	at org.openqa.selenium.support.ui.ExpectedConditions$6.apply(ExpectedConditions.java:179)
	at com.qmetry.qaf.automation.ui.util.DynamicWait.until(DynamicWait.java:149)
	... 44 more
07:22:44 Completed Teststep: When navigate To Recipes page
07:22:44 Competed scenario: verify Test Food Receipe Title with status FAILURE
07:22:45 

Executing scenario: verify Save Recipe Action for Guest User - verify Save Recipe for Guest User
07:22:45 Invoking Teststep: Given get '/' with arguments: [/]
07:22:47 Completed Teststep: Given get '/' with arguments: [/]
07:22:47 Invoking Teststep: When navigate to search page
07:22:53 Invoking Teststep: click on {loc} with arguments: [recipe.search]
07:22:54 Completed Teststep: click on {loc} with arguments: [recipe.search]
07:22:54 Invoking Teststep: wait until {loc} to be visible with arguments: [recipetype.search]
07:22:55 Completed Teststep: wait until {loc} to be visible with arguments: [recipetype.search]
07:22:55 Completed Teststep: When navigate to search page
07:22:55 Invoking Teststep: Then search recipe 'breakfast pizza' with arguments: [breakfast pizza]
07:22:55 Invoking Teststep: click on {loc} with arguments: [recipetype.search]
07:22:55 Completed Teststep: click on {loc} with arguments: [recipetype.search]
07:22:55 Invoking Teststep: sendKeys {text} into {loc} with arguments: [breakfast pizza?, recipetype.search]
07:22:56 Completed Teststep: sendKeys {text} into {loc} with arguments: [breakfast pizza?, recipetype.search]
07:23:02 Completed Teststep: Then search recipe 'breakfast pizza' with arguments: [breakfast pizza]
07:23:02 Invoking Teststep: Then select a recipe
07:23:08 Invoking Teststep: click on {loc} with arguments: [pizzaRecipeImg.click]
07:23:08 Completed Teststep: click on {loc} with arguments: [pizzaRecipeImg.click]
07:23:14 Completed Teststep: Then select a recipe
07:23:14 Invoking Teststep: Then save a recipe
07:23:15 Invoking Teststep: click on {loc} with arguments: [saveReceipeBtn.click]
07:23:15 Completed Teststep: click on {loc} with arguments: [saveReceipeBtn.click]
07:23:21 Completed Teststep: Then save a recipe
07:23:21 Invoking Teststep: Then verify login message for unregistered user while save/review
07:23:27 Invoking Teststep: assert {loc} is visible with arguments: [saveMessageText.verify]
07:23:27 Completed Teststep: assert {loc} is visible with arguments: [saveMessageText.verify]
07:23:27 Completed Teststep: Then verify login message for unregistered user while save/review
07:23:27 Competed scenario: verify Save Recipe Action for Guest User with status SUCCESS
07:23:27 

Executing scenario: verify Review Recipe Action for Guest User - verify Review Recipe for Guest User
07:23:27 Invoking Teststep: Given get '/' with arguments: [/]
07:23:28 Completed Teststep: Given get '/' with arguments: [/]
07:23:28 Invoking Teststep: When navigate to search page
07:23:34 Invoking Teststep: click on {loc} with arguments: [recipe.search]
07:23:34 Completed Teststep: click on {loc} with arguments: [recipe.search]
07:23:34 Invoking Teststep: wait until {loc} to be visible with arguments: [recipetype.search]
07:23:35 Completed Teststep: wait until {loc} to be visible with arguments: [recipetype.search]
07:23:35 Completed Teststep: When navigate to search page
07:23:35 Invoking Teststep: Then search recipe 'breakfast pizza' with arguments: [breakfast pizza]
07:23:35 Invoking Teststep: click on {loc} with arguments: [recipetype.search]
07:23:35 Completed Teststep: click on {loc} with arguments: [recipetype.search]
07:23:35 Invoking Teststep: sendKeys {text} into {loc} with arguments: [breakfast pizza?, recipetype.search]
07:23:36 Completed Teststep: sendKeys {text} into {loc} with arguments: [breakfast pizza?, recipetype.search]
07:23:42 Completed Teststep: Then search recipe 'breakfast pizza' with arguments: [breakfast pizza]
07:23:42 Invoking Teststep: Then select a recipe
07:23:48 Invoking Teststep: click on {loc} with arguments: [pizzaRecipeImg.click]
07:23:48 Completed Teststep: click on {loc} with arguments: [pizzaRecipeImg.click]
07:23:54 Completed Teststep: Then select a recipe
07:23:54 Invoking Teststep: Then click on review btn
07:23:54 Invoking Teststep: click on {loc} with arguments: [reviewBtn.click]
07:23:55 Completed Teststep: click on {loc} with arguments: [reviewBtn.click]
07:24:01 Completed Teststep: Then click on review btn
07:24:01 Invoking Teststep: Then write a review 'Good' with arguments: [Good]
07:24:07 Invoking Teststep: sendKeys {text} into {loc} with arguments: [Good?, writeReview.click]
07:24:07 Completed Teststep: sendKeys {text} into {loc} with arguments: [Good?, writeReview.click]
07:24:13 Completed Teststep: Then write a review 'Good' with arguments: [Good]
07:24:13 Invoking Teststep: Then verify login message for unregistered user while save/review
07:24:19 Invoking Teststep: assert {loc} is visible with arguments: [saveMessageText.verify]
07:24:19 Completed Teststep: assert {loc} is visible with arguments: [saveMessageText.verify]
07:24:19 Completed Teststep: Then verify login message for unregistered user while save/review
07:24:19 Competed scenario: verify Review Recipe Action for Guest User with status SUCCESS
07:24:19 

Executing scenario: verify Search Results - verify Search Results -count
07:24:19 Invoking Teststep: Given get '/' with arguments: [/]
07:24:20 Completed Teststep: Given get '/' with arguments: [/]
07:24:20 
/**
* Auto-generated code snippet by QMetry Automation Framework.
*/
@QAFTestStep(description="navigate to recipe page")
public void navigateToRecipePage(){
	//TODO: remove NotYetImplementedException and call test steps
	throw new NotYetImplementedException();
}
07:24:20 Competed scenario: verify Search Results with status FAILURE
07:24:20 

Executing scenario: verify Invalid Search - verify Invalid Search
07:24:20 Invoking Teststep: Given get '/' with arguments: [/]
07:24:21 Completed Teststep: Given get '/' with arguments: [/]
07:24:21 
/**
* Auto-generated code snippet by QMetry Automation Framework.
*/
@QAFTestStep(description="navigate to recipe page")
public void navigateToRecipePage(){
	//TODO: remove NotYetImplementedException and call test steps
	throw new NotYetImplementedException();
}
07:24:21 Competed scenario: verify Invalid Search with status FAILURE
07:24:21 

Executing scenario: Verify SAVES Button functionality - Verify SAVES Button functionality
07:24:21 Invoking Teststep: Given get '/' with arguments: [/]
07:24:22 Completed Teststep: Given get '/' with arguments: [/]
07:24:22 Invoking Teststep: When login as Reg User 'vdhuggis@gmail.com' 'Arjun@17' with arguments: [vdhuggis@gmail.com, Arjun@17]
07:24:28 Invoking Teststep: wait until {loc} to be visible with arguments: [logInBtn.click]
07:24:30 Completed Teststep: wait until {loc} to be visible with arguments: [logInBtn.click]
07:24:30 Invoking Teststep: click on {loc} with arguments: [logInBtn.click]
07:24:30 Completed Teststep: click on {loc} with arguments: [logInBtn.click]
07:24:30 Invoking Teststep: wait until {loc} to be visible with arguments: [emailTxt.click]
07:24:30 Completed Teststep: wait until {loc} to be visible with arguments: [emailTxt.click]
07:24:30 Invoking Teststep: click on {loc} with arguments: [emailTxt.click]
07:24:30 Completed Teststep: click on {loc} with arguments: [emailTxt.click]
07:24:30 Invoking Teststep: sendKeys {text} into {loc} with arguments: [vdhuggis@gmail.com, emailTxt.click]
07:24:30 Completed Teststep: sendKeys {text} into {loc} with arguments: [vdhuggis@gmail.com, emailTxt.click]
07:24:30 Invoking Teststep: wait until {loc} to be visible with arguments: [pwdTxt.click]
07:24:30 Completed Teststep: wait until {loc} to be visible with arguments: [pwdTxt.click]
07:24:30 Invoking Teststep: click on {loc} with arguments: [pwdTxt.click]
07:24:30 Completed Teststep: click on {loc} with arguments: [pwdTxt.click]
07:24:30 Invoking Teststep: sendKeys {text} into {loc} with arguments: [Arjun@17?, pwdTxt.click]
07:24:30 Completed Teststep: sendKeys {text} into {loc} with arguments: [Arjun@17?, pwdTxt.click]
07:24:36 Completed Teststep: When login as Reg User 'vdhuggis@gmail.com' 'Arjun@17' with arguments: [vdhuggis@gmail.com, Arjun@17]
07:24:36 Invoking Teststep: Then navigate to search page
07:24:42 Invoking Teststep: click on {loc} with arguments: [recipe.search]
07:24:43 Completed Teststep: click on {loc} with arguments: [recipe.search]
07:24:43 Invoking Teststep: wait until {loc} to be visible with arguments: [recipetype.search]
07:24:43 Completed Teststep: wait until {loc} to be visible with arguments: [recipetype.search]
07:24:43 Completed Teststep: Then navigate to search page
07:24:43 Invoking Teststep: Then search recipe 'breakfast pizza' with arguments: [breakfast pizza]
07:24:44 Invoking Teststep: click on {loc} with arguments: [recipetype.search]
07:24:44 Completed Teststep: click on {loc} with arguments: [recipetype.search]
07:24:44 Invoking Teststep: sendKeys {text} into {loc} with arguments: [breakfast pizza?, recipetype.search]
07:24:44 Completed Teststep: sendKeys {text} into {loc} with arguments: [breakfast pizza?, recipetype.search]
07:24:50 Completed Teststep: Then search recipe 'breakfast pizza' with arguments: [breakfast pizza]
07:24:50 Invoking Teststep: Then select a recipe
07:24:56 Invoking Teststep: click on {loc} with arguments: [pizzaRecipeImg.click]
07:24:57 Completed Teststep: click on {loc} with arguments: [pizzaRecipeImg.click]
07:25:03 Completed Teststep: Then select a recipe
07:25:03 Invoking Teststep: Then save a recipe
07:25:03 Invoking Teststep: click on {loc} with arguments: [saveReceipeBtn.click]
07:25:03 Completed Teststep: click on {loc} with arguments: [saveReceipeBtn.click]
07:25:09 Completed Teststep: Then save a recipe
07:25:09 
/**
* Auto-generated code snippet by QMetry Automation Framework.
*/
@QAFTestStep(description="verify saved recipe msg for Reg User")
public void verifySavedRecipeMsgForRegUser(){
	//TODO: remove NotYetImplementedException and call test steps
	throw new NotYetImplementedException();
}
07:25:09 Competed scenario: Verify SAVES Button functionality with status FAILURE
07:31:36 scenario.file.loc[Ljava.lang.String;@42607a4f
07:31:36 loading BDD file: C:\Users\vaidh\eclipse-workspace\foodautomation\.\scenarios\smoketest.bdd
07:31:36 total test found: 6
07:31:37 

Executing scenario: verify Test Food Receipe Title - verify Test Food Receipe Title
07:31:37 pkg: com.qmetry.qaf.automation.step
07:31:37 pkg: com.qmetry.qaf.example
07:31:37 Found duplicate step to load [] with [lower] prority then []
07:31:37 Invoking Teststep: Given get '/' with arguments: [/]
07:31:46 Completed Teststep: Given get '/' with arguments: [/]
07:31:46 Invoking Teststep: When navigate To Recipes page
07:31:54 Completed Teststep: When navigate To Recipes page
07:31:54 
/**
* Auto-generated code snippet by QMetry Automation Framework.
*/
@QAFTestStep(description="verify text is RECIPES")
public void verifyTextIsRECIPES(){
	//TODO: remove NotYetImplementedException and call test steps
	throw new NotYetImplementedException();
}
07:31:54 Competed scenario: verify Test Food Receipe Title with status FAILURE
07:31:54 

Executing scenario: verify Save Recipe Action for Guest User - verify Save Recipe for Guest User
07:31:54 Invoking Teststep: Given get '/' with arguments: [/]
07:31:55 Completed Teststep: Given get '/' with arguments: [/]
07:31:55 Invoking Teststep: When navigate to search page
07:32:01 Invoking Teststep: click on {loc} with arguments: [recipe.search]
07:32:02 Completed Teststep: click on {loc} with arguments: [recipe.search]
07:32:02 Invoking Teststep: wait until {loc} to be visible with arguments: [recipetype.search]
07:32:03 Completed Teststep: wait until {loc} to be visible with arguments: [recipetype.search]
07:32:03 Completed Teststep: When navigate to search page
07:32:03 Invoking Teststep: Then search recipe 'breakfast pizza' with arguments: [breakfast pizza]
07:32:03 Invoking Teststep: click on {loc} with arguments: [recipetype.search]
07:32:03 Completed Teststep: click on {loc} with arguments: [recipetype.search]
07:32:03 Invoking Teststep: sendKeys {text} into {loc} with arguments: [breakfast pizza?, recipetype.search]
07:32:03 Completed Teststep: sendKeys {text} into {loc} with arguments: [breakfast pizza?, recipetype.search]
07:32:09 Completed Teststep: Then search recipe 'breakfast pizza' with arguments: [breakfast pizza]
07:32:09 Invoking Teststep: Then select a recipe
07:32:15 Invoking Teststep: click on {loc} with arguments: [pizzaRecipeImg.click]
07:32:16 Completed Teststep: click on {loc} with arguments: [pizzaRecipeImg.click]
07:32:22 Completed Teststep: Then select a recipe
07:32:22 Invoking Teststep: Then save a recipe
07:32:22 Invoking Teststep: click on {loc} with arguments: [saveReceipeBtn.click]
07:32:22 Completed Teststep: click on {loc} with arguments: [saveReceipeBtn.click]
07:32:28 Completed Teststep: Then save a recipe
07:32:28 Invoking Teststep: Then verify login message for unregistered user while save/review
07:32:34 Invoking Teststep: assert {loc} is visible with arguments: [saveMessageText.verify]
07:32:35 Completed Teststep: assert {loc} is visible with arguments: [saveMessageText.verify]
07:32:35 Completed Teststep: Then verify login message for unregistered user while save/review
07:32:35 Competed scenario: verify Save Recipe Action for Guest User with status SUCCESS
07:32:35 

Executing scenario: verify Review Recipe Action for Guest User - verify Review Recipe for Guest User
07:32:35 Invoking Teststep: Given get '/' with arguments: [/]
07:32:36 Completed Teststep: Given get '/' with arguments: [/]
07:32:36 Invoking Teststep: When navigate to search page
07:32:42 Invoking Teststep: click on {loc} with arguments: [recipe.search]
07:32:43 Completed Teststep: click on {loc} with arguments: [recipe.search]
07:32:43 Invoking Teststep: wait until {loc} to be visible with arguments: [recipetype.search]
07:32:43 Completed Teststep: wait until {loc} to be visible with arguments: [recipetype.search]
07:32:43 Completed Teststep: When navigate to search page
07:32:43 Invoking Teststep: Then search recipe 'breakfast pizza' with arguments: [breakfast pizza]
07:32:43 Invoking Teststep: click on {loc} with arguments: [recipetype.search]
07:32:44 Completed Teststep: click on {loc} with arguments: [recipetype.search]
07:32:44 Invoking Teststep: sendKeys {text} into {loc} with arguments: [breakfast pizza?, recipetype.search]
07:32:44 Completed Teststep: sendKeys {text} into {loc} with arguments: [breakfast pizza?, recipetype.search]
07:32:50 Completed Teststep: Then search recipe 'breakfast pizza' with arguments: [breakfast pizza]
07:32:50 Invoking Teststep: Then select a recipe
07:32:56 Invoking Teststep: click on {loc} with arguments: [pizzaRecipeImg.click]
07:32:57 Completed Teststep: click on {loc} with arguments: [pizzaRecipeImg.click]
07:33:03 Completed Teststep: Then select a recipe
07:33:03 Invoking Teststep: Then click on review btn
07:33:03 Invoking Teststep: click on {loc} with arguments: [reviewBtn.click]
07:33:03 Completed Teststep: click on {loc} with arguments: [reviewBtn.click]
07:33:09 Completed Teststep: Then click on review btn
07:33:09 Invoking Teststep: Then write a review 'Good' with arguments: [Good]
07:33:15 Invoking Teststep: sendKeys {text} into {loc} with arguments: [Good?, writeReview.click]
07:33:15 Completed Teststep: sendKeys {text} into {loc} with arguments: [Good?, writeReview.click]
07:33:21 Completed Teststep: Then write a review 'Good' with arguments: [Good]
07:33:21 Invoking Teststep: Then verify login message for unregistered user while save/review
07:33:27 Invoking Teststep: assert {loc} is visible with arguments: [saveMessageText.verify]
07:33:28 Completed Teststep: assert {loc} is visible with arguments: [saveMessageText.verify]
07:33:28 Completed Teststep: Then verify login message for unregistered user while save/review
07:33:28 Competed scenario: verify Review Recipe Action for Guest User with status SUCCESS
07:33:28 

Executing scenario: verify Search Results - verify Search Results -count
07:33:28 Invoking Teststep: Given get '/' with arguments: [/]
07:33:29 Completed Teststep: Given get '/' with arguments: [/]
07:33:29 
/**
* Auto-generated code snippet by QMetry Automation Framework.
*/
@QAFTestStep(description="navigate to recipe page")
public void navigateToRecipePage(){
	//TODO: remove NotYetImplementedException and call test steps
	throw new NotYetImplementedException();
}
07:33:29 Competed scenario: verify Search Results with status FAILURE
07:33:29 

Executing scenario: verify Invalid Search - verify Invalid Search
07:33:29 Invoking Teststep: Given get '/' with arguments: [/]
07:33:30 Completed Teststep: Given get '/' with arguments: [/]
07:33:30 
/**
* Auto-generated code snippet by QMetry Automation Framework.
*/
@QAFTestStep(description="navigate to recipe page")
public void navigateToRecipePage(){
	//TODO: remove NotYetImplementedException and call test steps
	throw new NotYetImplementedException();
}
07:33:30 Competed scenario: verify Invalid Search with status FAILURE
07:33:30 

Executing scenario: Verify SAVES Button functionality - Verify SAVES Button functionality
07:33:30 Invoking Teststep: Given get '/' with arguments: [/]
07:33:31 Completed Teststep: Given get '/' with arguments: [/]
07:33:31 Invoking Teststep: When login as Reg User 'vdhuggis@gmail.com' 'Arjun@17' with arguments: [vdhuggis@gmail.com, Arjun@17]
07:33:37 Invoking Teststep: wait until {loc} to be visible with arguments: [logInBtn.click]
07:33:38 Completed Teststep: wait until {loc} to be visible with arguments: [logInBtn.click]
07:33:38 Invoking Teststep: click on {loc} with arguments: [logInBtn.click]
07:33:38 Completed Teststep: click on {loc} with arguments: [logInBtn.click]
07:33:38 Invoking Teststep: wait until {loc} to be visible with arguments: [emailTxt.click]
07:33:38 Completed Teststep: wait until {loc} to be visible with arguments: [emailTxt.click]
07:33:38 Invoking Teststep: click on {loc} with arguments: [emailTxt.click]
07:33:38 Completed Teststep: click on {loc} with arguments: [emailTxt.click]
07:33:38 Invoking Teststep: sendKeys {text} into {loc} with arguments: [vdhuggis@gmail.com, emailTxt.click]
07:33:39 Completed Teststep: sendKeys {text} into {loc} with arguments: [vdhuggis@gmail.com, emailTxt.click]
07:33:39 Invoking Teststep: wait until {loc} to be visible with arguments: [pwdTxt.click]
07:33:39 Completed Teststep: wait until {loc} to be visible with arguments: [pwdTxt.click]
07:33:39 Invoking Teststep: click on {loc} with arguments: [pwdTxt.click]
07:33:39 Completed Teststep: click on {loc} with arguments: [pwdTxt.click]
07:33:39 Invoking Teststep: sendKeys {text} into {loc} with arguments: [Arjun@17?, pwdTxt.click]
07:33:39 Completed Teststep: sendKeys {text} into {loc} with arguments: [Arjun@17?, pwdTxt.click]
07:33:45 Completed Teststep: When login as Reg User 'vdhuggis@gmail.com' 'Arjun@17' with arguments: [vdhuggis@gmail.com, Arjun@17]
07:33:45 Invoking Teststep: Then navigate to search page
07:33:51 Invoking Teststep: click on {loc} with arguments: [recipe.search]
07:33:52 Completed Teststep: click on {loc} with arguments: [recipe.search]
07:33:52 Invoking Teststep: wait until {loc} to be visible with arguments: [recipetype.search]
07:33:52 Completed Teststep: wait until {loc} to be visible with arguments: [recipetype.search]
07:33:52 Completed Teststep: Then navigate to search page
07:33:52 Invoking Teststep: Then search recipe 'breakfast pizza' with arguments: [breakfast pizza]
07:33:52 Invoking Teststep: click on {loc} with arguments: [recipetype.search]
07:33:53 Completed Teststep: click on {loc} with arguments: [recipetype.search]
07:33:53 Invoking Teststep: sendKeys {text} into {loc} with arguments: [breakfast pizza?, recipetype.search]
07:33:53 Completed Teststep: sendKeys {text} into {loc} with arguments: [breakfast pizza?, recipetype.search]
07:33:59 Completed Teststep: Then search recipe 'breakfast pizza' with arguments: [breakfast pizza]
07:33:59 Invoking Teststep: Then select a recipe
07:34:05 Invoking Teststep: click on {loc} with arguments: [pizzaRecipeImg.click]
07:34:06 Completed Teststep: click on {loc} with arguments: [pizzaRecipeImg.click]
07:34:12 Completed Teststep: Then select a recipe
07:34:12 Invoking Teststep: Then save a recipe
07:34:42 Failure Teststep: Then save a recipe
org.openqa.selenium.TimeoutException: Timed out after 30 seconds: Wait time out for Save a recipe to be visible
Build info: version: '3.141.59', revision: 'e82be7d358', time: '2018-11-14T08:17:03'
System info: host: 'VAIDHUSANTHU', ip: '192.168.0.56', os.name: 'Windows 10', os.arch: 'amd64', os.version: '10.0', java.version: '1.8.0_231'
Driver info: driver.version: unknown
	at com.qmetry.qaf.automation.ui.util.DynamicWait.until(DynamicWait.java:170)
	at com.qmetry.qaf.automation.ui.webdriver.QAFExtendedWebElement.waitForVisible(QAFExtendedWebElement.java:535)
	at com.qmetry.qaf.automation.step.CommonStep.waitForVisible_aroundBody42(CommonStep.java:520)
	at com.qmetry.qaf.automation.step.CommonStep$AjcClosure43.run(CommonStep.java:1)
	at org.aspectj.runtime.reflect.JoinPointImpl.proceed(JoinPointImpl.java:149)
	at com.qmetry.qaf.automation.step.JavaStepReporter.javaTestStep(JavaStepReporter.java:101)
	at com.qmetry.qaf.automation.step.CommonStep.waitForVisible(CommonStep.java:519)
	at com.qmetry.qaf.example.steps.StepsLibrary.saveRecipe(StepsLibrary.java:71)
	at sun.reflect.NativeMethodAccessorImpl.invoke0(Native Method)
	at sun.reflect.NativeMethodAccessorImpl.invoke(NativeMethodAccessorImpl.java:62)
	at sun.reflect.DelegatingMethodAccessorImpl.invoke(DelegatingMethodAccessorImpl.java:43)
	at java.lang.reflect.Method.invoke(Method.java:498)
	at com.qmetry.qaf.automation.step.JavaStep.doExecute(JavaStep.java:153)
	at com.qmetry.qaf.automation.step.BaseTestStep.execute(BaseTestStep.java:149)
	at com.qmetry.qaf.automation.step.StringTestStep.execute(StringTestStep.java:134)
	at com.qmetry.qaf.automation.step.client.Scenario.execute(Scenario.java:180)
	at com.qmetry.qaf.automation.step.client.Scenario.scenario(Scenario.java:232)
	at sun.reflect.NativeMethodAccessorImpl.invoke0(Native Method)
	at sun.reflect.NativeMethodAccessorImpl.invoke(NativeMethodAccessorImpl.java:62)
	at sun.reflect.DelegatingMethodAccessorImpl.invoke(DelegatingMethodAccessorImpl.java:43)
	at java.lang.reflect.Method.invoke(Method.java:498)
	at org.testng.internal.MethodInvocationHelper.invokeMethod(MethodInvocationHelper.java:104)
	at org.testng.internal.Invoker.invokeMethod(Invoker.java:645)
	at org.testng.internal.Invoker.invokeTestMethod(Invoker.java:851)
	at org.testng.internal.Invoker.invokeTestMethods(Invoker.java:1177)
	at org.testng.internal.TestMethodWorker.invokeTestMethods(TestMethodWorker.java:129)
	at org.testng.internal.TestMethodWorker.run(TestMethodWorker.java:112)
	at org.testng.TestRunner.privateRun(TestRunner.java:781)
	at org.testng.TestRunner.run(TestRunner.java:635)
	at org.testng.SuiteRunner.runTest(SuiteRunner.java:387)
	at org.testng.SuiteRunner.runSequentially(SuiteRunner.java:382)
	at org.testng.SuiteRunner.privateRun(SuiteRunner.java:340)
	at org.testng.SuiteRunner.run(SuiteRunner.java:289)
	at org.testng.SuiteRunnerWorker.runSuite(SuiteRunnerWorker.java:52)
	at org.testng.SuiteRunnerWorker.run(SuiteRunnerWorker.java:86)
	at org.testng.TestNG.runSuitesSequentially(TestNG.java:1293)
	at org.testng.TestNG.runSuitesLocally(TestNG.java:1218)
	at org.testng.TestNG.runSuites(TestNG.java:1133)
	at org.testng.TestNG.run(TestNG.java:1104)
	at org.testng.remote.AbstractRemoteTestNG.run(AbstractRemoteTestNG.java:115)
	at org.testng.remote.RemoteTestNG.initAndRun(RemoteTestNG.java:251)
	at org.testng.remote.RemoteTestNG.main(RemoteTestNG.java:77)
07:34:42 Completed Teststep: Then save a recipe
07:34:42 Competed scenario: Verify SAVES Button functionality with status FAILURE
07:37:28 scenario.file.loc[Ljava.lang.String;@42607a4f
07:37:28 loading BDD file: C:\Users\vaidh\eclipse-workspace\foodautomation\.\scenarios\smoketest.bdd
07:37:28 total test found: 5
07:37:28 

Executing scenario: verify Test Food Receipe Title - verify Test Food Receipe Title
07:37:28 pkg: com.qmetry.qaf.automation.step
07:37:28 pkg: com.qmetry.qaf.example
07:37:28 Found duplicate step to load [] with [lower] prority then []
07:37:28 Invoking Teststep: Given get '/' with arguments: [/]
07:37:37 Completed Teststep: Given get '/' with arguments: [/]
07:37:37 Invoking Teststep: When navigate To Recipes page
07:37:46 Completed Teststep: When navigate To Recipes page
07:37:46 
/**
* Auto-generated code snippet by QMetry Automation Framework.
*/
@QAFTestStep(description="verify text is RECIPES")
public void verifyTextIsRECIPES(){
	//TODO: remove NotYetImplementedException and call test steps
	throw new NotYetImplementedException();
}
07:37:46 Competed scenario: verify Test Food Receipe Title with status FAILURE
07:37:47 

Executing scenario: verify Save Recipe Action for Guest User - verify Save Recipe for Guest User
07:37:47 Invoking Teststep: Given get '/' with arguments: [/]
07:37:47 Completed Teststep: Given get '/' with arguments: [/]
07:37:47 Invoking Teststep: When navigate to search page
07:37:53 Invoking Teststep: click on {loc} with arguments: [recipe.search]
07:37:54 Completed Teststep: click on {loc} with arguments: [recipe.search]
07:37:54 Invoking Teststep: wait until {loc} to be visible with arguments: [recipetype.search]
07:37:54 Completed Teststep: wait until {loc} to be visible with arguments: [recipetype.search]
07:37:54 Completed Teststep: When navigate to search page
07:37:54 Invoking Teststep: Then search recipe 'breakfast pizza' with arguments: [breakfast pizza]
07:37:55 Invoking Teststep: click on {loc} with arguments: [recipetype.search]
07:37:55 Completed Teststep: click on {loc} with arguments: [recipetype.search]
07:37:55 Invoking Teststep: sendKeys {text} into {loc} with arguments: [breakfast pizza?, recipetype.search]
07:37:55 Completed Teststep: sendKeys {text} into {loc} with arguments: [breakfast pizza?, recipetype.search]
07:38:01 Completed Teststep: Then search recipe 'breakfast pizza' with arguments: [breakfast pizza]
07:38:01 Invoking Teststep: Then select a recipe
07:38:07 Invoking Teststep: click on {loc} with arguments: [pizzaRecipeImg.click]
07:38:10 Completed Teststep: click on {loc} with arguments: [pizzaRecipeImg.click]
07:38:16 Completed Teststep: Then select a recipe
07:38:16 Invoking Teststep: Then save a recipe
07:38:16 Invoking Teststep: click on {loc} with arguments: [saveReceipeBtn.click]
07:38:16 Completed Teststep: click on {loc} with arguments: [saveReceipeBtn.click]
07:38:22 Completed Teststep: Then save a recipe
07:38:22 Invoking Teststep: Then verify login message for unregistered user while save/review
07:38:28 Invoking Teststep: assert {loc} is visible with arguments: [saveMessageText.verify]
07:38:29 Completed Teststep: assert {loc} is visible with arguments: [saveMessageText.verify]
07:38:29 Completed Teststep: Then verify login message for unregistered user while save/review
07:38:29 Competed scenario: verify Save Recipe Action for Guest User with status SUCCESS
07:38:29 

Executing scenario: verify Review Recipe Action for Guest User - verify Review Recipe for Guest User
07:38:29 Invoking Teststep: Given get '/' with arguments: [/]
07:38:30 Completed Teststep: Given get '/' with arguments: [/]
07:38:30 Invoking Teststep: When navigate to search page
07:38:36 Invoking Teststep: click on {loc} with arguments: [recipe.search]
07:38:37 Completed Teststep: click on {loc} with arguments: [recipe.search]
07:38:37 Invoking Teststep: wait until {loc} to be visible with arguments: [recipetype.search]
07:38:37 Completed Teststep: wait until {loc} to be visible with arguments: [recipetype.search]
07:38:37 Completed Teststep: When navigate to search page
07:38:37 Invoking Teststep: Then search recipe 'breakfast pizza' with arguments: [breakfast pizza]
07:38:37 Invoking Teststep: click on {loc} with arguments: [recipetype.search]
07:38:38 Completed Teststep: click on {loc} with arguments: [recipetype.search]
07:38:38 Invoking Teststep: sendKeys {text} into {loc} with arguments: [breakfast pizza?, recipetype.search]
07:38:38 Completed Teststep: sendKeys {text} into {loc} with arguments: [breakfast pizza?, recipetype.search]
07:38:44 Completed Teststep: Then search recipe 'breakfast pizza' with arguments: [breakfast pizza]
07:38:44 Invoking Teststep: Then select a recipe
07:38:50 Invoking Teststep: click on {loc} with arguments: [pizzaRecipeImg.click]
07:38:52 Completed Teststep: click on {loc} with arguments: [pizzaRecipeImg.click]
07:38:58 Completed Teststep: Then select a recipe
07:38:58 Invoking Teststep: Then click on review btn
07:38:58 Invoking Teststep: click on {loc} with arguments: [reviewBtn.click]
07:38:58 Completed Teststep: click on {loc} with arguments: [reviewBtn.click]
07:39:04 Completed Teststep: Then click on review btn
07:39:04 Invoking Teststep: Then write a review 'Good' with arguments: [Good]
07:39:10 Invoking Teststep: sendKeys {text} into {loc} with arguments: [Good?, writeReview.click]
07:39:10 Completed Teststep: sendKeys {text} into {loc} with arguments: [Good?, writeReview.click]
07:39:16 Completed Teststep: Then write a review 'Good' with arguments: [Good]
07:39:16 Invoking Teststep: Then verify login message for unregistered user while save/review
07:39:22 Invoking Teststep: assert {loc} is visible with arguments: [saveMessageText.verify]
07:39:23 Completed Teststep: assert {loc} is visible with arguments: [saveMessageText.verify]
07:39:23 Completed Teststep: Then verify login message for unregistered user while save/review
07:39:23 Competed scenario: verify Review Recipe Action for Guest User with status SUCCESS
07:39:23 

Executing scenario: verify Search Results - verify Search Results -count
07:39:23 Invoking Teststep: Given get '/' with arguments: [/]
07:39:24 Completed Teststep: Given get '/' with arguments: [/]
07:39:24 
/**
* Auto-generated code snippet by QMetry Automation Framework.
*/
@QAFTestStep(description="navigate to recipe page")
public void navigateToRecipePage(){
	//TODO: remove NotYetImplementedException and call test steps
	throw new NotYetImplementedException();
}
07:39:24 Competed scenario: verify Search Results with status FAILURE
07:39:24 

Executing scenario: verify Invalid Search - verify Invalid Search
07:39:24 Invoking Teststep: Given get '/' with arguments: [/]
07:39:25 Completed Teststep: Given get '/' with arguments: [/]
07:39:25 
/**
* Auto-generated code snippet by QMetry Automation Framework.
*/
@QAFTestStep(description="navigate to recipe page")
public void navigateToRecipePage(){
	//TODO: remove NotYetImplementedException and call test steps
	throw new NotYetImplementedException();
}
07:39:25 Competed scenario: verify Invalid Search with status FAILURE
07:49:16 scenario.file.loc[Ljava.lang.String;@42607a4f
07:49:17 loading BDD file: C:\Users\vaidh\eclipse-workspace\foodautomation\.\scenarios\smoketest.bdd
07:49:17 total test found: 6
07:49:17 

Executing scenario: verify Test Food Receipe Title - verify Test Food Receipe Title
07:49:17 pkg: com.qmetry.qaf.automation.step
07:49:17 pkg: com.qmetry.qaf.example
07:49:17 Found duplicate step to load [] with [lower] prority then []
07:49:17 Invoking Teststep: Given get '/' with arguments: [/]
07:49:26 Completed Teststep: Given get '/' with arguments: [/]
07:49:26 Invoking Teststep: When navigate To Recipes page
07:49:32 Invoking Teststep: click on {loc} with arguments: [button.recipe]
07:50:03 Failure Teststep: click on {loc} with arguments: [button.recipe]
com.qmetry.qaf.automation.step.JavaStepReporter$JPThrowable: org.openqa.selenium.TimeoutException: Timed out after 30 seconds waiting for presence of element located by: By.cssSelector: a[href='https://www.food.com/recipe?ref=nav']
	at com.qmetry.qaf.automation.step.JavaStepReporter$MockJavaStep.doExecute(JavaStepReporter.java:144)
	at com.qmetry.qaf.automation.step.BaseTestStep.execute(BaseTestStep.java:149)
	at com.qmetry.qaf.automation.step.JavaStepReporter.javaTestStep(JavaStepReporter.java:88)
	at com.qmetry.qaf.automation.step.CommonStep.click(CommonStep.java:459)
	at com.qmetry.qaf.example.steps.StepsLibrary.navigateToRecipes_aroundBody0(StepsLibrary.java:30)
	at com.qmetry.qaf.example.steps.StepsLibrary$AjcClosure1.run(StepsLibrary.java:1)
	at org.aspectj.runtime.reflect.JoinPointImpl.proceed(JoinPointImpl.java:149)
	at com.qmetry.qaf.automation.step.JavaStepReporter.javaTestStep(JavaStepReporter.java:101)
	at com.qmetry.qaf.example.steps.StepsLibrary.navigateToRecipes(StepsLibrary.java:27)
	at sun.reflect.NativeMethodAccessorImpl.invoke0(Native Method)
	at sun.reflect.NativeMethodAccessorImpl.invoke(NativeMethodAccessorImpl.java:62)
	at sun.reflect.DelegatingMethodAccessorImpl.invoke(DelegatingMethodAccessorImpl.java:43)
	at java.lang.reflect.Method.invoke(Method.java:498)
	at com.qmetry.qaf.automation.step.JavaStep.doExecute(JavaStep.java:153)
	at com.qmetry.qaf.automation.step.BaseTestStep.execute(BaseTestStep.java:149)
	at com.qmetry.qaf.automation.step.StringTestStep.execute(StringTestStep.java:134)
	at com.qmetry.qaf.automation.step.client.Scenario.execute(Scenario.java:180)
	at com.qmetry.qaf.automation.step.client.Scenario.scenario(Scenario.java:232)
	at sun.reflect.NativeMethodAccessorImpl.invoke0(Native Method)
	at sun.reflect.NativeMethodAccessorImpl.invoke(NativeMethodAccessorImpl.java:62)
	at sun.reflect.DelegatingMethodAccessorImpl.invoke(DelegatingMethodAccessorImpl.java:43)
	at java.lang.reflect.Method.invoke(Method.java:498)
	at org.testng.internal.MethodInvocationHelper.invokeMethod(MethodInvocationHelper.java:104)
	at org.testng.internal.Invoker.invokeMethod(Invoker.java:645)
	at org.testng.internal.Invoker.invokeTestMethod(Invoker.java:851)
	at org.testng.internal.Invoker.invokeTestMethods(Invoker.java:1177)
	at org.testng.internal.TestMethodWorker.invokeTestMethods(TestMethodWorker.java:129)
	at org.testng.internal.TestMethodWorker.run(TestMethodWorker.java:112)
	at org.testng.TestRunner.privateRun(TestRunner.java:781)
	at org.testng.TestRunner.run(TestRunner.java:635)
	at org.testng.SuiteRunner.runTest(SuiteRunner.java:387)
	at org.testng.SuiteRunner.runSequentially(SuiteRunner.java:382)
	at org.testng.SuiteRunner.privateRun(SuiteRunner.java:340)
	at org.testng.SuiteRunner.run(SuiteRunner.java:289)
	at org.testng.SuiteRunnerWorker.runSuite(SuiteRunnerWorker.java:52)
	at org.testng.SuiteRunnerWorker.run(SuiteRunnerWorker.java:86)
	at org.testng.TestNG.runSuitesSequentially(TestNG.java:1293)
	at org.testng.TestNG.runSuitesLocally(TestNG.java:1218)
	at org.testng.TestNG.runSuites(TestNG.java:1133)
	at org.testng.TestNG.run(TestNG.java:1104)
	at org.testng.remote.AbstractRemoteTestNG.run(AbstractRemoteTestNG.java:115)
	at org.testng.remote.RemoteTestNG.initAndRun(RemoteTestNG.java:251)
	at org.testng.remote.RemoteTestNG.main(RemoteTestNG.java:77)
Caused by: org.openqa.selenium.TimeoutException: Timed out after 30 seconds waiting for presence of element located by: By.cssSelector: a[href='https://www.food.com/recipe?ref=nav']
	at com.qmetry.qaf.automation.ui.util.DynamicWait.until(DynamicWait.java:170)
	at com.qmetry.qaf.automation.ui.webdriver.QAFExtendedWebDriver.load(QAFExtendedWebDriver.java:215)
	at com.qmetry.qaf.automation.ui.webdriver.QAFExtendedWebElement.load(QAFExtendedWebElement.java:299)
	at com.qmetry.qaf.automation.ui.webdriver.QAFExtendedWebElement.execute(QAFExtendedWebElement.java:250)
	at org.openqa.selenium.remote.RemoteWebElement.click(RemoteWebElement.java:84)
	at com.qmetry.qaf.automation.step.CommonStep.click_aroundBody38(CommonStep.java:460)
	at com.qmetry.qaf.automation.step.CommonStep$AjcClosure39.run(CommonStep.java:1)
	at org.aspectj.runtime.reflect.JoinPointImpl.proceed(JoinPointImpl.java:149)
	at com.qmetry.qaf.automation.step.JavaStepReporter$MockJavaStep.doExecute(JavaStepReporter.java:138)
	... 42 more
Caused by: org.openqa.selenium.NoSuchElementException: no such element: Unable to locate element: {"method":"css selector","selector":"a[href='https://www.food.com/recipe?ref=nav']"}
  (Session info: chrome=81.0.4044.129)
For documentation on this error, please visit: https://www.seleniumhq.org/exceptions/no_such_element.html
Build info: version: '3.141.59', revision: 'e82be7d358', time: '2018-11-14T08:17:03'
System info: host: 'VAIDHUSANTHU', ip: '192.168.0.56', os.name: 'Windows 10', os.arch: 'amd64', os.version: '10.0', java.version: '1.8.0_231'
Driver info: com.qmetry.qaf.automation.ui.webdriver.QAFExtendedWebDriver
Capabilities {acceptInsecureCerts: false, browserName: chrome, browserVersion: 81.0.4044.129, chrome: {chromedriverVersion: 81.0.4044.69 (6813546031a4b..., userDataDir: C:\Users\vaidh\AppData\Loca...}, goog:chromeOptions: {debuggerAddress: localhost:50233}, javascriptEnabled: true, networkConnectionEnabled: false, pageLoadStrategy: normal, platform: WINDOWS, platformName: WINDOWS, proxy: Proxy(), setWindowRect: true, strictFileInteractability: false, timeouts: {implicit: 0, pageLoad: 300000, script: 30000}, unhandledPromptBehavior: dismiss and notify, webauthn:virtualAuthenticators: true}
Session ID: 5cfb44cc375ce689a1ca63894a4cf08c
*** Element info: {Using=css selector, value=a[href='https://www.food.com/recipe?ref=nav']}
	at sun.reflect.GeneratedConstructorAccessor15.newInstance(Unknown Source)
	at sun.reflect.DelegatingConstructorAccessorImpl.newInstance(DelegatingConstructorAccessorImpl.java:45)
	at java.lang.reflect.Constructor.newInstance(Constructor.java:423)
	at org.openqa.selenium.remote.http.W3CHttpResponseCodec.createException(W3CHttpResponseCodec.java:187)
	at org.openqa.selenium.remote.http.W3CHttpResponseCodec.decode(W3CHttpResponseCodec.java:122)
	at org.openqa.selenium.remote.http.W3CHttpResponseCodec.decode(W3CHttpResponseCodec.java:49)
	at org.openqa.selenium.remote.HttpCommandExecutor.execute(HttpCommandExecutor.java:158)
	at org.openqa.selenium.remote.RemoteWebDriver.execute(RemoteWebDriver.java:552)
	at com.qmetry.qaf.automation.ui.webdriver.QAFExtendedWebDriver.execute(QAFExtendedWebDriver.java:235)
	at org.openqa.selenium.remote.RemoteWebDriver.findElement(RemoteWebDriver.java:323)
	at org.openqa.selenium.remote.RemoteWebDriver.findElementByCssSelector(RemoteWebDriver.java:420)
	at com.qmetry.qaf.automation.ui.webdriver.QAFExtendedWebDriver.findElementByCssSelector(QAFExtendedWebDriver.java:369)
	at com.qmetry.qaf.automation.ui.webdriver.QAFExtendedWebDriver.findElementByCssSelector(QAFExtendedWebDriver.java:1)
	at org.openqa.selenium.By$ByCssSelector.findElement(By.java:431)
	at org.openqa.selenium.remote.RemoteWebDriver.findElement(RemoteWebDriver.java:315)
	at com.qmetry.qaf.automation.ui.webdriver.QAFExtendedWebDriver.findElement(QAFExtendedWebDriver.java:170)
	at com.qmetry.qaf.automation.ui.webdriver.QAFExtendedWebDriver.findElement(QAFExtendedWebDriver.java:1)
	at org.openqa.selenium.support.ui.ExpectedConditions$6.apply(ExpectedConditions.java:182)
	at org.openqa.selenium.support.ui.ExpectedConditions$6.apply(ExpectedConditions.java:179)
	at com.qmetry.qaf.automation.ui.util.DynamicWait.until(DynamicWait.java:149)
	... 50 more
07:50:03 Completed Teststep: click on {loc} with arguments: [button.recipe]
07:50:03 Failure Teststep: When navigate To Recipes page
org.openqa.selenium.TimeoutException: Timed out after 30 seconds waiting for presence of element located by: By.cssSelector: a[href='https://www.food.com/recipe?ref=nav']
	at com.qmetry.qaf.automation.ui.util.DynamicWait.until(DynamicWait.java:170)
	at com.qmetry.qaf.automation.ui.webdriver.QAFExtendedWebDriver.load(QAFExtendedWebDriver.java:215)
	at com.qmetry.qaf.automation.ui.webdriver.QAFExtendedWebElement.load(QAFExtendedWebElement.java:299)
	at com.qmetry.qaf.automation.ui.webdriver.QAFExtendedWebElement.execute(QAFExtendedWebElement.java:250)
	at org.openqa.selenium.remote.RemoteWebElement.click(RemoteWebElement.java:84)
	at com.qmetry.qaf.automation.step.CommonStep.click_aroundBody38(CommonStep.java:460)
	at com.qmetry.qaf.automation.step.CommonStep$AjcClosure39.run(CommonStep.java:1)
	at org.aspectj.runtime.reflect.JoinPointImpl.proceed(JoinPointImpl.java:149)
	at com.qmetry.qaf.automation.step.JavaStepReporter$MockJavaStep.doExecute(JavaStepReporter.java:138)
	at com.qmetry.qaf.automation.step.BaseTestStep.execute(BaseTestStep.java:149)
	at com.qmetry.qaf.automation.step.JavaStepReporter.javaTestStep(JavaStepReporter.java:88)
	at com.qmetry.qaf.automation.step.CommonStep.click(CommonStep.java:459)
	at com.qmetry.qaf.example.steps.StepsLibrary.navigateToRecipes_aroundBody0(StepsLibrary.java:30)
	at com.qmetry.qaf.example.steps.StepsLibrary$AjcClosure1.run(StepsLibrary.java:1)
	at org.aspectj.runtime.reflect.JoinPointImpl.proceed(JoinPointImpl.java:149)
	at com.qmetry.qaf.automation.step.JavaStepReporter.javaTestStep(JavaStepReporter.java:101)
	at com.qmetry.qaf.example.steps.StepsLibrary.navigateToRecipes(StepsLibrary.java:27)
	at sun.reflect.NativeMethodAccessorImpl.invoke0(Native Method)
	at sun.reflect.NativeMethodAccessorImpl.invoke(NativeMethodAccessorImpl.java:62)
	at sun.reflect.DelegatingMethodAccessorImpl.invoke(DelegatingMethodAccessorImpl.java:43)
	at java.lang.reflect.Method.invoke(Method.java:498)
	at com.qmetry.qaf.automation.step.JavaStep.doExecute(JavaStep.java:153)
	at com.qmetry.qaf.automation.step.BaseTestStep.execute(BaseTestStep.java:149)
	at com.qmetry.qaf.automation.step.StringTestStep.execute(StringTestStep.java:134)
	at com.qmetry.qaf.automation.step.client.Scenario.execute(Scenario.java:180)
	at com.qmetry.qaf.automation.step.client.Scenario.scenario(Scenario.java:232)
	at sun.reflect.NativeMethodAccessorImpl.invoke0(Native Method)
	at sun.reflect.NativeMethodAccessorImpl.invoke(NativeMethodAccessorImpl.java:62)
	at sun.reflect.DelegatingMethodAccessorImpl.invoke(DelegatingMethodAccessorImpl.java:43)
	at java.lang.reflect.Method.invoke(Method.java:498)
	at org.testng.internal.MethodInvocationHelper.invokeMethod(MethodInvocationHelper.java:104)
	at org.testng.internal.Invoker.invokeMethod(Invoker.java:645)
	at org.testng.internal.Invoker.invokeTestMethod(Invoker.java:851)
	at org.testng.internal.Invoker.invokeTestMethods(Invoker.java:1177)
	at org.testng.internal.TestMethodWorker.invokeTestMethods(TestMethodWorker.java:129)
	at org.testng.internal.TestMethodWorker.run(TestMethodWorker.java:112)
	at org.testng.TestRunner.privateRun(TestRunner.java:781)
	at org.testng.TestRunner.run(TestRunner.java:635)
	at org.testng.SuiteRunner.runTest(SuiteRunner.java:387)
	at org.testng.SuiteRunner.runSequentially(SuiteRunner.java:382)
	at org.testng.SuiteRunner.privateRun(SuiteRunner.java:340)
	at org.testng.SuiteRunner.run(SuiteRunner.java:289)
	at org.testng.SuiteRunnerWorker.runSuite(SuiteRunnerWorker.java:52)
	at org.testng.SuiteRunnerWorker.run(SuiteRunnerWorker.java:86)
	at org.testng.TestNG.runSuitesSequentially(TestNG.java:1293)
	at org.testng.TestNG.runSuitesLocally(TestNG.java:1218)
	at org.testng.TestNG.runSuites(TestNG.java:1133)
	at org.testng.TestNG.run(TestNG.java:1104)
	at org.testng.remote.AbstractRemoteTestNG.run(AbstractRemoteTestNG.java:115)
	at org.testng.remote.RemoteTestNG.initAndRun(RemoteTestNG.java:251)
	at org.testng.remote.RemoteTestNG.main(RemoteTestNG.java:77)
Caused by: org.openqa.selenium.NoSuchElementException: no such element: Unable to locate element: {"method":"css selector","selector":"a[href='https://www.food.com/recipe?ref=nav']"}
  (Session info: chrome=81.0.4044.129)
For documentation on this error, please visit: https://www.seleniumhq.org/exceptions/no_such_element.html
Build info: version: '3.141.59', revision: 'e82be7d358', time: '2018-11-14T08:17:03'
System info: host: 'VAIDHUSANTHU', ip: '192.168.0.56', os.name: 'Windows 10', os.arch: 'amd64', os.version: '10.0', java.version: '1.8.0_231'
Driver info: com.qmetry.qaf.automation.ui.webdriver.QAFExtendedWebDriver
Capabilities {acceptInsecureCerts: false, browserName: chrome, browserVersion: 81.0.4044.129, chrome: {chromedriverVersion: 81.0.4044.69 (6813546031a4b..., userDataDir: C:\Users\vaidh\AppData\Loca...}, goog:chromeOptions: {debuggerAddress: localhost:50233}, javascriptEnabled: true, networkConnectionEnabled: false, pageLoadStrategy: normal, platform: WINDOWS, platformName: WINDOWS, proxy: Proxy(), setWindowRect: true, strictFileInteractability: false, timeouts: {implicit: 0, pageLoad: 300000, script: 30000}, unhandledPromptBehavior: dismiss and notify, webauthn:virtualAuthenticators: true}
Session ID: 5cfb44cc375ce689a1ca63894a4cf08c
*** Element info: {Using=css selector, value=a[href='https://www.food.com/recipe?ref=nav']}
	at sun.reflect.GeneratedConstructorAccessor15.newInstance(Unknown Source)
	at sun.reflect.DelegatingConstructorAccessorImpl.newInstance(DelegatingConstructorAccessorImpl.java:45)
	at java.lang.reflect.Constructor.newInstance(Constructor.java:423)
	at org.openqa.selenium.remote.http.W3CHttpResponseCodec.createException(W3CHttpResponseCodec.java:187)
	at org.openqa.selenium.remote.http.W3CHttpResponseCodec.decode(W3CHttpResponseCodec.java:122)
	at org.openqa.selenium.remote.http.W3CHttpResponseCodec.decode(W3CHttpResponseCodec.java:49)
	at org.openqa.selenium.remote.HttpCommandExecutor.execute(HttpCommandExecutor.java:158)
	at org.openqa.selenium.remote.RemoteWebDriver.execute(RemoteWebDriver.java:552)
	at com.qmetry.qaf.automation.ui.webdriver.QAFExtendedWebDriver.execute(QAFExtendedWebDriver.java:235)
	at org.openqa.selenium.remote.RemoteWebDriver.findElement(RemoteWebDriver.java:323)
	at org.openqa.selenium.remote.RemoteWebDriver.findElementByCssSelector(RemoteWebDriver.java:420)
	at com.qmetry.qaf.automation.ui.webdriver.QAFExtendedWebDriver.findElementByCssSelector(QAFExtendedWebDriver.java:369)
	at com.qmetry.qaf.automation.ui.webdriver.QAFExtendedWebDriver.findElementByCssSelector(QAFExtendedWebDriver.java:1)
	at org.openqa.selenium.By$ByCssSelector.findElement(By.java:431)
	at org.openqa.selenium.remote.RemoteWebDriver.findElement(RemoteWebDriver.java:315)
	at com.qmetry.qaf.automation.ui.webdriver.QAFExtendedWebDriver.findElement(QAFExtendedWebDriver.java:170)
	at com.qmetry.qaf.automation.ui.webdriver.QAFExtendedWebDriver.findElement(QAFExtendedWebDriver.java:1)
	at org.openqa.selenium.support.ui.ExpectedConditions$6.apply(ExpectedConditions.java:182)
	at org.openqa.selenium.support.ui.ExpectedConditions$6.apply(ExpectedConditions.java:179)
	at com.qmetry.qaf.automation.ui.util.DynamicWait.until(DynamicWait.java:149)
	... 50 more
07:50:03 Completed Teststep: When navigate To Recipes page
07:50:03 Competed scenario: verify Test Food Receipe Title with status FAILURE
07:50:04 

Executing scenario: verify Save Recipe Action for Guest User - verify Save Recipe for Guest User
07:50:04 Invoking Teststep: Given get '/' with arguments: [/]
07:50:05 Completed Teststep: Given get '/' with arguments: [/]
07:50:05 Invoking Teststep: When navigate to search page
07:50:11 Invoking Teststep: wait until {loc} to be visible with arguments: [recipe.search]
07:50:11 Completed Teststep: wait until {loc} to be visible with arguments: [recipe.search]
07:50:11 Invoking Teststep: click on {loc} with arguments: [recipe.search]
07:50:12 Completed Teststep: click on {loc} with arguments: [recipe.search]
07:50:12 Invoking Teststep: wait until {loc} to be visible with arguments: [recipetype.search]
07:50:12 Completed Teststep: wait until {loc} to be visible with arguments: [recipetype.search]
07:50:12 Completed Teststep: When navigate to search page
07:50:12 Invoking Teststep: Then search recipe 'breakfast pizza' with arguments: [breakfast pizza]
07:50:12 Invoking Teststep: wait until {loc} to be visible with arguments: [recipetype.search]
07:50:12 Completed Teststep: wait until {loc} to be visible with arguments: [recipetype.search]
07:50:12 Invoking Teststep: click on {loc} with arguments: [recipetype.search]
07:50:13 Completed Teststep: click on {loc} with arguments: [recipetype.search]
07:50:13 Invoking Teststep: sendKeys {text} into {loc} with arguments: [breakfast pizza?, recipetype.search]
07:50:13 Completed Teststep: sendKeys {text} into {loc} with arguments: [breakfast pizza?, recipetype.search]
07:50:19 Completed Teststep: Then search recipe 'breakfast pizza' with arguments: [breakfast pizza]
07:50:19 Invoking Teststep: Then select a recipe
07:50:25 Invoking Teststep: wait until {loc} to be visible with arguments: [pizzaRecipeImg.click]
07:50:25 Completed Teststep: wait until {loc} to be visible with arguments: [pizzaRecipeImg.click]
07:50:25 Invoking Teststep: click on {loc} with arguments: [pizzaRecipeImg.click]
07:50:28 Completed Teststep: click on {loc} with arguments: [pizzaRecipeImg.click]
07:50:34 Completed Teststep: Then select a recipe
07:50:34 Invoking Teststep: Then save a recipe
07:50:34 Invoking Teststep: wait until {loc} to be visible with arguments: [saveReceipeBtn.click]
07:50:34 Completed Teststep: wait until {loc} to be visible with arguments: [saveReceipeBtn.click]
07:50:34 Invoking Teststep: click on {loc} with arguments: [saveReceipeBtn.click]
07:50:34 Completed Teststep: click on {loc} with arguments: [saveReceipeBtn.click]
07:50:40 Completed Teststep: Then save a recipe
07:50:40 Invoking Teststep: Then verify login message for unregistered user while save/review
07:50:40 Invoking Teststep: wait until {loc} to be visible with arguments: [saveMessageText.verify]
07:50:40 Completed Teststep: wait until {loc} to be visible with arguments: [saveMessageText.verify]
07:50:46 Invoking Teststep: assert {loc} is visible with arguments: [saveMessageText.verify]
07:50:46 Completed Teststep: assert {loc} is visible with arguments: [saveMessageText.verify]
07:50:46 Completed Teststep: Then verify login message for unregistered user while save/review
07:50:46 Competed scenario: verify Save Recipe Action for Guest User with status SUCCESS
07:50:46 

Executing scenario: verify Review Recipe Action for Guest User - verify Review Recipe for Guest User
07:50:46 Invoking Teststep: Given get '/' with arguments: [/]
07:50:47 Completed Teststep: Given get '/' with arguments: [/]
07:50:47 Invoking Teststep: When navigate to search page
07:50:53 Invoking Teststep: wait until {loc} to be visible with arguments: [recipe.search]
07:50:53 Completed Teststep: wait until {loc} to be visible with arguments: [recipe.search]
07:50:53 Invoking Teststep: click on {loc} with arguments: [recipe.search]
07:50:54 Completed Teststep: click on {loc} with arguments: [recipe.search]
07:50:54 Invoking Teststep: wait until {loc} to be visible with arguments: [recipetype.search]
07:50:55 Completed Teststep: wait until {loc} to be visible with arguments: [recipetype.search]
07:50:55 Completed Teststep: When navigate to search page
07:50:55 Invoking Teststep: Then search recipe 'breakfast pizza' with arguments: [breakfast pizza]
07:50:55 Invoking Teststep: wait until {loc} to be visible with arguments: [recipetype.search]
07:50:55 Completed Teststep: wait until {loc} to be visible with arguments: [recipetype.search]
07:50:55 Invoking Teststep: click on {loc} with arguments: [recipetype.search]
07:50:55 Completed Teststep: click on {loc} with arguments: [recipetype.search]
07:50:55 Invoking Teststep: sendKeys {text} into {loc} with arguments: [breakfast pizza?, recipetype.search]
07:50:55 Completed Teststep: sendKeys {text} into {loc} with arguments: [breakfast pizza?, recipetype.search]
07:51:01 Completed Teststep: Then search recipe 'breakfast pizza' with arguments: [breakfast pizza]
07:51:01 Invoking Teststep: Then select a recipe
07:51:07 Invoking Teststep: wait until {loc} to be visible with arguments: [pizzaRecipeImg.click]
07:51:07 Completed Teststep: wait until {loc} to be visible with arguments: [pizzaRecipeImg.click]
07:51:07 Invoking Teststep: click on {loc} with arguments: [pizzaRecipeImg.click]
07:51:09 Completed Teststep: click on {loc} with arguments: [pizzaRecipeImg.click]
07:51:15 Completed Teststep: Then select a recipe
07:51:15 Invoking Teststep: Then click on review btn
07:51:15 Invoking Teststep: wait until {loc} to be visible with arguments: [reviewBtn.click]
07:51:15 Completed Teststep: wait until {loc} to be visible with arguments: [reviewBtn.click]
07:51:15 Invoking Teststep: click on {loc} with arguments: [reviewBtn.click]
07:51:15 Completed Teststep: click on {loc} with arguments: [reviewBtn.click]
07:51:21 Completed Teststep: Then click on review btn
07:51:21 Invoking Teststep: Then write a review 'Good' with arguments: [Good]
07:51:21 Invoking Teststep: wait until {loc} to be visible with arguments: [writeReview.click]
07:51:21 Completed Teststep: wait until {loc} to be visible with arguments: [writeReview.click]
07:51:27 Invoking Teststep: sendKeys {text} into {loc} with arguments: [Good?, writeReview.click]
07:51:27 Completed Teststep: sendKeys {text} into {loc} with arguments: [Good?, writeReview.click]
07:51:33 Completed Teststep: Then write a review 'Good' with arguments: [Good]
07:51:33 Invoking Teststep: Then verify login message for unregistered user while save/review
07:51:33 Invoking Teststep: wait until {loc} to be visible with arguments: [saveMessageText.verify]
07:51:33 Completed Teststep: wait until {loc} to be visible with arguments: [saveMessageText.verify]
07:51:39 Invoking Teststep: assert {loc} is visible with arguments: [saveMessageText.verify]
07:51:40 Completed Teststep: assert {loc} is visible with arguments: [saveMessageText.verify]
07:51:40 Completed Teststep: Then verify login message for unregistered user while save/review
07:51:40 Competed scenario: verify Review Recipe Action for Guest User with status SUCCESS
07:51:40 

Executing scenario: verify Search Results - verify Search Results -count
07:51:40 Invoking Teststep: Given get '/' with arguments: [/]
07:51:41 Completed Teststep: Given get '/' with arguments: [/]
07:51:41 Invoking Teststep: When navigate to recipe page
07:51:41 Invoking Teststep: wait until {loc} to be visible with arguments: [recipeLink.click]
07:51:41 Completed Teststep: wait until {loc} to be visible with arguments: [recipeLink.click]
07:51:41 Invoking Teststep: click on {loc} with arguments: [recipeLink.click]
07:51:42 Completed Teststep: click on {loc} with arguments: [recipeLink.click]
07:51:42 Completed Teststep: When navigate to recipe page
07:51:42 Invoking Teststep: When navigate to search page
07:51:48 Invoking Teststep: wait until {loc} to be visible with arguments: [recipe.search]
07:51:48 Completed Teststep: wait until {loc} to be visible with arguments: [recipe.search]
07:51:48 Invoking Teststep: click on {loc} with arguments: [recipe.search]
07:51:48 Completed Teststep: click on {loc} with arguments: [recipe.search]
07:51:48 Invoking Teststep: wait until {loc} to be visible with arguments: [recipetype.search]
07:51:49 Completed Teststep: wait until {loc} to be visible with arguments: [recipetype.search]
07:51:49 Completed Teststep: When navigate to search page
07:51:49 Invoking Teststep: Then search recipe 'Biriyani' with arguments: [Biriyani]
07:51:49 Invoking Teststep: wait until {loc} to be visible with arguments: [recipetype.search]
07:51:49 Completed Teststep: wait until {loc} to be visible with arguments: [recipetype.search]
07:51:49 Invoking Teststep: click on {loc} with arguments: [recipetype.search]
07:51:49 Completed Teststep: click on {loc} with arguments: [recipetype.search]
07:51:49 Invoking Teststep: sendKeys {text} into {loc} with arguments: [Biriyani?, recipetype.search]
07:51:50 Completed Teststep: sendKeys {text} into {loc} with arguments: [Biriyani?, recipetype.search]
07:51:56 Completed Teststep: Then search recipe 'Biriyani' with arguments: [Biriyani]
07:51:56 Invoking Teststep: Then verify result count
07:51:56 Invoking Teststep: wait until {loc} to be visible with arguments: [resultCountText.verify]
07:51:56 Completed Teststep: wait until {loc} to be visible with arguments: [resultCountText.verify]
07:51:56 Invoking Teststep: scroll Down To Bottom
07:51:56 Completed Teststep: scroll Down To Bottom
07:51:56 Invoking Teststep: assert {loc} text is {text} with arguments: [resultCountText.verify, 10 RESULTS]
07:51:56 Completed Teststep: assert {loc} text is {text} with arguments: [resultCountText.verify, 10 RESULTS]
07:51:56 Completed Teststep: Then verify result count
07:51:56 Competed scenario: verify Search Results with status SUCCESS
07:51:56 

Executing scenario: verify Invalid Search - verify Invalid Search
07:51:56 Invoking Teststep: Given get '/' with arguments: [/]
07:51:57 Completed Teststep: Given get '/' with arguments: [/]
07:51:57 Invoking Teststep: When navigate to recipe page
07:51:57 Invoking Teststep: wait until {loc} to be visible with arguments: [recipeLink.click]
07:51:58 Completed Teststep: wait until {loc} to be visible with arguments: [recipeLink.click]
07:51:58 Invoking Teststep: click on {loc} with arguments: [recipeLink.click]
07:51:59 Completed Teststep: click on {loc} with arguments: [recipeLink.click]
07:51:59 Completed Teststep: When navigate to recipe page
07:51:59 Invoking Teststep: When navigate to search page
07:52:05 Invoking Teststep: wait until {loc} to be visible with arguments: [recipe.search]
07:52:06 Completed Teststep: wait until {loc} to be visible with arguments: [recipe.search]
07:52:06 Invoking Teststep: click on {loc} with arguments: [recipe.search]
07:52:06 Completed Teststep: click on {loc} with arguments: [recipe.search]
07:52:06 Invoking Teststep: wait until {loc} to be visible with arguments: [recipetype.search]
07:52:07 Completed Teststep: wait until {loc} to be visible with arguments: [recipetype.search]
07:52:07 Completed Teststep: When navigate to search page
07:52:07 Invoking Teststep: Then search recipe 'Iphone' with arguments: [Iphone]
07:52:07 Invoking Teststep: wait until {loc} to be visible with arguments: [recipetype.search]
07:52:07 Completed Teststep: wait until {loc} to be visible with arguments: [recipetype.search]
07:52:07 Invoking Teststep: click on {loc} with arguments: [recipetype.search]
07:52:07 Completed Teststep: click on {loc} with arguments: [recipetype.search]
07:52:07 Invoking Teststep: sendKeys {text} into {loc} with arguments: [Iphone?, recipetype.search]
07:52:07 Completed Teststep: sendKeys {text} into {loc} with arguments: [Iphone?, recipetype.search]
07:52:13 Completed Teststep: Then search recipe 'Iphone' with arguments: [Iphone]
07:52:13 Invoking Teststep: Then verify no match message
07:52:13 Invoking Teststep: wait until {loc} to be visible with arguments: [noMatchRecipeMsg.verify]
07:52:14 Completed Teststep: wait until {loc} to be visible with arguments: [noMatchRecipeMsg.verify]
07:52:14 Invoking Teststep: assert {loc} is visible with arguments: [noMatchRecipeMsg.verify]
07:52:14 Completed Teststep: assert {loc} is visible with arguments: [noMatchRecipeMsg.verify]
07:52:14 Completed Teststep: Then verify no match message
07:52:14 Competed scenario: verify Invalid Search with status SUCCESS
07:52:14 

Executing scenario: Verify SAVES Button functionality - Verify SAVES Button functionality
07:52:14 Invoking Teststep: Given get '/' with arguments: [/]
07:52:15 Completed Teststep: Given get '/' with arguments: [/]
07:52:15 Invoking Teststep: When login as Reg User 'vdhuggis@gmail.com' 'Arjun@17' with arguments: [vdhuggis@gmail.com, Arjun@17]
07:52:21 Invoking Teststep: click on {loc} with arguments: [signInBtn.click]
07:52:21 Completed Teststep: click on {loc} with arguments: [signInBtn.click]
07:52:21 Invoking Teststep: wait until {loc} to be visible with arguments: [logInBtn.click]
07:52:22 Completed Teststep: wait until {loc} to be visible with arguments: [logInBtn.click]
07:52:22 Invoking Teststep: click on {loc} with arguments: [logInBtn.click]
07:52:22 Completed Teststep: click on {loc} with arguments: [logInBtn.click]
07:52:22 Invoking Teststep: wait until {loc} to be visible with arguments: [emailTxt.click]
07:52:22 Completed Teststep: wait until {loc} to be visible with arguments: [emailTxt.click]
07:52:22 Invoking Teststep: click on {loc} with arguments: [emailTxt.click]
07:52:22 Completed Teststep: click on {loc} with arguments: [emailTxt.click]
07:52:22 Invoking Teststep: sendKeys {text} into {loc} with arguments: [vdhuggis@gmail.com, emailTxt.click]
07:52:22 Completed Teststep: sendKeys {text} into {loc} with arguments: [vdhuggis@gmail.com, emailTxt.click]
07:52:22 Invoking Teststep: wait until {loc} to be visible with arguments: [pwdTxt.click]
07:52:23 Completed Teststep: wait until {loc} to be visible with arguments: [pwdTxt.click]
07:52:23 Invoking Teststep: click on {loc} with arguments: [pwdTxt.click]
07:52:23 Completed Teststep: click on {loc} with arguments: [pwdTxt.click]
07:52:23 Invoking Teststep: sendKeys {text} into {loc} with arguments: [Arjun@17?, pwdTxt.click]
07:52:23 Completed Teststep: sendKeys {text} into {loc} with arguments: [Arjun@17?, pwdTxt.click]
07:52:29 Completed Teststep: When login as Reg User 'vdhuggis@gmail.com' 'Arjun@17' with arguments: [vdhuggis@gmail.com, Arjun@17]
07:52:29 Invoking Teststep: Then navigate to search page
07:52:35 Invoking Teststep: wait until {loc} to be visible with arguments: [recipe.search]
07:52:35 Completed Teststep: wait until {loc} to be visible with arguments: [recipe.search]
07:52:35 Invoking Teststep: click on {loc} with arguments: [recipe.search]
07:52:36 Completed Teststep: click on {loc} with arguments: [recipe.search]
07:52:36 Invoking Teststep: wait until {loc} to be visible with arguments: [recipetype.search]
07:52:36 Completed Teststep: wait until {loc} to be visible with arguments: [recipetype.search]
07:52:36 Completed Teststep: Then navigate to search page
07:52:36 Invoking Teststep: Then search recipe 'breakfast pizza' with arguments: [breakfast pizza]
07:52:36 Invoking Teststep: wait until {loc} to be visible with arguments: [recipetype.search]
07:52:36 Completed Teststep: wait until {loc} to be visible with arguments: [recipetype.search]
07:52:36 Invoking Teststep: click on {loc} with arguments: [recipetype.search]
07:52:36 Completed Teststep: click on {loc} with arguments: [recipetype.search]
07:52:36 Invoking Teststep: sendKeys {text} into {loc} with arguments: [breakfast pizza?, recipetype.search]
07:52:37 Completed Teststep: sendKeys {text} into {loc} with arguments: [breakfast pizza?, recipetype.search]
07:52:43 Completed Teststep: Then search recipe 'breakfast pizza' with arguments: [breakfast pizza]
07:52:43 Invoking Teststep: Then select a recipe
07:52:49 Invoking Teststep: wait until {loc} to be visible with arguments: [pizzaRecipeImg.click]
07:52:49 Completed Teststep: wait until {loc} to be visible with arguments: [pizzaRecipeImg.click]
07:52:49 Invoking Teststep: click on {loc} with arguments: [pizzaRecipeImg.click]
07:52:50 Completed Teststep: click on {loc} with arguments: [pizzaRecipeImg.click]
07:52:56 Completed Teststep: Then select a recipe
07:52:56 Invoking Teststep: Then save a recipe
07:52:56 Invoking Teststep: wait until {loc} to be visible with arguments: [saveReceipeBtn.click]
07:52:57 Completed Teststep: wait until {loc} to be visible with arguments: [saveReceipeBtn.click]
07:52:57 Invoking Teststep: click on {loc} with arguments: [saveReceipeBtn.click]
07:52:57 Completed Teststep: click on {loc} with arguments: [saveReceipeBtn.click]
07:53:03 Completed Teststep: Then save a recipe
07:53:03 Invoking Teststep: Then verify saved recipe msg for Reg User
07:53:03 Invoking Teststep: wait until {loc} to be visible with arguments: [savedTxt.verify]
07:53:03 Completed Teststep: wait until {loc} to be visible with arguments: [savedTxt.verify]
07:53:03 Invoking Teststep: assert {loc} is visible with arguments: [savedTxt.verify]
07:53:03 Completed Teststep: assert {loc} is visible with arguments: [savedTxt.verify]
07:53:09 Completed Teststep: Then verify saved recipe msg for Reg User
07:53:09 Competed scenario: Verify SAVES Button functionality with status SUCCESS
07:57:41 scenario.file.loc[Ljava.lang.String;@42607a4f
07:57:41 loading BDD file: C:\Users\vaidh\eclipse-workspace\foodautomation\.\scenarios\smoketest.bdd
07:57:41 total test found: 6
07:57:41 

Executing scenario: verify Test Food Receipe Title - verify Test Food Receipe Title
07:57:41 pkg: com.qmetry.qaf.automation.step
07:57:41 pkg: com.qmetry.qaf.example
07:57:41 Found duplicate step to load [] with [lower] prority then []
07:57:41 Invoking Teststep: Given get '/' with arguments: [/]
07:57:50 Completed Teststep: Given get '/' with arguments: [/]
07:57:50 Invoking Teststep: When navigate To Recipes page
07:57:59 Completed Teststep: When navigate To Recipes page
07:57:59 
/**
* Auto-generated code snippet by QMetry Automation Framework.
*/
@QAFTestStep(description="verify text is RECIPES")
public void verifyTextIsRECIPES(){
	//TODO: remove NotYetImplementedException and call test steps
	throw new NotYetImplementedException();
}
07:57:59 Competed scenario: verify Test Food Receipe Title with status FAILURE
07:57:59 

Executing scenario: verify Save Recipe Action for Guest User - verify Save Recipe for Guest User
07:57:59 Invoking Teststep: Given get '/' with arguments: [/]
07:58:00 Completed Teststep: Given get '/' with arguments: [/]
07:58:00 Invoking Teststep: When navigate to search page
07:58:06 Invoking Teststep: click on {loc} with arguments: [recipe.search]
07:58:07 Completed Teststep: click on {loc} with arguments: [recipe.search]
07:58:07 Invoking Teststep: wait until {loc} to be visible with arguments: [recipetype.search]
07:58:07 Completed Teststep: wait until {loc} to be visible with arguments: [recipetype.search]
07:58:07 Completed Teststep: When navigate to search page
07:58:07 Invoking Teststep: Then search recipe 'breakfast pizza' with arguments: [breakfast pizza]
07:58:07 Invoking Teststep: click on {loc} with arguments: [recipetype.search]
07:58:08 Completed Teststep: click on {loc} with arguments: [recipetype.search]
07:58:08 Invoking Teststep: sendKeys {text} into {loc} with arguments: [breakfast pizza?, recipetype.search]
07:58:08 Completed Teststep: sendKeys {text} into {loc} with arguments: [breakfast pizza?, recipetype.search]
07:58:14 Completed Teststep: Then search recipe 'breakfast pizza' with arguments: [breakfast pizza]
07:58:14 Invoking Teststep: Then select a recipe
07:58:20 Invoking Teststep: click on {loc} with arguments: [pizzaRecipeImg.click]
07:58:21 Completed Teststep: click on {loc} with arguments: [pizzaRecipeImg.click]
07:58:27 Completed Teststep: Then select a recipe
07:58:27 Invoking Teststep: Then save a recipe
07:58:27 Invoking Teststep: click on {loc} with arguments: [saveReceipeBtn.click]
07:58:27 Completed Teststep: click on {loc} with arguments: [saveReceipeBtn.click]
07:58:33 Completed Teststep: Then save a recipe
07:58:33 Invoking Teststep: Then verify login message for unregistered user while save/review
07:58:39 Invoking Teststep: assert {loc} is visible with arguments: [saveMessageText.verify]
07:58:39 Completed Teststep: assert {loc} is visible with arguments: [saveMessageText.verify]
07:58:39 Completed Teststep: Then verify login message for unregistered user while save/review
07:58:39 Competed scenario: verify Save Recipe Action for Guest User with status SUCCESS
07:58:40 

Executing scenario: verify Review Recipe Action for Guest User - verify Review Recipe for Guest User
07:58:40 Invoking Teststep: Given get '/' with arguments: [/]
07:58:40 Completed Teststep: Given get '/' with arguments: [/]
07:58:40 Invoking Teststep: When navigate to search page
07:58:47 Invoking Teststep: click on {loc} with arguments: [recipe.search]
07:58:48 Completed Teststep: click on {loc} with arguments: [recipe.search]
07:58:48 Invoking Teststep: wait until {loc} to be visible with arguments: [recipetype.search]
07:58:49 Completed Teststep: wait until {loc} to be visible with arguments: [recipetype.search]
07:58:49 Completed Teststep: When navigate to search page
07:58:49 Invoking Teststep: Then search recipe 'breakfast pizza' with arguments: [breakfast pizza]
07:58:49 Invoking Teststep: click on {loc} with arguments: [recipetype.search]
07:58:49 Completed Teststep: click on {loc} with arguments: [recipetype.search]
07:58:49 Invoking Teststep: sendKeys {text} into {loc} with arguments: [breakfast pizza?, recipetype.search]
07:58:49 Completed Teststep: sendKeys {text} into {loc} with arguments: [breakfast pizza?, recipetype.search]
07:58:55 Completed Teststep: Then search recipe 'breakfast pizza' with arguments: [breakfast pizza]
07:58:55 Invoking Teststep: Then select a recipe
07:59:01 Invoking Teststep: click on {loc} with arguments: [pizzaRecipeImg.click]
07:59:02 Completed Teststep: click on {loc} with arguments: [pizzaRecipeImg.click]
07:59:08 Completed Teststep: Then select a recipe
07:59:08 Invoking Teststep: Then click on review btn
07:59:08 Invoking Teststep: click on {loc} with arguments: [reviewBtn.click]
07:59:08 Completed Teststep: click on {loc} with arguments: [reviewBtn.click]
07:59:14 Completed Teststep: Then click on review btn
07:59:14 Invoking Teststep: Then write a review 'Good' with arguments: [Good]
07:59:20 Invoking Teststep: sendKeys {text} into {loc} with arguments: [Good?, writeReview.click]
07:59:20 Completed Teststep: sendKeys {text} into {loc} with arguments: [Good?, writeReview.click]
07:59:26 Completed Teststep: Then write a review 'Good' with arguments: [Good]
07:59:26 Invoking Teststep: Then verify login message for unregistered user while save/review
07:59:33 Invoking Teststep: assert {loc} is visible with arguments: [saveMessageText.verify]
07:59:33 Completed Teststep: assert {loc} is visible with arguments: [saveMessageText.verify]
07:59:33 Completed Teststep: Then verify login message for unregistered user while save/review
07:59:33 Competed scenario: verify Review Recipe Action for Guest User with status SUCCESS
07:59:33 

Executing scenario: verify Search Results - verify Search Results -count
07:59:33 Invoking Teststep: Given get '/' with arguments: [/]
07:59:34 Completed Teststep: Given get '/' with arguments: [/]
07:59:34 Invoking Teststep: When navigate to recipe page
07:59:34 Invoking Teststep: click on {loc} with arguments: [recipeLink.click]
07:59:36 Completed Teststep: click on {loc} with arguments: [recipeLink.click]
07:59:36 Completed Teststep: When navigate to recipe page
07:59:36 Invoking Teststep: When navigate to search page
07:59:42 Invoking Teststep: click on {loc} with arguments: [recipe.search]
07:59:42 Completed Teststep: click on {loc} with arguments: [recipe.search]
07:59:42 Invoking Teststep: wait until {loc} to be visible with arguments: [recipetype.search]
07:59:43 Completed Teststep: wait until {loc} to be visible with arguments: [recipetype.search]
07:59:43 Completed Teststep: When navigate to search page
07:59:43 Invoking Teststep: Then search recipe 'Biriyani' with arguments: [Biriyani]
07:59:43 Invoking Teststep: click on {loc} with arguments: [recipetype.search]
07:59:43 Completed Teststep: click on {loc} with arguments: [recipetype.search]
07:59:43 Invoking Teststep: sendKeys {text} into {loc} with arguments: [Biriyani?, recipetype.search]
07:59:44 Completed Teststep: sendKeys {text} into {loc} with arguments: [Biriyani?, recipetype.search]
07:59:50 Completed Teststep: Then search recipe 'Biriyani' with arguments: [Biriyani]
07:59:50 Invoking Teststep: Then verify result count
07:59:50 Invoking Teststep: assert {loc} text is {text} with arguments: [resultCountText.verify, 10 RESULTS]
07:59:50 Completed Teststep: assert {loc} text is {text} with arguments: [resultCountText.verify, 10 RESULTS]
07:59:50 Completed Teststep: Then verify result count
07:59:50 Competed scenario: verify Search Results with status SUCCESS
07:59:50 

Executing scenario: verify Invalid Search - verify Invalid Search
07:59:50 Invoking Teststep: Given get '/' with arguments: [/]
07:59:51 Completed Teststep: Given get '/' with arguments: [/]
07:59:51 Invoking Teststep: When navigate to recipe page
07:59:52 Invoking Teststep: click on {loc} with arguments: [recipeLink.click]
07:59:52 Completed Teststep: click on {loc} with arguments: [recipeLink.click]
07:59:52 Completed Teststep: When navigate to recipe page
07:59:52 Invoking Teststep: When navigate to search page
07:59:58 Invoking Teststep: click on {loc} with arguments: [recipe.search]
07:59:59 Completed Teststep: click on {loc} with arguments: [recipe.search]
07:59:59 Invoking Teststep: wait until {loc} to be visible with arguments: [recipetype.search]
08:00:00 Completed Teststep: wait until {loc} to be visible with arguments: [recipetype.search]
08:00:00 Completed Teststep: When navigate to search page
08:00:00 Invoking Teststep: Then search recipe 'Iphone' with arguments: [Iphone]
08:00:00 Invoking Teststep: click on {loc} with arguments: [recipetype.search]
08:00:00 Completed Teststep: click on {loc} with arguments: [recipetype.search]
08:00:00 Invoking Teststep: sendKeys {text} into {loc} with arguments: [Iphone?, recipetype.search]
08:00:01 Completed Teststep: sendKeys {text} into {loc} with arguments: [Iphone?, recipetype.search]
08:00:07 Completed Teststep: Then search recipe 'Iphone' with arguments: [Iphone]
08:00:07 Invoking Teststep: Then verify no match message
08:00:07 Invoking Teststep: assert {loc} is visible with arguments: [noMatchRecipeMsg.verify]
08:00:07 Completed Teststep: assert {loc} is visible with arguments: [noMatchRecipeMsg.verify]
08:00:07 Completed Teststep: Then verify no match message
08:00:07 Competed scenario: verify Invalid Search with status SUCCESS
08:00:07 

Executing scenario: Verify SAVES Button functionality - Verify SAVES Button functionality
08:00:07 Invoking Teststep: Given get '/' with arguments: [/]
08:00:08 Completed Teststep: Given get '/' with arguments: [/]
08:00:08 Invoking Teststep: When login as Reg User 'vdhuggis@gmail.com' 'Arjun@17' with arguments: [vdhuggis@gmail.com, Arjun@17]
08:00:15 Invoking Teststep: wait until {loc} to be visible with arguments: [logInBtn.click]
08:00:16 Completed Teststep: wait until {loc} to be visible with arguments: [logInBtn.click]
08:00:16 Invoking Teststep: click on {loc} with arguments: [logInBtn.click]
08:00:16 Completed Teststep: click on {loc} with arguments: [logInBtn.click]
08:00:16 Invoking Teststep: wait until {loc} to be visible with arguments: [emailTxt.click]
08:00:16 Completed Teststep: wait until {loc} to be visible with arguments: [emailTxt.click]
08:00:16 Invoking Teststep: click on {loc} with arguments: [emailTxt.click]
08:00:16 Completed Teststep: click on {loc} with arguments: [emailTxt.click]
08:00:16 Invoking Teststep: sendKeys {text} into {loc} with arguments: [vdhuggis@gmail.com, emailTxt.click]
08:00:16 Completed Teststep: sendKeys {text} into {loc} with arguments: [vdhuggis@gmail.com, emailTxt.click]
08:00:16 Invoking Teststep: wait until {loc} to be visible with arguments: [pwdTxt.click]
08:00:16 Completed Teststep: wait until {loc} to be visible with arguments: [pwdTxt.click]
08:00:16 Invoking Teststep: click on {loc} with arguments: [pwdTxt.click]
08:00:16 Completed Teststep: click on {loc} with arguments: [pwdTxt.click]
08:00:16 Invoking Teststep: sendKeys {text} into {loc} with arguments: [Arjun@17?, pwdTxt.click]
08:00:16 Completed Teststep: sendKeys {text} into {loc} with arguments: [Arjun@17?, pwdTxt.click]
08:00:22 Completed Teststep: When login as Reg User 'vdhuggis@gmail.com' 'Arjun@17' with arguments: [vdhuggis@gmail.com, Arjun@17]
08:00:22 Invoking Teststep: Then navigate to search page
08:00:28 Invoking Teststep: click on {loc} with arguments: [recipe.search]
08:00:29 Completed Teststep: click on {loc} with arguments: [recipe.search]
08:00:29 Invoking Teststep: wait until {loc} to be visible with arguments: [recipetype.search]
08:00:30 Completed Teststep: wait until {loc} to be visible with arguments: [recipetype.search]
08:00:30 Completed Teststep: Then navigate to search page
08:00:30 Invoking Teststep: Then search recipe 'breakfast pizza' with arguments: [breakfast pizza]
08:00:30 Invoking Teststep: click on {loc} with arguments: [recipetype.search]
08:00:30 Completed Teststep: click on {loc} with arguments: [recipetype.search]
08:00:30 Invoking Teststep: sendKeys {text} into {loc} with arguments: [breakfast pizza?, recipetype.search]
08:00:30 Completed Teststep: sendKeys {text} into {loc} with arguments: [breakfast pizza?, recipetype.search]
08:00:36 Completed Teststep: Then search recipe 'breakfast pizza' with arguments: [breakfast pizza]
08:00:36 Invoking Teststep: Then select a recipe
08:00:42 Invoking Teststep: click on {loc} with arguments: [pizzaRecipeImg.click]
08:00:43 Completed Teststep: click on {loc} with arguments: [pizzaRecipeImg.click]
08:00:49 Completed Teststep: Then select a recipe
08:00:49 Invoking Teststep: Then save a recipe
08:00:49 Invoking Teststep: click on {loc} with arguments: [saveReceipeBtn.click]
08:00:49 Completed Teststep: click on {loc} with arguments: [saveReceipeBtn.click]
08:00:55 Completed Teststep: Then save a recipe
08:00:55 Invoking Teststep: Then verify saved recipe msg for Reg User
08:00:55 Invoking Teststep: assert {loc} is visible with arguments: [savedTxt.verify]
08:00:56 Completed Teststep: assert {loc} is visible with arguments: [savedTxt.verify]
08:01:02 Completed Teststep: Then verify saved recipe msg for Reg User
08:01:02 Competed scenario: Verify SAVES Button functionality with status SUCCESS
08:05:37 scenario.file.loc[Ljava.lang.String;@42607a4f
08:05:37 loading BDD file: C:\Users\vaidh\eclipse-workspace\foodautomation\.\scenarios\smoketest.bdd
08:05:37 total test found: 6
08:05:37 

Executing scenario: verify Test Food Receipe Title - verify Test Food Receipe Title
08:05:37 pkg: com.qmetry.qaf.automation.step
08:05:37 pkg: com.qmetry.qaf.example
08:05:37 Found duplicate step to load [] with [lower] prority then []
08:05:37 Invoking Teststep: Given get '/' with arguments: [/]
08:05:46 Completed Teststep: Given get '/' with arguments: [/]
08:05:46 Invoking Teststep: When navigate To Recipes page
08:05:53 Completed Teststep: When navigate To Recipes page
08:05:53 
/**
* Auto-generated code snippet by QMetry Automation Framework.
*/
@QAFTestStep(description="verify text is RECIPES")
public void verifyTextIsRECIPES(){
	//TODO: remove NotYetImplementedException and call test steps
	throw new NotYetImplementedException();
}
08:05:53 Competed scenario: verify Test Food Receipe Title with status FAILURE
08:05:53 

Executing scenario: verify Save Recipe Action for Guest User - verify Save Recipe for Guest User
08:05:53 Invoking Teststep: Given get '/' with arguments: [/]
08:05:54 Completed Teststep: Given get '/' with arguments: [/]
08:05:54 Invoking Teststep: When navigate to search page
08:06:00 Invoking Teststep: click on {loc} with arguments: [recipe.search]
08:06:01 Completed Teststep: click on {loc} with arguments: [recipe.search]
08:06:01 Invoking Teststep: wait until {loc} to be visible with arguments: [recipetype.search]
08:06:01 Completed Teststep: wait until {loc} to be visible with arguments: [recipetype.search]
08:06:01 Completed Teststep: When navigate to search page
08:06:01 Invoking Teststep: Then search recipe 'breakfast pizza' with arguments: [breakfast pizza]
08:06:01 Invoking Teststep: click on {loc} with arguments: [recipetype.search]
08:06:02 Completed Teststep: click on {loc} with arguments: [recipetype.search]
08:06:02 Invoking Teststep: sendKeys {text} into {loc} with arguments: [breakfast pizza?, recipetype.search]
08:06:31 Completed Teststep: sendKeys {text} into {loc} with arguments: [breakfast pizza?, recipetype.search]
08:06:37 Completed Teststep: Then search recipe 'breakfast pizza' with arguments: [breakfast pizza]
08:06:37 Invoking Teststep: Then select a recipe
08:06:43 Invoking Teststep: click on {loc} with arguments: [pizzaRecipeImg.click]
08:06:44 Completed Teststep: click on {loc} with arguments: [pizzaRecipeImg.click]
08:06:50 Completed Teststep: Then select a recipe
08:06:50 Invoking Teststep: Then save a recipe
08:06:50 Invoking Teststep: click on {loc} with arguments: [saveReceipeBtn.click]
08:06:50 Completed Teststep: click on {loc} with arguments: [saveReceipeBtn.click]
08:06:56 Completed Teststep: Then save a recipe
08:06:56 Invoking Teststep: Then verify login message for unregistered user while save/review
08:07:02 Invoking Teststep: assert {loc} is visible with arguments: [saveMessageText.verify]
08:07:03 Completed Teststep: assert {loc} is visible with arguments: [saveMessageText.verify]
08:07:03 Completed Teststep: Then verify login message for unregistered user while save/review
08:07:03 Competed scenario: verify Save Recipe Action for Guest User with status SUCCESS
08:07:03 

Executing scenario: verify Review Recipe Action for Guest User - verify Review Recipe for Guest User
08:07:03 Invoking Teststep: Given get '/' with arguments: [/]
08:07:03 Completed Teststep: Given get '/' with arguments: [/]
08:07:03 Invoking Teststep: When navigate to search page
08:07:09 Invoking Teststep: click on {loc} with arguments: [recipe.search]
08:07:10 Completed Teststep: click on {loc} with arguments: [recipe.search]
08:07:10 Invoking Teststep: wait until {loc} to be visible with arguments: [recipetype.search]
08:07:11 Completed Teststep: wait until {loc} to be visible with arguments: [recipetype.search]
08:07:11 Completed Teststep: When navigate to search page
08:07:11 Invoking Teststep: Then search recipe 'breakfast pizza' with arguments: [breakfast pizza]
08:07:11 Invoking Teststep: click on {loc} with arguments: [recipetype.search]
08:07:11 Completed Teststep: click on {loc} with arguments: [recipetype.search]
08:07:11 Invoking Teststep: sendKeys {text} into {loc} with arguments: [breakfast pizza?, recipetype.search]
08:07:22 Completed Teststep: sendKeys {text} into {loc} with arguments: [breakfast pizza?, recipetype.search]
08:07:28 Completed Teststep: Then search recipe 'breakfast pizza' with arguments: [breakfast pizza]
08:07:28 Invoking Teststep: Then select a recipe
08:07:34 Invoking Teststep: click on {loc} with arguments: [pizzaRecipeImg.click]
08:07:35 Completed Teststep: click on {loc} with arguments: [pizzaRecipeImg.click]
08:07:41 Completed Teststep: Then select a recipe
08:07:41 Invoking Teststep: Then click on review btn
08:07:41 Invoking Teststep: click on {loc} with arguments: [reviewBtn.click]
08:07:41 Completed Teststep: click on {loc} with arguments: [reviewBtn.click]
08:07:47 Completed Teststep: Then click on review btn
08:07:47 Invoking Teststep: Then write a review 'Good' with arguments: [Good]
08:07:53 Invoking Teststep: sendKeys {text} into {loc} with arguments: [Good?, writeReview.click]
08:07:53 Completed Teststep: sendKeys {text} into {loc} with arguments: [Good?, writeReview.click]
08:07:59 Completed Teststep: Then write a review 'Good' with arguments: [Good]
08:07:59 Invoking Teststep: Then verify login message for unregistered user while save/review
08:08:05 Invoking Teststep: assert {loc} is visible with arguments: [saveMessageText.verify]
08:08:06 Completed Teststep: assert {loc} is visible with arguments: [saveMessageText.verify]
08:08:06 Completed Teststep: Then verify login message for unregistered user while save/review
08:08:06 Competed scenario: verify Review Recipe Action for Guest User with status SUCCESS
08:08:06 

Executing scenario: verify Search Results - verify Search Results -count
08:08:06 Invoking Teststep: Given get '/' with arguments: [/]
08:08:07 Completed Teststep: Given get '/' with arguments: [/]
08:08:07 Invoking Teststep: When navigate to recipe page
08:08:07 Invoking Teststep: click on {loc} with arguments: [recipeLink.click]
08:08:08 Completed Teststep: click on {loc} with arguments: [recipeLink.click]
08:08:08 Completed Teststep: When navigate to recipe page
08:08:08 Invoking Teststep: When navigate to search page
08:08:14 Invoking Teststep: click on {loc} with arguments: [recipe.search]
08:08:14 Completed Teststep: click on {loc} with arguments: [recipe.search]
08:08:14 Invoking Teststep: wait until {loc} to be visible with arguments: [recipetype.search]
08:08:15 Completed Teststep: wait until {loc} to be visible with arguments: [recipetype.search]
08:08:15 Completed Teststep: When navigate to search page
08:08:15 Invoking Teststep: Then search recipe 'Biriyani' with arguments: [Biriyani]
08:08:15 Invoking Teststep: click on {loc} with arguments: [recipetype.search]
08:08:15 Completed Teststep: click on {loc} with arguments: [recipetype.search]
08:08:15 Invoking Teststep: sendKeys {text} into {loc} with arguments: [Biriyani?, recipetype.search]
08:08:15 Completed Teststep: sendKeys {text} into {loc} with arguments: [Biriyani?, recipetype.search]
08:08:21 Completed Teststep: Then search recipe 'Biriyani' with arguments: [Biriyani]
08:08:21 Invoking Teststep: Then verify result count
08:08:22 Invoking Teststep: assert {loc} text is {text} with arguments: [resultCountText.verify, 10 RESULTS]
08:08:22 Completed Teststep: assert {loc} text is {text} with arguments: [resultCountText.verify, 10 RESULTS]
08:08:22 Completed Teststep: Then verify result count
08:08:22 Competed scenario: verify Search Results with status SUCCESS
08:08:22 

Executing scenario: verify Invalid Search - verify Invalid Search
08:08:22 Invoking Teststep: Given get '/' with arguments: [/]
08:08:23 Completed Teststep: Given get '/' with arguments: [/]
08:08:23 Invoking Teststep: When navigate to recipe page
08:08:24 Invoking Teststep: click on {loc} with arguments: [recipeLink.click]
08:08:24 Completed Teststep: click on {loc} with arguments: [recipeLink.click]
08:08:24 Completed Teststep: When navigate to recipe page
08:08:24 Invoking Teststep: When navigate to search page
08:08:30 Invoking Teststep: click on {loc} with arguments: [recipe.search]
08:08:31 Completed Teststep: click on {loc} with arguments: [recipe.search]
08:08:31 Invoking Teststep: wait until {loc} to be visible with arguments: [recipetype.search]
08:08:31 Completed Teststep: wait until {loc} to be visible with arguments: [recipetype.search]
08:08:31 Completed Teststep: When navigate to search page
08:08:31 Invoking Teststep: Then search recipe 'Iphone' with arguments: [Iphone]
08:08:31 Invoking Teststep: click on {loc} with arguments: [recipetype.search]
08:08:32 Completed Teststep: click on {loc} with arguments: [recipetype.search]
08:08:32 Invoking Teststep: sendKeys {text} into {loc} with arguments: [Iphone?, recipetype.search]
08:08:32 Completed Teststep: sendKeys {text} into {loc} with arguments: [Iphone?, recipetype.search]
08:08:38 Completed Teststep: Then search recipe 'Iphone' with arguments: [Iphone]
08:08:38 Invoking Teststep: Then verify no match message
08:08:38 Invoking Teststep: assert {loc} is visible with arguments: [noMatchRecipeMsg.verify]
08:08:38 Completed Teststep: assert {loc} is visible with arguments: [noMatchRecipeMsg.verify]
08:08:38 Completed Teststep: Then verify no match message
08:08:38 Competed scenario: verify Invalid Search with status SUCCESS
08:08:39 

Executing scenario: Verify SAVES Button functionality - Verify SAVES Button functionality
08:08:39 Invoking Teststep: Given get '/' with arguments: [/]
08:08:39 Completed Teststep: Given get '/' with arguments: [/]
08:08:39 Invoking Teststep: When login as Reg User 'vdhuggis@gmail.com' 'Arjun@17' with arguments: [vdhuggis@gmail.com, Arjun@17]
08:08:45 Invoking Teststep: wait until {loc} to be visible with arguments: [logInBtn.click]
08:08:47 Completed Teststep: wait until {loc} to be visible with arguments: [logInBtn.click]
08:08:47 Invoking Teststep: click on {loc} with arguments: [logInBtn.click]
08:08:47 Completed Teststep: click on {loc} with arguments: [logInBtn.click]
08:08:47 Invoking Teststep: wait until {loc} to be visible with arguments: [emailTxt.click]
08:08:47 Completed Teststep: wait until {loc} to be visible with arguments: [emailTxt.click]
08:08:47 Invoking Teststep: click on {loc} with arguments: [emailTxt.click]
08:08:47 Completed Teststep: click on {loc} with arguments: [emailTxt.click]
08:08:47 Invoking Teststep: sendKeys {text} into {loc} with arguments: [vdhuggis@gmail.com, emailTxt.click]
08:08:47 Completed Teststep: sendKeys {text} into {loc} with arguments: [vdhuggis@gmail.com, emailTxt.click]
08:08:47 Invoking Teststep: wait until {loc} to be visible with arguments: [pwdTxt.click]
08:08:47 Completed Teststep: wait until {loc} to be visible with arguments: [pwdTxt.click]
08:08:47 Invoking Teststep: click on {loc} with arguments: [pwdTxt.click]
08:08:47 Completed Teststep: click on {loc} with arguments: [pwdTxt.click]
08:08:47 Invoking Teststep: sendKeys {text} into {loc} with arguments: [Arjun@17?, pwdTxt.click]
08:08:47 Completed Teststep: sendKeys {text} into {loc} with arguments: [Arjun@17?, pwdTxt.click]
08:08:53 Completed Teststep: When login as Reg User 'vdhuggis@gmail.com' 'Arjun@17' with arguments: [vdhuggis@gmail.com, Arjun@17]
08:08:53 Invoking Teststep: Then navigate to search page
08:08:59 Invoking Teststep: click on {loc} with arguments: [recipe.search]
08:09:00 Completed Teststep: click on {loc} with arguments: [recipe.search]
08:09:00 Invoking Teststep: wait until {loc} to be visible with arguments: [recipetype.search]
08:09:01 Completed Teststep: wait until {loc} to be visible with arguments: [recipetype.search]
08:09:01 Completed Teststep: Then navigate to search page
08:09:01 Invoking Teststep: Then search recipe 'breakfast pizza' with arguments: [breakfast pizza]
08:09:01 Invoking Teststep: click on {loc} with arguments: [recipetype.search]
08:09:01 Completed Teststep: click on {loc} with arguments: [recipetype.search]
08:09:01 Invoking Teststep: sendKeys {text} into {loc} with arguments: [breakfast pizza?, recipetype.search]
08:09:01 Completed Teststep: sendKeys {text} into {loc} with arguments: [breakfast pizza?, recipetype.search]
08:09:07 Completed Teststep: Then search recipe 'breakfast pizza' with arguments: [breakfast pizza]
08:09:07 Invoking Teststep: Then select a recipe
08:09:14 Invoking Teststep: click on {loc} with arguments: [pizzaRecipeImg.click]
08:09:14 Completed Teststep: click on {loc} with arguments: [pizzaRecipeImg.click]
08:09:20 Completed Teststep: Then select a recipe
08:09:20 Invoking Teststep: Then save a recipe
08:09:20 Invoking Teststep: click on {loc} with arguments: [saveReceipeBtn.click]
08:09:20 Completed Teststep: click on {loc} with arguments: [saveReceipeBtn.click]
08:09:26 Completed Teststep: Then save a recipe
08:09:26 Invoking Teststep: Then verify saved recipe msg for Reg User
08:09:26 Invoking Teststep: assert {loc} is visible with arguments: [savedTxt.verify]
08:09:27 Completed Teststep: assert {loc} is visible with arguments: [savedTxt.verify]
08:09:33 Completed Teststep: Then verify saved recipe msg for Reg User
08:09:33 Competed scenario: Verify SAVES Button functionality with status SUCCESS
08:12:18 scenario.file.loc[Ljava.lang.String;@42607a4f
08:12:18 loading BDD file: C:\Users\vaidh\eclipse-workspace\foodautomation\.\scenarios\smoketest.bdd
08:12:18 total test found: 6
08:12:18 

Executing scenario: verify Test Food Receipe Title - verify Test Food Receipe Title
08:12:18 pkg: com.qmetry.qaf.automation.step
08:12:18 pkg: com.qmetry.qaf.example
08:12:18 Found duplicate step to load [] with [lower] prority then []
08:12:18 Invoking Teststep: Given get '/' with arguments: [/]
08:12:27 Completed Teststep: Given get '/' with arguments: [/]
08:12:27 Invoking Teststep: When navigate To Recipes page
08:12:33 Invoking Teststep: click on {loc} with arguments: [button.recipe]
08:12:36 Completed Teststep: click on {loc} with arguments: [button.recipe]
08:12:36 Completed Teststep: When navigate To Recipes page
08:12:36 
/**
* Auto-generated code snippet by QMetry Automation Framework.
*/
@QAFTestStep(description="verify text is RECIPES")
public void verifyTextIsRECIPES(){
	//TODO: remove NotYetImplementedException and call test steps
	throw new NotYetImplementedException();
}
08:12:36 Competed scenario: verify Test Food Receipe Title with status FAILURE
08:12:36 

Executing scenario: verify Save Recipe Action for Guest User - verify Save Recipe for Guest User
08:12:36 Invoking Teststep: Given get '/' with arguments: [/]
08:12:37 Completed Teststep: Given get '/' with arguments: [/]
08:12:37 Invoking Teststep: When navigate to search page
08:12:43 Invoking Teststep: wait until {loc} to be visible with arguments: [recipe.search]
08:12:43 Completed Teststep: wait until {loc} to be visible with arguments: [recipe.search]
08:12:43 Invoking Teststep: click on {loc} with arguments: [recipe.search]
08:12:44 Completed Teststep: click on {loc} with arguments: [recipe.search]
08:12:44 Invoking Teststep: wait until {loc} to be visible with arguments: [recipetype.search]
08:12:45 Completed Teststep: wait until {loc} to be visible with arguments: [recipetype.search]
08:12:45 Completed Teststep: When navigate to search page
08:12:45 Invoking Teststep: Then search recipe 'breakfast pizza' with arguments: [breakfast pizza]
08:12:45 Invoking Teststep: wait until {loc} to be visible with arguments: [recipetype.search]
08:12:45 Completed Teststep: wait until {loc} to be visible with arguments: [recipetype.search]
08:12:45 Invoking Teststep: click on {loc} with arguments: [recipetype.search]
08:12:45 Completed Teststep: click on {loc} with arguments: [recipetype.search]
08:12:45 Invoking Teststep: sendKeys {text} into {loc} with arguments: [breakfast pizza?, recipetype.search]
08:12:45 Completed Teststep: sendKeys {text} into {loc} with arguments: [breakfast pizza?, recipetype.search]
08:12:51 Completed Teststep: Then search recipe 'breakfast pizza' with arguments: [breakfast pizza]
08:12:51 Invoking Teststep: Then select a recipe
08:12:57 Invoking Teststep: wait until {loc} to be visible with arguments: [pizzaRecipeImg.click]
08:12:57 Completed Teststep: wait until {loc} to be visible with arguments: [pizzaRecipeImg.click]
08:12:57 Invoking Teststep: click on {loc} with arguments: [pizzaRecipeImg.click]
08:12:58 Completed Teststep: click on {loc} with arguments: [pizzaRecipeImg.click]
08:13:04 Completed Teststep: Then select a recipe
08:13:04 Invoking Teststep: Then save a recipe
08:13:04 Invoking Teststep: wait until {loc} to be visible with arguments: [saveReceipeBtn.click]
08:13:04 Completed Teststep: wait until {loc} to be visible with arguments: [saveReceipeBtn.click]
08:13:04 Invoking Teststep: click on {loc} with arguments: [saveReceipeBtn.click]
08:13:04 Completed Teststep: click on {loc} with arguments: [saveReceipeBtn.click]
08:13:10 Completed Teststep: Then save a recipe
08:13:10 Invoking Teststep: Then verify login message for unregistered user while save/review
08:13:10 Invoking Teststep: wait until {loc} to be visible with arguments: [saveMessageText.verify]
08:13:10 Completed Teststep: wait until {loc} to be visible with arguments: [saveMessageText.verify]
08:13:16 Invoking Teststep: assert {loc} is visible with arguments: [saveMessageText.verify]
08:13:17 Completed Teststep: assert {loc} is visible with arguments: [saveMessageText.verify]
08:13:17 Completed Teststep: Then verify login message for unregistered user while save/review
08:13:17 Competed scenario: verify Save Recipe Action for Guest User with status SUCCESS
08:13:17 

Executing scenario: verify Review Recipe Action for Guest User - verify Review Recipe for Guest User
08:13:17 Invoking Teststep: Given get '/' with arguments: [/]
08:13:18 Completed Teststep: Given get '/' with arguments: [/]
08:13:18 Invoking Teststep: When navigate to search page
08:13:24 Invoking Teststep: wait until {loc} to be visible with arguments: [recipe.search]
08:13:24 Completed Teststep: wait until {loc} to be visible with arguments: [recipe.search]
08:13:24 Invoking Teststep: click on {loc} with arguments: [recipe.search]
08:13:25 Completed Teststep: click on {loc} with arguments: [recipe.search]
08:13:25 Invoking Teststep: wait until {loc} to be visible with arguments: [recipetype.search]
08:13:26 Completed Teststep: wait until {loc} to be visible with arguments: [recipetype.search]
08:13:26 Completed Teststep: When navigate to search page
08:13:26 Invoking Teststep: Then search recipe 'breakfast pizza' with arguments: [breakfast pizza]
08:13:26 Invoking Teststep: wait until {loc} to be visible with arguments: [recipetype.search]
08:13:26 Completed Teststep: wait until {loc} to be visible with arguments: [recipetype.search]
08:13:26 Invoking Teststep: click on {loc} with arguments: [recipetype.search]
08:13:26 Completed Teststep: click on {loc} with arguments: [recipetype.search]
08:13:26 Invoking Teststep: sendKeys {text} into {loc} with arguments: [breakfast pizza?, recipetype.search]
08:13:26 Completed Teststep: sendKeys {text} into {loc} with arguments: [breakfast pizza?, recipetype.search]
08:13:32 Completed Teststep: Then search recipe 'breakfast pizza' with arguments: [breakfast pizza]
08:13:32 Invoking Teststep: Then select a recipe
08:13:38 Invoking Teststep: wait until {loc} to be visible with arguments: [pizzaRecipeImg.click]
08:13:39 Completed Teststep: wait until {loc} to be visible with arguments: [pizzaRecipeImg.click]
08:13:39 Invoking Teststep: click on {loc} with arguments: [pizzaRecipeImg.click]
08:13:39 Completed Teststep: click on {loc} with arguments: [pizzaRecipeImg.click]
08:13:45 Completed Teststep: Then select a recipe
08:13:45 Invoking Teststep: Then click on review btn
08:13:45 Invoking Teststep: wait until {loc} to be visible with arguments: [reviewBtn.click]
08:14:19 scenario.file.loc[Ljava.lang.String;@42607a4f
08:14:19 loading BDD file: C:\Users\vaidh\eclipse-workspace\foodautomation\.\scenarios\smoketest.bdd
08:14:19 total test found: 6
08:14:19 

Executing scenario: verify Test Food Receipe Title - verify Test Food Receipe Title
08:14:19 pkg: com.qmetry.qaf.automation.step
08:14:19 pkg: com.qmetry.qaf.example
08:14:19 Found duplicate step to load [] with [lower] prority then []
08:14:19 Invoking Teststep: Given get '/' with arguments: [/]
08:14:28 Completed Teststep: Given get '/' with arguments: [/]
08:14:28 Invoking Teststep: When navigate To Recipes page
08:14:34 Invoking Teststep: click on {loc} with arguments: [button.recipe]
08:14:37 Completed Teststep: click on {loc} with arguments: [button.recipe]
08:14:37 Completed Teststep: When navigate To Recipes page
08:14:37 
/**
* Auto-generated code snippet by QMetry Automation Framework.
*/
@QAFTestStep(description="verify text is RECIPES")
public void verifyTextIsRECIPES(){
	//TODO: remove NotYetImplementedException and call test steps
	throw new NotYetImplementedException();
}
08:14:37 Competed scenario: verify Test Food Receipe Title with status FAILURE
08:14:37 

Executing scenario: verify Save Recipe Action for Guest User - verify Save Recipe for Guest User
08:14:37 Invoking Teststep: Given get '/' with arguments: [/]
08:14:38 Completed Teststep: Given get '/' with arguments: [/]
08:14:38 Invoking Teststep: When navigate to search page
08:14:44 Invoking Teststep: wait until {loc} to be visible with arguments: [recipe.search]
08:14:44 Completed Teststep: wait until {loc} to be visible with arguments: [recipe.search]
08:14:44 Invoking Teststep: click on {loc} with arguments: [recipe.search]
08:14:45 Completed Teststep: click on {loc} with arguments: [recipe.search]
08:14:45 Invoking Teststep: wait until {loc} to be visible with arguments: [recipetype.search]
08:14:46 Completed Teststep: wait until {loc} to be visible with arguments: [recipetype.search]
08:14:46 Completed Teststep: When navigate to search page
08:14:46 Invoking Teststep: Then search recipe 'breakfast pizza' with arguments: [breakfast pizza]
08:14:46 Invoking Teststep: wait until {loc} to be visible with arguments: [recipetype.search]
08:14:46 Completed Teststep: wait until {loc} to be visible with arguments: [recipetype.search]
08:14:46 Invoking Teststep: click on {loc} with arguments: [recipetype.search]
08:14:46 Completed Teststep: click on {loc} with arguments: [recipetype.search]
08:14:46 Invoking Teststep: sendKeys {text} into {loc} with arguments: [breakfast pizza?, recipetype.search]
08:14:46 Completed Teststep: sendKeys {text} into {loc} with arguments: [breakfast pizza?, recipetype.search]
08:14:52 Completed Teststep: Then search recipe 'breakfast pizza' with arguments: [breakfast pizza]
08:14:52 Invoking Teststep: Then select a recipe
08:14:58 Invoking Teststep: wait until {loc} to be visible with arguments: [pizzaRecipeImg.click]
08:14:58 Completed Teststep: wait until {loc} to be visible with arguments: [pizzaRecipeImg.click]
08:14:58 Invoking Teststep: click on {loc} with arguments: [pizzaRecipeImg.click]
08:14:59 Completed Teststep: click on {loc} with arguments: [pizzaRecipeImg.click]
08:15:05 Completed Teststep: Then select a recipe
08:15:05 Invoking Teststep: Then save a recipe
08:15:05 Invoking Teststep: wait until {loc} to be visible with arguments: [saveReceipeBtn.click]
08:15:05 Completed Teststep: wait until {loc} to be visible with arguments: [saveReceipeBtn.click]
08:15:05 Invoking Teststep: click on {loc} with arguments: [saveReceipeBtn.click]
08:15:05 Completed Teststep: click on {loc} with arguments: [saveReceipeBtn.click]
08:15:11 Completed Teststep: Then save a recipe
08:15:11 Invoking Teststep: Then verify login message for unregistered user while save/review
08:15:11 Invoking Teststep: wait until {loc} to be visible with arguments: [saveMessageText.verify]
08:15:11 Completed Teststep: wait until {loc} to be visible with arguments: [saveMessageText.verify]
08:15:17 Invoking Teststep: assert {loc} is visible with arguments: [saveMessageText.verify]
08:15:18 Completed Teststep: assert {loc} is visible with arguments: [saveMessageText.verify]
08:15:18 Completed Teststep: Then verify login message for unregistered user while save/review
08:15:18 Competed scenario: verify Save Recipe Action for Guest User with status SUCCESS
08:15:18 

Executing scenario: verify Review Recipe Action for Guest User - verify Review Recipe for Guest User
08:15:18 Invoking Teststep: Given get '/' with arguments: [/]
08:15:19 Completed Teststep: Given get '/' with arguments: [/]
08:15:19 Invoking Teststep: When navigate to search page
08:15:25 Invoking Teststep: wait until {loc} to be visible with arguments: [recipe.search]
08:15:25 Completed Teststep: wait until {loc} to be visible with arguments: [recipe.search]
08:15:25 Invoking Teststep: click on {loc} with arguments: [recipe.search]
08:15:26 Completed Teststep: click on {loc} with arguments: [recipe.search]
08:15:26 Invoking Teststep: wait until {loc} to be visible with arguments: [recipetype.search]
08:15:26 Completed Teststep: wait until {loc} to be visible with arguments: [recipetype.search]
08:15:26 Completed Teststep: When navigate to search page
08:15:26 Invoking Teststep: Then search recipe 'breakfast pizza' with arguments: [breakfast pizza]
08:15:26 Invoking Teststep: wait until {loc} to be visible with arguments: [recipetype.search]
08:15:27 Completed Teststep: wait until {loc} to be visible with arguments: [recipetype.search]
08:15:27 Invoking Teststep: click on {loc} with arguments: [recipetype.search]
08:15:27 Completed Teststep: click on {loc} with arguments: [recipetype.search]
08:15:27 Invoking Teststep: sendKeys {text} into {loc} with arguments: [breakfast pizza?, recipetype.search]
08:15:27 Completed Teststep: sendKeys {text} into {loc} with arguments: [breakfast pizza?, recipetype.search]
08:15:33 Completed Teststep: Then search recipe 'breakfast pizza' with arguments: [breakfast pizza]
08:15:33 Invoking Teststep: Then select a recipe
08:15:39 Invoking Teststep: wait until {loc} to be visible with arguments: [pizzaRecipeImg.click]
08:15:39 Completed Teststep: wait until {loc} to be visible with arguments: [pizzaRecipeImg.click]
08:15:39 Invoking Teststep: click on {loc} with arguments: [pizzaRecipeImg.click]
08:15:40 Completed Teststep: click on {loc} with arguments: [pizzaRecipeImg.click]
08:15:46 Completed Teststep: Then select a recipe
08:15:46 Invoking Teststep: Then click on review btn
08:15:46 Invoking Teststep: wait until {loc} to be visible with arguments: [reviewBtn.click]
08:15:46 Completed Teststep: wait until {loc} to be visible with arguments: [reviewBtn.click]
08:15:46 Invoking Teststep: click on {loc} with arguments: [reviewBtn.click]
08:15:46 Completed Teststep: click on {loc} with arguments: [reviewBtn.click]
08:15:52 Completed Teststep: Then click on review btn
08:15:52 Invoking Teststep: Then write a review 'Good' with arguments: [Good]
08:15:52 Invoking Teststep: wait until {loc} to be visible with arguments: [writeReview.click]
08:15:53 Completed Teststep: wait until {loc} to be visible with arguments: [writeReview.click]
08:15:59 Invoking Teststep: sendKeys {text} into {loc} with arguments: [Good?, writeReview.click]
08:15:59 Completed Teststep: sendKeys {text} into {loc} with arguments: [Good?, writeReview.click]
08:16:05 Completed Teststep: Then write a review 'Good' with arguments: [Good]
08:16:05 Invoking Teststep: Then verify login message for unregistered user while save/review
08:16:05 Invoking Teststep: wait until {loc} to be visible with arguments: [saveMessageText.verify]
08:16:05 Completed Teststep: wait until {loc} to be visible with arguments: [saveMessageText.verify]
08:16:11 Invoking Teststep: assert {loc} is visible with arguments: [saveMessageText.verify]
08:16:11 Completed Teststep: assert {loc} is visible with arguments: [saveMessageText.verify]
08:16:11 Completed Teststep: Then verify login message for unregistered user while save/review
08:16:11 Competed scenario: verify Review Recipe Action for Guest User with status SUCCESS
08:16:11 

Executing scenario: verify Search Results - verify Search Results -count
08:16:11 Invoking Teststep: Given get '/' with arguments: [/]
08:16:12 Completed Teststep: Given get '/' with arguments: [/]
08:16:12 Invoking Teststep: When navigate to recipe page
08:16:12 Invoking Teststep: wait until {loc} to be visible with arguments: [recipeLink.click]
08:16:13 Completed Teststep: wait until {loc} to be visible with arguments: [recipeLink.click]
08:16:13 Invoking Teststep: click on {loc} with arguments: [recipeLink.click]
08:16:13 Completed Teststep: click on {loc} with arguments: [recipeLink.click]
08:16:13 Completed Teststep: When navigate to recipe page
08:16:13 Invoking Teststep: When navigate to search page
08:16:19 Invoking Teststep: wait until {loc} to be visible with arguments: [recipe.search]
08:16:19 Completed Teststep: wait until {loc} to be visible with arguments: [recipe.search]
08:16:19 Invoking Teststep: click on {loc} with arguments: [recipe.search]
08:16:20 Completed Teststep: click on {loc} with arguments: [recipe.search]
08:16:20 Invoking Teststep: wait until {loc} to be visible with arguments: [recipetype.search]
08:16:21 Completed Teststep: wait until {loc} to be visible with arguments: [recipetype.search]
08:16:21 Completed Teststep: When navigate to search page
08:16:21 Invoking Teststep: Then search recipe 'Biriyani' with arguments: [Biriyani]
08:16:21 Invoking Teststep: wait until {loc} to be visible with arguments: [recipetype.search]
08:16:21 Completed Teststep: wait until {loc} to be visible with arguments: [recipetype.search]
08:16:21 Invoking Teststep: click on {loc} with arguments: [recipetype.search]
08:16:21 Completed Teststep: click on {loc} with arguments: [recipetype.search]
08:16:21 Invoking Teststep: sendKeys {text} into {loc} with arguments: [Biriyani?, recipetype.search]
08:16:21 Completed Teststep: sendKeys {text} into {loc} with arguments: [Biriyani?, recipetype.search]
08:16:27 Completed Teststep: Then search recipe 'Biriyani' with arguments: [Biriyani]
08:16:27 Invoking Teststep: Then verify result count
08:16:27 Invoking Teststep: wait until {loc} to be visible with arguments: [resultCountText.verify]
08:16:27 Completed Teststep: wait until {loc} to be visible with arguments: [resultCountText.verify]
08:16:27 Invoking Teststep: scroll Down To Bottom
08:16:27 Completed Teststep: scroll Down To Bottom
08:16:27 Invoking Teststep: assert {loc} text is {text} with arguments: [resultCountText.verify, 10 RESULTS]
08:16:28 Completed Teststep: assert {loc} text is {text} with arguments: [resultCountText.verify, 10 RESULTS]
08:16:28 Completed Teststep: Then verify result count
08:16:28 Competed scenario: verify Search Results with status SUCCESS
08:16:28 

Executing scenario: verify Invalid Search - verify Invalid Search
08:16:28 Invoking Teststep: Given get '/' with arguments: [/]
08:16:29 Completed Teststep: Given get '/' with arguments: [/]
08:16:29 Invoking Teststep: When navigate to recipe page
08:16:29 Invoking Teststep: wait until {loc} to be visible with arguments: [recipeLink.click]
08:16:29 Completed Teststep: wait until {loc} to be visible with arguments: [recipeLink.click]
08:16:29 Invoking Teststep: click on {loc} with arguments: [recipeLink.click]
08:16:31 Completed Teststep: click on {loc} with arguments: [recipeLink.click]
08:16:31 Completed Teststep: When navigate to recipe page
08:16:31 Invoking Teststep: When navigate to search page
08:16:37 Invoking Teststep: wait until {loc} to be visible with arguments: [recipe.search]
08:16:37 Completed Teststep: wait until {loc} to be visible with arguments: [recipe.search]
08:16:37 Invoking Teststep: click on {loc} with arguments: [recipe.search]
08:16:38 Completed Teststep: click on {loc} with arguments: [recipe.search]
08:16:38 Invoking Teststep: wait until {loc} to be visible with arguments: [recipetype.search]
08:16:38 Completed Teststep: wait until {loc} to be visible with arguments: [recipetype.search]
08:16:38 Completed Teststep: When navigate to search page
08:16:38 Invoking Teststep: Then search recipe 'Iphone' with arguments: [Iphone]
08:16:38 Invoking Teststep: wait until {loc} to be visible with arguments: [recipetype.search]
08:16:38 Completed Teststep: wait until {loc} to be visible with arguments: [recipetype.search]
08:16:38 Invoking Teststep: click on {loc} with arguments: [recipetype.search]
08:16:39 Completed Teststep: click on {loc} with arguments: [recipetype.search]
08:16:39 Invoking Teststep: sendKeys {text} into {loc} with arguments: [Iphone?, recipetype.search]
08:16:39 Completed Teststep: sendKeys {text} into {loc} with arguments: [Iphone?, recipetype.search]
08:16:45 Completed Teststep: Then search recipe 'Iphone' with arguments: [Iphone]
08:16:45 Invoking Teststep: Then verify no match message
08:16:45 Invoking Teststep: wait until {loc} to be visible with arguments: [noMatchRecipeMsg.verify]
08:16:45 Completed Teststep: wait until {loc} to be visible with arguments: [noMatchRecipeMsg.verify]
08:16:45 Invoking Teststep: assert {loc} is visible with arguments: [noMatchRecipeMsg.verify]
08:16:45 Completed Teststep: assert {loc} is visible with arguments: [noMatchRecipeMsg.verify]
08:16:45 Completed Teststep: Then verify no match message
08:16:45 Competed scenario: verify Invalid Search with status SUCCESS
08:16:45 

Executing scenario: Verify SAVES Button functionality - Verify SAVES Button functionality
08:16:45 Invoking Teststep: Given get '/' with arguments: [/]
08:16:46 Completed Teststep: Given get '/' with arguments: [/]
08:16:46 Invoking Teststep: When login as Reg User 'vdhuggis@gmail.com' 'Arjun@17' with arguments: [vdhuggis@gmail.com, Arjun@17]
08:16:52 Invoking Teststep: click on {loc} with arguments: [signInBtn.click]
08:16:52 Completed Teststep: click on {loc} with arguments: [signInBtn.click]
08:16:52 Invoking Teststep: wait until {loc} to be visible with arguments: [logInBtn.click]
08:16:54 Completed Teststep: wait until {loc} to be visible with arguments: [logInBtn.click]
08:16:54 Invoking Teststep: click on {loc} with arguments: [logInBtn.click]
08:16:54 Completed Teststep: click on {loc} with arguments: [logInBtn.click]
08:16:54 Invoking Teststep: wait until {loc} to be visible with arguments: [emailTxt.click]
08:16:54 Completed Teststep: wait until {loc} to be visible with arguments: [emailTxt.click]
08:16:54 Invoking Teststep: click on {loc} with arguments: [emailTxt.click]
08:16:54 Completed Teststep: click on {loc} with arguments: [emailTxt.click]
08:16:54 Invoking Teststep: sendKeys {text} into {loc} with arguments: [vdhuggis@gmail.com, emailTxt.click]
08:16:54 Completed Teststep: sendKeys {text} into {loc} with arguments: [vdhuggis@gmail.com, emailTxt.click]
08:16:54 Invoking Teststep: wait until {loc} to be visible with arguments: [pwdTxt.click]
08:16:54 Completed Teststep: wait until {loc} to be visible with arguments: [pwdTxt.click]
08:16:54 Invoking Teststep: click on {loc} with arguments: [pwdTxt.click]
08:16:54 Completed Teststep: click on {loc} with arguments: [pwdTxt.click]
08:16:54 Invoking Teststep: sendKeys {text} into {loc} with arguments: [Arjun@17?, pwdTxt.click]
08:16:54 Completed Teststep: sendKeys {text} into {loc} with arguments: [Arjun@17?, pwdTxt.click]
08:17:00 Completed Teststep: When login as Reg User 'vdhuggis@gmail.com' 'Arjun@17' with arguments: [vdhuggis@gmail.com, Arjun@17]
08:17:00 Invoking Teststep: Then navigate to search page
08:17:06 Invoking Teststep: wait until {loc} to be visible with arguments: [recipe.search]
08:17:06 Completed Teststep: wait until {loc} to be visible with arguments: [recipe.search]
08:17:06 Invoking Teststep: click on {loc} with arguments: [recipe.search]
08:17:07 Completed Teststep: click on {loc} with arguments: [recipe.search]
08:17:07 Invoking Teststep: wait until {loc} to be visible with arguments: [recipetype.search]
08:17:08 Completed Teststep: wait until {loc} to be visible with arguments: [recipetype.search]
08:17:08 Completed Teststep: Then navigate to search page
08:17:08 Invoking Teststep: Then search recipe 'breakfast pizza' with arguments: [breakfast pizza]
08:17:08 Invoking Teststep: wait until {loc} to be visible with arguments: [recipetype.search]
08:17:08 Completed Teststep: wait until {loc} to be visible with arguments: [recipetype.search]
08:17:08 Invoking Teststep: click on {loc} with arguments: [recipetype.search]
08:17:08 Completed Teststep: click on {loc} with arguments: [recipetype.search]
08:17:08 Invoking Teststep: sendKeys {text} into {loc} with arguments: [breakfast pizza?, recipetype.search]
08:17:08 Completed Teststep: sendKeys {text} into {loc} with arguments: [breakfast pizza?, recipetype.search]
08:17:14 Completed Teststep: Then search recipe 'breakfast pizza' with arguments: [breakfast pizza]
08:17:14 Invoking Teststep: Then select a recipe
08:17:20 Invoking Teststep: wait until {loc} to be visible with arguments: [pizzaRecipeImg.click]
08:17:20 Completed Teststep: wait until {loc} to be visible with arguments: [pizzaRecipeImg.click]
08:17:20 Invoking Teststep: click on {loc} with arguments: [pizzaRecipeImg.click]
08:17:21 Completed Teststep: click on {loc} with arguments: [pizzaRecipeImg.click]
08:17:27 Completed Teststep: Then select a recipe
08:17:27 Invoking Teststep: Then save a recipe
08:17:27 Invoking Teststep: wait until {loc} to be visible with arguments: [saveReceipeBtn.click]
08:17:27 Completed Teststep: wait until {loc} to be visible with arguments: [saveReceipeBtn.click]
08:17:27 Invoking Teststep: click on {loc} with arguments: [saveReceipeBtn.click]
08:17:27 Completed Teststep: click on {loc} with arguments: [saveReceipeBtn.click]
08:17:33 Completed Teststep: Then save a recipe
08:17:33 Invoking Teststep: Then verify saved recipe msg for Reg User
08:17:33 Invoking Teststep: wait until {loc} to be visible with arguments: [savedTxt.verify]
08:17:33 Completed Teststep: wait until {loc} to be visible with arguments: [savedTxt.verify]
08:17:33 Invoking Teststep: assert {loc} is visible with arguments: [savedTxt.verify]
08:17:34 Completed Teststep: assert {loc} is visible with arguments: [savedTxt.verify]
08:17:40 Completed Teststep: Then verify saved recipe msg for Reg User
08:17:40 Competed scenario: Verify SAVES Button functionality with status SUCCESS
08:27:56 scenario.file.loc[Ljava.lang.String;@42607a4f
08:27:56 loading BDD file: C:\Users\vaidh\eclipse-workspace\foodautomation\.\scenarios\smoketest.bdd
08:27:56 total test found: 6
08:27:56 

Executing scenario: verify Test Food Receipe Title - verify Test Food Receipe Title
08:27:56 pkg: com.qmetry.qaf.automation.step
08:27:56 pkg: com.qmetry.qaf.example
08:27:56 Found duplicate step to load [] with [lower] prority then []
08:27:56 Invoking Teststep: Given get '/' with arguments: [/]
08:28:05 Completed Teststep: Given get '/' with arguments: [/]
08:28:05 Invoking Teststep: When navigate To Recipes page
08:28:45 Failure Teststep: When navigate To Recipes page
org.openqa.selenium.TimeoutException: Timed out after 30 seconds waiting for presence of element located by: By.cssSelector: a[href='https://www.food.com/recipe?ref=nav']
	at com.qmetry.qaf.automation.ui.util.DynamicWait.until(DynamicWait.java:170)
	at com.qmetry.qaf.automation.ui.webdriver.QAFExtendedWebDriver.load(QAFExtendedWebDriver.java:215)
	at com.qmetry.qaf.automation.ui.webdriver.QAFExtendedWebElement.load(QAFExtendedWebElement.java:299)
	at com.qmetry.qaf.automation.ui.webdriver.QAFExtendedWebElement.execute(QAFExtendedWebElement.java:250)
	at org.openqa.selenium.remote.RemoteWebElement.click(RemoteWebElement.java:84)
	at com.qmetry.qaf.automation.step.CommonStep.click_aroundBody38(CommonStep.java:460)
	at com.qmetry.qaf.automation.step.CommonStep$AjcClosure39.run(CommonStep.java:1)
	at org.aspectj.runtime.reflect.JoinPointImpl.proceed(JoinPointImpl.java:149)
	at com.qmetry.qaf.automation.step.JavaStepReporter.javaTestStep(JavaStepReporter.java:101)
	at com.qmetry.qaf.automation.step.CommonStep.click(CommonStep.java:459)
	at com.qmetry.qaf.example.steps.StepsLibrary.navigateToRecipes(StepsLibrary.java:30)
	at sun.reflect.NativeMethodAccessorImpl.invoke0(Native Method)
	at sun.reflect.NativeMethodAccessorImpl.invoke(NativeMethodAccessorImpl.java:62)
	at sun.reflect.DelegatingMethodAccessorImpl.invoke(DelegatingMethodAccessorImpl.java:43)
	at java.lang.reflect.Method.invoke(Method.java:498)
	at com.qmetry.qaf.automation.step.JavaStep.doExecute(JavaStep.java:153)
	at com.qmetry.qaf.automation.step.BaseTestStep.execute(BaseTestStep.java:149)
	at com.qmetry.qaf.automation.step.StringTestStep.execute(StringTestStep.java:134)
	at com.qmetry.qaf.automation.step.client.Scenario.execute(Scenario.java:180)
	at com.qmetry.qaf.automation.step.client.Scenario.scenario(Scenario.java:232)
	at sun.reflect.NativeMethodAccessorImpl.invoke0(Native Method)
	at sun.reflect.NativeMethodAccessorImpl.invoke(NativeMethodAccessorImpl.java:62)
	at sun.reflect.DelegatingMethodAccessorImpl.invoke(DelegatingMethodAccessorImpl.java:43)
	at java.lang.reflect.Method.invoke(Method.java:498)
	at org.testng.internal.MethodInvocationHelper.invokeMethod(MethodInvocationHelper.java:104)
	at org.testng.internal.Invoker.invokeMethod(Invoker.java:645)
	at org.testng.internal.Invoker.invokeTestMethod(Invoker.java:851)
	at org.testng.internal.Invoker.invokeTestMethods(Invoker.java:1177)
	at org.testng.internal.TestMethodWorker.invokeTestMethods(TestMethodWorker.java:129)
	at org.testng.internal.TestMethodWorker.run(TestMethodWorker.java:112)
	at org.testng.TestRunner.privateRun(TestRunner.java:781)
	at org.testng.TestRunner.run(TestRunner.java:635)
	at org.testng.SuiteRunner.runTest(SuiteRunner.java:387)
	at org.testng.SuiteRunner.runSequentially(SuiteRunner.java:382)
	at org.testng.SuiteRunner.privateRun(SuiteRunner.java:340)
	at org.testng.SuiteRunner.run(SuiteRunner.java:289)
	at org.testng.SuiteRunnerWorker.runSuite(SuiteRunnerWorker.java:52)
	at org.testng.SuiteRunnerWorker.run(SuiteRunnerWorker.java:86)
	at org.testng.TestNG.runSuitesSequentially(TestNG.java:1293)
	at org.testng.TestNG.runSuitesLocally(TestNG.java:1218)
	at org.testng.TestNG.runSuites(TestNG.java:1133)
	at org.testng.TestNG.run(TestNG.java:1104)
	at org.testng.remote.AbstractRemoteTestNG.run(AbstractRemoteTestNG.java:115)
	at org.testng.remote.RemoteTestNG.initAndRun(RemoteTestNG.java:251)
	at org.testng.remote.RemoteTestNG.main(RemoteTestNG.java:77)
Caused by: org.openqa.selenium.NoSuchElementException: no such element: Unable to locate element: {"method":"css selector","selector":"a[href='https://www.food.com/recipe?ref=nav']"}
  (Session info: chrome=81.0.4044.129)
For documentation on this error, please visit: https://www.seleniumhq.org/exceptions/no_such_element.html
Build info: version: '3.141.59', revision: 'e82be7d358', time: '2018-11-14T08:17:03'
System info: host: 'VAIDHUSANTHU', ip: '192.168.0.56', os.name: 'Windows 10', os.arch: 'amd64', os.version: '10.0', java.version: '1.8.0_231'
Driver info: com.qmetry.qaf.automation.ui.webdriver.QAFExtendedWebDriver
Capabilities {acceptInsecureCerts: false, browserName: chrome, browserVersion: 81.0.4044.129, chrome: {chromedriverVersion: 81.0.4044.69 (6813546031a4b..., userDataDir: C:\Users\vaidh\AppData\Loca...}, goog:chromeOptions: {debuggerAddress: localhost:55046}, javascriptEnabled: true, networkConnectionEnabled: false, pageLoadStrategy: normal, platform: WINDOWS, platformName: WINDOWS, proxy: Proxy(), setWindowRect: true, strictFileInteractability: false, timeouts: {implicit: 0, pageLoad: 300000, script: 30000}, unhandledPromptBehavior: dismiss and notify, webauthn:virtualAuthenticators: true}
Session ID: a9dbeaceaa6c2311110159d8ac12c440
*** Element info: {Using=css selector, value=a[href='https://www.food.com/recipe?ref=nav']}
	at sun.reflect.GeneratedConstructorAccessor15.newInstance(Unknown Source)
	at sun.reflect.DelegatingConstructorAccessorImpl.newInstance(DelegatingConstructorAccessorImpl.java:45)
	at java.lang.reflect.Constructor.newInstance(Constructor.java:423)
	at org.openqa.selenium.remote.http.W3CHttpResponseCodec.createException(W3CHttpResponseCodec.java:187)
	at org.openqa.selenium.remote.http.W3CHttpResponseCodec.decode(W3CHttpResponseCodec.java:122)
	at org.openqa.selenium.remote.http.W3CHttpResponseCodec.decode(W3CHttpResponseCodec.java:49)
	at org.openqa.selenium.remote.HttpCommandExecutor.execute(HttpCommandExecutor.java:158)
	at org.openqa.selenium.remote.RemoteWebDriver.execute(RemoteWebDriver.java:552)
	at com.qmetry.qaf.automation.ui.webdriver.QAFExtendedWebDriver.execute(QAFExtendedWebDriver.java:235)
	at org.openqa.selenium.remote.RemoteWebDriver.findElement(RemoteWebDriver.java:323)
	at org.openqa.selenium.remote.RemoteWebDriver.findElementByCssSelector(RemoteWebDriver.java:420)
	at com.qmetry.qaf.automation.ui.webdriver.QAFExtendedWebDriver.findElementByCssSelector(QAFExtendedWebDriver.java:369)
	at com.qmetry.qaf.automation.ui.webdriver.QAFExtendedWebDriver.findElementByCssSelector(QAFExtendedWebDriver.java:1)
	at org.openqa.selenium.By$ByCssSelector.findElement(By.java:431)
	at org.openqa.selenium.remote.RemoteWebDriver.findElement(RemoteWebDriver.java:315)
	at com.qmetry.qaf.automation.ui.webdriver.QAFExtendedWebDriver.findElement(QAFExtendedWebDriver.java:170)
	at com.qmetry.qaf.automation.ui.webdriver.QAFExtendedWebDriver.findElement(QAFExtendedWebDriver.java:1)
	at org.openqa.selenium.support.ui.ExpectedConditions$6.apply(ExpectedConditions.java:182)
	at org.openqa.selenium.support.ui.ExpectedConditions$6.apply(ExpectedConditions.java:179)
	at com.qmetry.qaf.automation.ui.util.DynamicWait.until(DynamicWait.java:149)
	... 44 more
08:28:45 Completed Teststep: When navigate To Recipes page
08:28:45 Competed scenario: verify Test Food Receipe Title with status FAILURE
08:29:44 scenario.file.loc[Ljava.lang.String;@42607a4f
08:29:44 loading BDD file: C:\Users\vaidh\eclipse-workspace\foodautomation\.\scenarios\smoketest.bdd
08:29:44 total test found: 6
08:29:44 

Executing scenario: verify Test Food Receipe Title - verify Test Food Receipe Title
08:29:44 pkg: com.qmetry.qaf.automation.step
08:29:44 pkg: com.qmetry.qaf.example
08:29:44 Found duplicate step to load [] with [lower] prority then []
08:29:44 Invoking Teststep: Given get '/' with arguments: [/]
08:29:53 Completed Teststep: Given get '/' with arguments: [/]
08:29:53 Invoking Teststep: When navigate To Recipes page
08:30:03 Completed Teststep: When navigate To Recipes page
08:30:03 
/**
* Auto-generated code snippet by QMetry Automation Framework.
*/
@QAFTestStep(description="verify text is RECIPES")
public void verifyTextIsRECIPES(){
	//TODO: remove NotYetImplementedException and call test steps
	throw new NotYetImplementedException();
}
08:30:03 Competed scenario: verify Test Food Receipe Title with status FAILURE
08:30:03 

Executing scenario: verify Save Recipe Action for Guest User - verify Save Recipe for Guest User
08:30:03 Invoking Teststep: Given get '/' with arguments: [/]
08:30:04 Completed Teststep: Given get '/' with arguments: [/]
08:30:04 Invoking Teststep: When navigate to search page
08:30:14 Invoking Teststep: click on {loc} with arguments: [recipe.search]
08:30:15 Completed Teststep: click on {loc} with arguments: [recipe.search]
08:30:15 Invoking Teststep: wait until {loc} to be visible with arguments: [recipetype.search]
08:30:16 Completed Teststep: wait until {loc} to be visible with arguments: [recipetype.search]
08:30:16 Completed Teststep: When navigate to search page
08:30:16 Invoking Teststep: Then search recipe 'breakfast pizza' with arguments: [breakfast pizza]
08:30:16 Invoking Teststep: click on {loc} with arguments: [recipetype.search]
08:30:16 Completed Teststep: click on {loc} with arguments: [recipetype.search]
08:30:16 Invoking Teststep: sendKeys {text} into {loc} with arguments: [breakfast pizza?, recipetype.search]
08:30:16 Completed Teststep: sendKeys {text} into {loc} with arguments: [breakfast pizza?, recipetype.search]
08:37:25 scenario.file.loc[Ljava.lang.String;@42607a4f
08:37:25 loading BDD file: C:\Users\vaidh\eclipse-workspace\foodautomation\.\scenarios\smoketest.bdd
08:37:25 total test found: 6
08:37:25 

Executing scenario: verify Test Food Receipe Title - verify Test Food Receipe Title
08:37:25 pkg: com.qmetry.qaf.automation.step
08:37:25 pkg: com.qmetry.qaf.example
08:37:25 Found duplicate step to load [] with [lower] prority then []
08:37:25 Invoking Teststep: Given get '/' with arguments: [/]
08:37:36 Completed Teststep: Given get '/' with arguments: [/]
08:37:36 
/**
* Auto-generated code snippet by QMetry Automation Framework.
*/
@QAFTestStep(description="navigate To Recipes page")
public void navigateToRecipesPage(){
	//TODO: remove NotYetImplementedException and call test steps
	throw new NotYetImplementedException();
}
08:37:36 Competed scenario: verify Test Food Receipe Title with status FAILURE
08:37:36 

Executing scenario: verify Save Recipe Action for Guest User - verify Save Recipe for Guest User
08:37:36 Invoking Teststep: Given get '/' with arguments: [/]
08:37:38 Completed Teststep: Given get '/' with arguments: [/]
08:37:38 
/**
* Auto-generated code snippet by QMetry Automation Framework.
*/
@QAFTestStep(description="navigate to search page")
public void navigateToSearchPage(){
	//TODO: remove NotYetImplementedException and call test steps
	throw new NotYetImplementedException();
}
08:37:38 Competed scenario: verify Save Recipe Action for Guest User with status FAILURE
08:37:38 

Executing scenario: verify Review Recipe Action for Guest User - verify Review Recipe for Guest User
08:37:38 Invoking Teststep: Given get '/' with arguments: [/]
08:37:39 Completed Teststep: Given get '/' with arguments: [/]
08:37:39 
/**
* Auto-generated code snippet by QMetry Automation Framework.
*/
@QAFTestStep(description="navigate to search page")
public void navigateToSearchPage(){
	//TODO: remove NotYetImplementedException and call test steps
	throw new NotYetImplementedException();
}
08:37:39 Competed scenario: verify Review Recipe Action for Guest User with status FAILURE
08:37:39 

Executing scenario: verify Search Results - verify Search Results -count
08:37:39 Invoking Teststep: Given get '/' with arguments: [/]
08:37:41 Completed Teststep: Given get '/' with arguments: [/]
08:37:41 
/**
* Auto-generated code snippet by QMetry Automation Framework.
*/
@QAFTestStep(description="navigate to recipe page")
public void navigateToRecipePage(){
	//TODO: remove NotYetImplementedException and call test steps
	throw new NotYetImplementedException();
}
08:37:41 Competed scenario: verify Search Results with status FAILURE
08:37:41 

Executing scenario: verify Invalid Search - verify Invalid Search
08:37:41 Invoking Teststep: Given get '/' with arguments: [/]
08:37:42 Completed Teststep: Given get '/' with arguments: [/]
08:37:42 
/**
* Auto-generated code snippet by QMetry Automation Framework.
*/
@QAFTestStep(description="navigate to recipe page")
public void navigateToRecipePage(){
	//TODO: remove NotYetImplementedException and call test steps
	throw new NotYetImplementedException();
}
08:37:42 Competed scenario: verify Invalid Search with status FAILURE
08:37:42 

Executing scenario: Verify SAVES Button functionality - Verify SAVES Button functionality
08:37:42 Invoking Teststep: Given get '/' with arguments: [/]
08:37:44 Completed Teststep: Given get '/' with arguments: [/]
08:37:44 
/**
* Auto-generated code snippet by QMetry Automation Framework.
*/
@QAFTestStep(description="login as Reg User {0} {1}")
public void loginAsRegUser(String str0,String str1){
	//TODO: remove NotYetImplementedException and call test steps
	throw new NotYetImplementedException();
}
08:37:44 Competed scenario: Verify SAVES Button functionality with status FAILURE
08:38:27 scenario.file.loc[Ljava.lang.String;@42607a4f
08:38:27 loading BDD file: C:\Users\vaidh\eclipse-workspace\foodautomation\.\scenarios\smoketest.bdd
08:38:27 total test found: 6
08:38:27 

Executing scenario: verify Test Food Receipe Title - verify Test Food Receipe Title
08:38:27 pkg: com.qmetry.qaf.automation.step
08:38:27 pkg: com.qmetry.qaf.example
08:38:27 Found duplicate step to load [] with [lower] prority then []
08:38:27 Invoking Teststep: Given get '/' with arguments: [/]
08:38:38 Completed Teststep: Given get '/' with arguments: [/]
08:38:38 Invoking Teststep: When navigate To Recipes page
08:38:48 Invoking Teststep: click on {loc} with arguments: [button.recipe]
08:38:50 Completed Teststep: click on {loc} with arguments: [button.recipe]
08:38:50 Completed Teststep: When navigate To Recipes page
08:38:50 
/**
* Auto-generated code snippet by QMetry Automation Framework.
*/
@QAFTestStep(description="verify text is RECIPES")
public void verifyTextIsRECIPES(){
	//TODO: remove NotYetImplementedException and call test steps
	throw new NotYetImplementedException();
}
08:38:50 Competed scenario: verify Test Food Receipe Title with status FAILURE
08:38:50 

Executing scenario: verify Save Recipe Action for Guest User - verify Save Recipe for Guest User
08:38:50 Invoking Teststep: Given get '/' with arguments: [/]
08:38:51 Completed Teststep: Given get '/' with arguments: [/]
08:38:51 Invoking Teststep: When navigate to search page
08:39:01 Invoking Teststep: wait until {loc} to be visible with arguments: [recipe.search]
08:39:01 Completed Teststep: wait until {loc} to be visible with arguments: [recipe.search]
08:39:01 Invoking Teststep: click on {loc} with arguments: [recipe.search]
08:39:02 Completed Teststep: click on {loc} with arguments: [recipe.search]
08:39:02 Invoking Teststep: wait until {loc} to be visible with arguments: [recipetype.search]
08:39:03 Completed Teststep: wait until {loc} to be visible with arguments: [recipetype.search]
08:39:03 Completed Teststep: When navigate to search page
08:39:03 Invoking Teststep: Then search recipe 'breakfast pizza' with arguments: [breakfast pizza]
08:39:03 Invoking Teststep: wait until {loc} to be visible with arguments: [recipetype.search]
08:39:03 Completed Teststep: wait until {loc} to be visible with arguments: [recipetype.search]
08:39:03 Invoking Teststep: click on {loc} with arguments: [recipetype.search]
08:39:03 Completed Teststep: click on {loc} with arguments: [recipetype.search]
08:39:03 Invoking Teststep: sendKeys {text} into {loc} with arguments: [breakfast pizza?, recipetype.search]
08:39:03 Completed Teststep: sendKeys {text} into {loc} with arguments: [breakfast pizza?, recipetype.search]
08:54:26 scenario.file.loc[Ljava.lang.String;@42607a4f
08:54:26 loading BDD file: C:\Users\vaidh\eclipse-workspace\foodautomation\.\scenarios\smoketest.bdd
08:54:26 total test found: 6
08:54:27 

Executing scenario: verify Test Food Receipe Title - verify Test Food Receipe Title
08:54:27 pkg: com.qmetry.qaf.automation.step
08:54:27 pkg: com.qmetry.qaf.example
08:54:27 Found duplicate step to load [] with [lower] prority then []
08:54:27 Invoking Teststep: Given get '/' with arguments: [/]
08:54:35 Completed Teststep: Given get '/' with arguments: [/]
08:54:35 Invoking Teststep: When navigate to recipe page
08:54:35 Invoking Teststep: wait until {loc} to be visible with arguments: [recipeLink.click]
08:54:36 Completed Teststep: wait until {loc} to be visible with arguments: [recipeLink.click]
08:54:36 Invoking Teststep: click on {loc} with arguments: [recipeLink.click]
08:54:36 Completed Teststep: click on {loc} with arguments: [recipeLink.click]
08:54:36 Completed Teststep: When navigate to recipe page
08:54:36 Invoking Teststep: Then verify text is RECIPES
08:54:36 Failure Teststep: Then verify text is RECIPES
java.lang.AssertionError: expected [RECIPES] but found [text.recipe]
	at org.testng.Assert.fail(Assert.java:94)
	at org.testng.Assert.failNotEquals(Assert.java:513)
	at org.testng.Assert.assertEqualsImpl(Assert.java:135)
	at org.testng.Assert.assertEquals(Assert.java:116)
	at org.testng.Assert.assertEquals(Assert.java:190)
	at org.testng.Assert.assertEquals(Assert.java:200)
	at com.qmetry.qaf.example.steps.StepsLibrary.verifyTextIsRECIPES_aroundBody38(StepsLibrary.java:249)
	at com.qmetry.qaf.example.steps.StepsLibrary$AjcClosure39.run(StepsLibrary.java:1)
	at org.aspectj.runtime.reflect.JoinPointImpl.proceed(JoinPointImpl.java:149)
	at com.qmetry.qaf.automation.step.JavaStepReporter.javaTestStep(JavaStepReporter.java:101)
	at com.qmetry.qaf.example.steps.StepsLibrary.verifyTextIsRECIPES(StepsLibrary.java:246)
	at sun.reflect.NativeMethodAccessorImpl.invoke0(Native Method)
	at sun.reflect.NativeMethodAccessorImpl.invoke(NativeMethodAccessorImpl.java:62)
	at sun.reflect.DelegatingMethodAccessorImpl.invoke(DelegatingMethodAccessorImpl.java:43)
	at java.lang.reflect.Method.invoke(Method.java:498)
	at com.qmetry.qaf.automation.step.JavaStep.doExecute(JavaStep.java:153)
	at com.qmetry.qaf.automation.step.BaseTestStep.execute(BaseTestStep.java:149)
	at com.qmetry.qaf.automation.step.StringTestStep.execute(StringTestStep.java:134)
	at com.qmetry.qaf.automation.step.client.Scenario.execute(Scenario.java:180)
	at com.qmetry.qaf.automation.step.client.Scenario.scenario(Scenario.java:232)
	at sun.reflect.NativeMethodAccessorImpl.invoke0(Native Method)
	at sun.reflect.NativeMethodAccessorImpl.invoke(NativeMethodAccessorImpl.java:62)
	at sun.reflect.DelegatingMethodAccessorImpl.invoke(DelegatingMethodAccessorImpl.java:43)
	at java.lang.reflect.Method.invoke(Method.java:498)
	at org.testng.internal.MethodInvocationHelper.invokeMethod(MethodInvocationHelper.java:104)
	at org.testng.internal.Invoker.invokeMethod(Invoker.java:645)
	at org.testng.internal.Invoker.invokeTestMethod(Invoker.java:851)
	at org.testng.internal.Invoker.invokeTestMethods(Invoker.java:1177)
	at org.testng.internal.TestMethodWorker.invokeTestMethods(TestMethodWorker.java:129)
	at org.testng.internal.TestMethodWorker.run(TestMethodWorker.java:112)
	at org.testng.TestRunner.privateRun(TestRunner.java:781)
	at org.testng.TestRunner.run(TestRunner.java:635)
	at org.testng.SuiteRunner.runTest(SuiteRunner.java:387)
	at org.testng.SuiteRunner.runSequentially(SuiteRunner.java:382)
	at org.testng.SuiteRunner.privateRun(SuiteRunner.java:340)
	at org.testng.SuiteRunner.run(SuiteRunner.java:289)
	at org.testng.SuiteRunnerWorker.runSuite(SuiteRunnerWorker.java:52)
	at org.testng.SuiteRunnerWorker.run(SuiteRunnerWorker.java:86)
	at org.testng.TestNG.runSuitesSequentially(TestNG.java:1293)
	at org.testng.TestNG.runSuitesLocally(TestNG.java:1218)
	at org.testng.TestNG.runSuites(TestNG.java:1133)
	at org.testng.TestNG.run(TestNG.java:1104)
	at org.testng.remote.AbstractRemoteTestNG.run(AbstractRemoteTestNG.java:115)
	at org.testng.remote.RemoteTestNG.initAndRun(RemoteTestNG.java:251)
	at org.testng.remote.RemoteTestNG.main(RemoteTestNG.java:77)
08:54:36 Completed Teststep: Then verify text is RECIPES
08:54:36 Competed scenario: verify Test Food Receipe Title with status FAILURE
08:54:37 

Executing scenario: verify Save Recipe Action for Guest User - verify Save Recipe for Guest User
08:54:37 Invoking Teststep: Given get '/' with arguments: [/]
08:54:38 Completed Teststep: Given get '/' with arguments: [/]
08:54:38 Invoking Teststep: When navigate to search page
08:54:48 Invoking Teststep: wait until {loc} to be visible with arguments: [recipe.search]
08:54:48 Completed Teststep: wait until {loc} to be visible with arguments: [recipe.search]
08:54:48 Invoking Teststep: click on {loc} with arguments: [recipe.search]
08:54:48 Completed Teststep: click on {loc} with arguments: [recipe.search]
08:54:48 Invoking Teststep: wait until {loc} to be visible with arguments: [recipetype.search]
08:54:49 Completed Teststep: wait until {loc} to be visible with arguments: [recipetype.search]
08:54:49 Completed Teststep: When navigate to search page
08:54:49 Invoking Teststep: Then search recipe 'breakfast pizza' with arguments: [breakfast pizza]
08:54:49 Invoking Teststep: wait until {loc} to be visible with arguments: [recipetype.search]
08:54:49 Completed Teststep: wait until {loc} to be visible with arguments: [recipetype.search]
08:54:49 Invoking Teststep: click on {loc} with arguments: [recipetype.search]
08:54:50 Completed Teststep: click on {loc} with arguments: [recipetype.search]
08:54:50 Invoking Teststep: sendKeys {text} into {loc} with arguments: [breakfast pizza?, recipetype.search]
08:54:50 Completed Teststep: sendKeys {text} into {loc} with arguments: [breakfast pizza?, recipetype.search]
08:55:00 Completed Teststep: Then search recipe 'breakfast pizza' with arguments: [breakfast pizza]
08:55:00 Invoking Teststep: Then select a recipe
08:55:10 Invoking Teststep: wait until {loc} to be visible with arguments: [pizzaRecipeImg.click]
08:55:10 Completed Teststep: wait until {loc} to be visible with arguments: [pizzaRecipeImg.click]
08:55:10 Invoking Teststep: click on {loc} with arguments: [pizzaRecipeImg.click]
08:55:11 Completed Teststep: click on {loc} with arguments: [pizzaRecipeImg.click]
08:55:21 Completed Teststep: Then select a recipe
08:55:21 Invoking Teststep: Then save a recipe
08:55:21 Invoking Teststep: wait until {loc} to be visible with arguments: [saveReceipeBtn.click]
08:55:21 Completed Teststep: wait until {loc} to be visible with arguments: [saveReceipeBtn.click]
08:55:21 Invoking Teststep: click on {loc} with arguments: [saveReceipeBtn.click]
08:55:21 Completed Teststep: click on {loc} with arguments: [saveReceipeBtn.click]
08:55:31 Completed Teststep: Then save a recipe
08:55:31 Invoking Teststep: Then verify login message for unregistered user while save/review
08:55:31 Invoking Teststep: wait until {loc} to be visible with arguments: [saveMessageText.verify]
08:55:31 Completed Teststep: wait until {loc} to be visible with arguments: [saveMessageText.verify]
08:55:41 Invoking Teststep: assert {loc} is visible with arguments: [saveMessageText.verify]
08:55:41 Completed Teststep: assert {loc} is visible with arguments: [saveMessageText.verify]
08:55:41 Completed Teststep: Then verify login message for unregistered user while save/review
08:55:41 Competed scenario: verify Save Recipe Action for Guest User with status SUCCESS
08:55:41 

Executing scenario: verify Review Recipe Action for Guest User - verify Review Recipe for Guest User
08:55:41 Invoking Teststep: Given get '/' with arguments: [/]
08:55:42 Completed Teststep: Given get '/' with arguments: [/]
08:55:42 Invoking Teststep: When navigate to search page
08:55:52 Invoking Teststep: wait until {loc} to be visible with arguments: [recipe.search]
08:55:52 Completed Teststep: wait until {loc} to be visible with arguments: [recipe.search]
08:55:52 Invoking Teststep: click on {loc} with arguments: [recipe.search]
08:55:53 Completed Teststep: click on {loc} with arguments: [recipe.search]
08:55:53 Invoking Teststep: wait until {loc} to be visible with arguments: [recipetype.search]
08:55:53 Completed Teststep: wait until {loc} to be visible with arguments: [recipetype.search]
08:55:53 Completed Teststep: When navigate to search page
08:55:53 Invoking Teststep: Then search recipe 'breakfast pizza' with arguments: [breakfast pizza]
08:55:53 Invoking Teststep: wait until {loc} to be visible with arguments: [recipetype.search]
08:55:53 Completed Teststep: wait until {loc} to be visible with arguments: [recipetype.search]
08:55:53 Invoking Teststep: click on {loc} with arguments: [recipetype.search]
08:55:53 Completed Teststep: click on {loc} with arguments: [recipetype.search]
08:55:53 Invoking Teststep: sendKeys {text} into {loc} with arguments: [breakfast pizza?, recipetype.search]
08:55:54 Completed Teststep: sendKeys {text} into {loc} with arguments: [breakfast pizza?, recipetype.search]
08:56:04 Completed Teststep: Then search recipe 'breakfast pizza' with arguments: [breakfast pizza]
08:56:04 Invoking Teststep: Then select a recipe
08:56:14 Invoking Teststep: wait until {loc} to be visible with arguments: [pizzaRecipeImg.click]
08:56:14 Completed Teststep: wait until {loc} to be visible with arguments: [pizzaRecipeImg.click]
08:56:14 Invoking Teststep: click on {loc} with arguments: [pizzaRecipeImg.click]
08:56:16 Completed Teststep: click on {loc} with arguments: [pizzaRecipeImg.click]
08:56:26 Completed Teststep: Then select a recipe
08:56:26 Invoking Teststep: Then click on review btn
08:56:26 Invoking Teststep: wait until {loc} to be visible with arguments: [reviewBtn.click]
08:56:26 Completed Teststep: wait until {loc} to be visible with arguments: [reviewBtn.click]
08:56:26 Invoking Teststep: click on {loc} with arguments: [reviewBtn.click]
08:56:26 Completed Teststep: click on {loc} with arguments: [reviewBtn.click]
08:56:36 Completed Teststep: Then click on review btn
08:56:36 Invoking Teststep: Then write a review 'Good' with arguments: [Good]
08:56:36 Invoking Teststep: wait until {loc} to be visible with arguments: [writeReview.click]
08:56:36 Completed Teststep: wait until {loc} to be visible with arguments: [writeReview.click]
08:56:46 Invoking Teststep: sendKeys {text} into {loc} with arguments: [Good?, writeReview.click]
08:56:46 Completed Teststep: sendKeys {text} into {loc} with arguments: [Good?, writeReview.click]
08:56:56 Completed Teststep: Then write a review 'Good' with arguments: [Good]
08:56:56 Invoking Teststep: Then verify login message for unregistered user while save/review
08:56:56 Invoking Teststep: wait until {loc} to be visible with arguments: [saveMessageText.verify]
08:56:56 Completed Teststep: wait until {loc} to be visible with arguments: [saveMessageText.verify]
08:57:06 Invoking Teststep: assert {loc} is visible with arguments: [saveMessageText.verify]
08:57:07 Completed Teststep: assert {loc} is visible with arguments: [saveMessageText.verify]
08:57:07 Completed Teststep: Then verify login message for unregistered user while save/review
08:57:07 Competed scenario: verify Review Recipe Action for Guest User with status SUCCESS
08:57:07 

Executing scenario: verify Search Results - verify Search Results -count
08:57:07 Invoking Teststep: Given get '/' with arguments: [/]
08:57:08 Completed Teststep: Given get '/' with arguments: [/]
08:57:08 Invoking Teststep: When navigate to recipe page
08:57:08 Invoking Teststep: wait until {loc} to be visible with arguments: [recipeLink.click]
08:57:08 Completed Teststep: wait until {loc} to be visible with arguments: [recipeLink.click]
08:57:08 Invoking Teststep: click on {loc} with arguments: [recipeLink.click]
08:57:10 Completed Teststep: click on {loc} with arguments: [recipeLink.click]
08:57:10 Completed Teststep: When navigate to recipe page
08:57:10 Invoking Teststep: When navigate to search page
08:57:20 Invoking Teststep: wait until {loc} to be visible with arguments: [recipe.search]
08:57:20 Completed Teststep: wait until {loc} to be visible with arguments: [recipe.search]
08:57:20 Invoking Teststep: click on {loc} with arguments: [recipe.search]
08:57:20 Completed Teststep: click on {loc} with arguments: [recipe.search]
08:57:20 Invoking Teststep: wait until {loc} to be visible with arguments: [recipetype.search]
08:57:21 Completed Teststep: wait until {loc} to be visible with arguments: [recipetype.search]
08:57:21 Completed Teststep: When navigate to search page
08:57:21 Invoking Teststep: Then search recipe 'Biriyani' with arguments: [Biriyani]
08:57:21 Invoking Teststep: wait until {loc} to be visible with arguments: [recipetype.search]
08:57:21 Completed Teststep: wait until {loc} to be visible with arguments: [recipetype.search]
08:57:21 Invoking Teststep: click on {loc} with arguments: [recipetype.search]
08:57:21 Completed Teststep: click on {loc} with arguments: [recipetype.search]
08:57:21 Invoking Teststep: sendKeys {text} into {loc} with arguments: [Biriyani?, recipetype.search]
08:57:21 Completed Teststep: sendKeys {text} into {loc} with arguments: [Biriyani?, recipetype.search]
08:57:31 Completed Teststep: Then search recipe 'Biriyani' with arguments: [Biriyani]
08:57:31 Invoking Teststep: Then verify result count
08:57:31 Invoking Teststep: wait until {loc} to be visible with arguments: [resultCountText.verify]
08:57:31 Completed Teststep: wait until {loc} to be visible with arguments: [resultCountText.verify]
08:57:31 Invoking Teststep: scroll Down To Bottom
08:57:31 Completed Teststep: scroll Down To Bottom
08:57:31 Invoking Teststep: assert {loc} text is {text} with arguments: [resultCountText.verify, 10 RESULTS]
08:57:32 Completed Teststep: assert {loc} text is {text} with arguments: [resultCountText.verify, 10 RESULTS]
08:57:32 Completed Teststep: Then verify result count
08:57:32 Competed scenario: verify Search Results with status SUCCESS
08:57:32 

Executing scenario: verify Invalid Search - verify Invalid Search
08:57:32 Invoking Teststep: Given get '/' with arguments: [/]
08:57:33 Completed Teststep: Given get '/' with arguments: [/]
08:57:33 Invoking Teststep: When navigate to recipe page
08:57:33 Invoking Teststep: wait until {loc} to be visible with arguments: [recipeLink.click]
08:57:34 Completed Teststep: wait until {loc} to be visible with arguments: [recipeLink.click]
08:57:34 Invoking Teststep: click on {loc} with arguments: [recipeLink.click]
08:57:35 Completed Teststep: click on {loc} with arguments: [recipeLink.click]
08:57:35 Completed Teststep: When navigate to recipe page
08:57:35 Invoking Teststep: When navigate to search page
08:57:45 Invoking Teststep: wait until {loc} to be visible with arguments: [recipe.search]
08:57:45 Completed Teststep: wait until {loc} to be visible with arguments: [recipe.search]
08:57:45 Invoking Teststep: click on {loc} with arguments: [recipe.search]
08:57:46 Completed Teststep: click on {loc} with arguments: [recipe.search]
08:57:46 Invoking Teststep: wait until {loc} to be visible with arguments: [recipetype.search]
08:57:46 Completed Teststep: wait until {loc} to be visible with arguments: [recipetype.search]
08:57:46 Completed Teststep: When navigate to search page
08:57:46 Invoking Teststep: Then search recipe 'Iphone' with arguments: [Iphone]
08:57:46 Invoking Teststep: wait until {loc} to be visible with arguments: [recipetype.search]
08:57:46 Completed Teststep: wait until {loc} to be visible with arguments: [recipetype.search]
08:57:46 Invoking Teststep: click on {loc} with arguments: [recipetype.search]
08:57:47 Completed Teststep: click on {loc} with arguments: [recipetype.search]
08:57:47 Invoking Teststep: sendKeys {text} into {loc} with arguments: [Iphone?, recipetype.search]
08:57:47 Completed Teststep: sendKeys {text} into {loc} with arguments: [Iphone?, recipetype.search]
08:57:57 Completed Teststep: Then search recipe 'Iphone' with arguments: [Iphone]
08:57:57 Invoking Teststep: Then verify no match message
08:57:57 Invoking Teststep: wait until {loc} to be visible with arguments: [noMatchRecipeMsg.verify]
08:57:57 Completed Teststep: wait until {loc} to be visible with arguments: [noMatchRecipeMsg.verify]
08:57:57 Invoking Teststep: assert {loc} is visible with arguments: [noMatchRecipeMsg.verify]
08:57:58 Completed Teststep: assert {loc} is visible with arguments: [noMatchRecipeMsg.verify]
08:57:58 Completed Teststep: Then verify no match message
08:57:58 Competed scenario: verify Invalid Search with status SUCCESS
08:57:58 

Executing scenario: Verify SAVES Button functionality - Verify SAVES Button functionality
08:57:58 Invoking Teststep: Given get '/' with arguments: [/]
08:57:59 Completed Teststep: Given get '/' with arguments: [/]
08:57:59 Invoking Teststep: When login as Reg User 'vdhuggis@gmail.com' 'Arjun@17' with arguments: [vdhuggis@gmail.com, Arjun@17]
08:58:09 Invoking Teststep: click on {loc} with arguments: [signInBtn.click]
08:58:09 Completed Teststep: click on {loc} with arguments: [signInBtn.click]
08:58:09 Invoking Teststep: wait until {loc} to be visible with arguments: [logInBtn.click]
08:58:10 Completed Teststep: wait until {loc} to be visible with arguments: [logInBtn.click]
08:58:10 Invoking Teststep: click on {loc} with arguments: [logInBtn.click]
08:58:10 Completed Teststep: click on {loc} with arguments: [logInBtn.click]
08:58:10 Invoking Teststep: wait until {loc} to be visible with arguments: [emailTxt.click]
08:58:10 Completed Teststep: wait until {loc} to be visible with arguments: [emailTxt.click]
08:58:10 Invoking Teststep: click on {loc} with arguments: [emailTxt.click]
08:58:10 Completed Teststep: click on {loc} with arguments: [emailTxt.click]
08:58:10 Invoking Teststep: sendKeys {text} into {loc} with arguments: [vdhuggis@gmail.com, emailTxt.click]
08:58:10 Completed Teststep: sendKeys {text} into {loc} with arguments: [vdhuggis@gmail.com, emailTxt.click]
08:58:10 Invoking Teststep: wait until {loc} to be visible with arguments: [pwdTxt.click]
08:58:10 Completed Teststep: wait until {loc} to be visible with arguments: [pwdTxt.click]
08:58:10 Invoking Teststep: click on {loc} with arguments: [pwdTxt.click]
08:58:10 Completed Teststep: click on {loc} with arguments: [pwdTxt.click]
08:58:10 Invoking Teststep: sendKeys {text} into {loc} with arguments: [Arjun@17?, pwdTxt.click]
08:58:11 Completed Teststep: sendKeys {text} into {loc} with arguments: [Arjun@17?, pwdTxt.click]
08:58:21 Completed Teststep: When login as Reg User 'vdhuggis@gmail.com' 'Arjun@17' with arguments: [vdhuggis@gmail.com, Arjun@17]
08:58:21 Invoking Teststep: Then navigate to search page
08:58:31 Invoking Teststep: wait until {loc} to be visible with arguments: [recipe.search]
08:58:31 Completed Teststep: wait until {loc} to be visible with arguments: [recipe.search]
08:58:31 Invoking Teststep: click on {loc} with arguments: [recipe.search]
08:58:31 Completed Teststep: click on {loc} with arguments: [recipe.search]
08:58:31 Invoking Teststep: wait until {loc} to be visible with arguments: [recipetype.search]
08:58:32 Completed Teststep: wait until {loc} to be visible with arguments: [recipetype.search]
08:58:32 Completed Teststep: Then navigate to search page
08:58:32 Invoking Teststep: Then search recipe 'breakfast pizza' with arguments: [breakfast pizza]
08:58:32 Invoking Teststep: wait until {loc} to be visible with arguments: [recipetype.search]
08:58:32 Completed Teststep: wait until {loc} to be visible with arguments: [recipetype.search]
08:58:32 Invoking Teststep: click on {loc} with arguments: [recipetype.search]
08:58:32 Completed Teststep: click on {loc} with arguments: [recipetype.search]
08:58:32 Invoking Teststep: sendKeys {text} into {loc} with arguments: [breakfast pizza?, recipetype.search]
08:58:32 Completed Teststep: sendKeys {text} into {loc} with arguments: [breakfast pizza?, recipetype.search]
08:58:42 Completed Teststep: Then search recipe 'breakfast pizza' with arguments: [breakfast pizza]
08:58:42 Invoking Teststep: Then select a recipe
08:58:52 Invoking Teststep: wait until {loc} to be visible with arguments: [pizzaRecipeImg.click]
08:58:53 Completed Teststep: wait until {loc} to be visible with arguments: [pizzaRecipeImg.click]
08:58:53 Invoking Teststep: click on {loc} with arguments: [pizzaRecipeImg.click]
08:58:53 Completed Teststep: click on {loc} with arguments: [pizzaRecipeImg.click]
08:59:03 Completed Teststep: Then select a recipe
08:59:03 Invoking Teststep: Then save a recipe
08:59:03 Invoking Teststep: wait until {loc} to be visible with arguments: [saveReceipeBtn.click]
08:59:03 Completed Teststep: wait until {loc} to be visible with arguments: [saveReceipeBtn.click]
08:59:03 Invoking Teststep: click on {loc} with arguments: [saveReceipeBtn.click]
08:59:03 Completed Teststep: click on {loc} with arguments: [saveReceipeBtn.click]
08:59:13 Completed Teststep: Then save a recipe
08:59:13 Invoking Teststep: Then verify saved recipe msg for Reg User
08:59:13 Invoking Teststep: wait until {loc} to be visible with arguments: [savedTxt.verify]
08:59:13 Completed Teststep: wait until {loc} to be visible with arguments: [savedTxt.verify]
08:59:13 Invoking Teststep: assert {loc} is visible with arguments: [savedTxt.verify]
08:59:14 Completed Teststep: assert {loc} is visible with arguments: [savedTxt.verify]
08:59:24 Completed Teststep: Then verify saved recipe msg for Reg User
08:59:24 Competed scenario: Verify SAVES Button functionality with status SUCCESS
10:23:54 scenario.file.loc[Ljava.lang.String;@42607a4f
10:23:54 loading BDD file: C:\Users\vaidh\eclipse-workspace\foodautomation\.\scenarios\smoketest.bdd
10:23:54 total test found: 1
10:23:54 

Executing scenario: verify Test Food Receipe Title - verify Test Food Receipe Title
10:23:54 pkg: com.qmetry.qaf.automation.step
10:23:54 pkg: com.qmetry.qaf.example
10:23:54 Found duplicate step to load [] with [lower] prority then []
10:23:54 Invoking Teststep: Given get '/' with arguments: [/]
10:24:03 Completed Teststep: Given get '/' with arguments: [/]
10:24:03 Invoking Teststep: When navigate to recipe page
10:24:03 Invoking Teststep: click on {loc} with arguments: [recipeLink.click]
10:24:03 Completed Teststep: click on {loc} with arguments: [recipeLink.click]
10:24:03 Completed Teststep: When navigate to recipe page
10:24:03 Invoking Teststep: Then verify text is RECIPES
10:24:05 Completed Teststep: Then verify text is RECIPES
10:24:05 Competed scenario: verify Test Food Receipe Title with status SUCCESS
10:26:41 scenario.file.loc[Ljava.lang.String;@42607a4f
10:26:41 loading BDD file: C:\Users\vaidh\eclipse-workspace\foodautomation\.\scenarios\smoketest.bdd
10:26:41 total test found: 2
10:26:41 

Executing scenario: verify Test Food Receipe Title - verify Test Food Receipe Title
10:26:41 pkg: com.qmetry.qaf.automation.step
10:26:42 pkg: com.qmetry.qaf.example
10:26:42 Found duplicate step to load [] with [lower] prority then []
10:26:42 Invoking Teststep: Given get '/' with arguments: [/]
10:26:50 Completed Teststep: Given get '/' with arguments: [/]
10:26:50 Invoking Teststep: When navigate to recipe page
10:26:50 Invoking Teststep: wait until {loc} to be visible with arguments: [recipeLink.click]
10:26:50 Completed Teststep: wait until {loc} to be visible with arguments: [recipeLink.click]
10:26:50 Invoking Teststep: click on {loc} with arguments: [recipeLink.click]
10:26:50 Completed Teststep: click on {loc} with arguments: [recipeLink.click]
10:26:50 Completed Teststep: When navigate to recipe page
10:26:51 Invoking Teststep: Then verify text is RECIPES
10:26:51 Invoking Teststep: verify {loc} text is {text} with arguments: [text.recipe, RECIPES]
10:26:52 Completed Teststep: verify {loc} text is {text} with arguments: [text.recipe, RECIPES]
10:26:52 Completed Teststep: Then verify text is RECIPES
10:26:52 Competed scenario: verify Test Food Receipe Title with status SUCCESS
10:26:52 

Executing scenario: verify Save Recipe Action for Guest User - verify Save Recipe for Guest User
10:26:52 Invoking Teststep: Given get '/' with arguments: [/]
10:26:53 Completed Teststep: Given get '/' with arguments: [/]
10:26:53 Invoking Teststep: When navigate to search page
10:27:03 Invoking Teststep: wait until {loc} to be visible with arguments: [recipe.search]
10:27:04 Completed Teststep: wait until {loc} to be visible with arguments: [recipe.search]
10:27:04 Invoking Teststep: click on {loc} with arguments: [recipe.search]
10:27:04 Completed Teststep: click on {loc} with arguments: [recipe.search]
10:27:04 Invoking Teststep: wait until {loc} to be visible with arguments: [recipetype.search]
10:27:05 Completed Teststep: wait until {loc} to be visible with arguments: [recipetype.search]
10:27:05 Completed Teststep: When navigate to search page
10:27:05 Invoking Teststep: Then search recipe 'breakfast pizza' with arguments: [breakfast pizza]
10:27:05 Invoking Teststep: wait until {loc} to be visible with arguments: [recipetype.search]
10:27:05 Completed Teststep: wait until {loc} to be visible with arguments: [recipetype.search]
10:27:05 Invoking Teststep: click on {loc} with arguments: [recipetype.search]
10:27:05 Completed Teststep: click on {loc} with arguments: [recipetype.search]
10:27:05 Invoking Teststep: sendKeys {text} into {loc} with arguments: [breakfast pizza?, recipetype.search]
10:27:06 Completed Teststep: sendKeys {text} into {loc} with arguments: [breakfast pizza?, recipetype.search]
10:27:16 Completed Teststep: Then search recipe 'breakfast pizza' with arguments: [breakfast pizza]
10:27:16 Invoking Teststep: Then select a recipe
10:27:26 Invoking Teststep: wait until {loc} to be visible with arguments: [pizzaRecipeImg.click]
10:27:26 Completed Teststep: wait until {loc} to be visible with arguments: [pizzaRecipeImg.click]
10:27:26 Invoking Teststep: click on {loc} with arguments: [pizzaRecipeImg.click]
10:27:29 Completed Teststep: click on {loc} with arguments: [pizzaRecipeImg.click]
10:27:39 Completed Teststep: Then select a recipe
10:27:39 Invoking Teststep: Then save a recipe
10:27:39 Invoking Teststep: wait until {loc} to be visible with arguments: [saveReceipeBtn.click]
10:27:39 Completed Teststep: wait until {loc} to be visible with arguments: [saveReceipeBtn.click]
10:27:39 Invoking Teststep: click on {loc} with arguments: [saveReceipeBtn.click]
10:27:39 Completed Teststep: click on {loc} with arguments: [saveReceipeBtn.click]
10:27:49 Completed Teststep: Then save a recipe
10:27:49 Invoking Teststep: Then verify login message for unregistered user while save/review
10:27:49 Invoking Teststep: wait until {loc} to be visible with arguments: [saveMessageText.verify]
10:27:49 Completed Teststep: wait until {loc} to be visible with arguments: [saveMessageText.verify]
10:27:59 Invoking Teststep: assert {loc} is visible with arguments: [saveMessageText.verify]
10:28:00 Completed Teststep: assert {loc} is visible with arguments: [saveMessageText.verify]
10:28:00 Completed Teststep: Then verify login message for unregistered user while save/review
10:28:00 Competed scenario: verify Save Recipe Action for Guest User with status SUCCESS
10:28:56 scenario.file.loc[Ljava.lang.String;@42607a4f
10:28:56 loading BDD file: C:\Users\vaidh\eclipse-workspace\foodautomation\.\scenarios\smoketest.bdd
10:28:56 total test found: 3
10:28:56 

Executing scenario: verify Test Food Receipe Title - verify Test Food Receipe Title
10:28:56 pkg: com.qmetry.qaf.automation.step
10:28:56 pkg: com.qmetry.qaf.example
10:28:56 Found duplicate step to load [] with [lower] prority then []
10:28:56 Invoking Teststep: Given get '/' with arguments: [/]
10:29:06 Completed Teststep: Given get '/' with arguments: [/]
10:29:06 Invoking Teststep: When navigate to recipe page
10:29:06 Invoking Teststep: click on {loc} with arguments: [recipeLink.click]
10:29:06 Completed Teststep: click on {loc} with arguments: [recipeLink.click]
10:29:06 Completed Teststep: When navigate to recipe page
10:29:06 Invoking Teststep: Then verify text is RECIPES
10:29:08 Completed Teststep: Then verify text is RECIPES
10:29:08 Competed scenario: verify Test Food Receipe Title with status SUCCESS
10:29:08 

Executing scenario: verify Save Recipe Action for Guest User - verify Save Recipe for Guest User
10:29:08 Invoking Teststep: Given get '/' with arguments: [/]
10:29:09 Completed Teststep: Given get '/' with arguments: [/]
10:29:09 Invoking Teststep: When navigate to search page
10:29:19 Invoking Teststep: click on {loc} with arguments: [recipe.search]
10:29:20 Completed Teststep: click on {loc} with arguments: [recipe.search]
10:29:20 Invoking Teststep: wait until {loc} to be visible with arguments: [recipetype.search]
10:29:20 Completed Teststep: wait until {loc} to be visible with arguments: [recipetype.search]
10:29:20 Completed Teststep: When navigate to search page
10:29:20 Invoking Teststep: Then search recipe 'breakfast pizza' with arguments: [breakfast pizza]
10:29:21 Invoking Teststep: click on {loc} with arguments: [recipetype.search]
10:29:21 Completed Teststep: click on {loc} with arguments: [recipetype.search]
10:29:21 Invoking Teststep: sendKeys {text} into {loc} with arguments: [breakfast pizza?, recipetype.search]
10:29:21 Completed Teststep: sendKeys {text} into {loc} with arguments: [breakfast pizza?, recipetype.search]
10:29:31 Completed Teststep: Then search recipe 'breakfast pizza' with arguments: [breakfast pizza]
10:29:31 Invoking Teststep: Then select a recipe
10:29:41 Invoking Teststep: click on {loc} with arguments: [pizzaRecipeImg.click]
10:29:44 Completed Teststep: click on {loc} with arguments: [pizzaRecipeImg.click]
10:29:54 Completed Teststep: Then select a recipe
10:29:54 Invoking Teststep: Then save a recipe
10:29:54 Invoking Teststep: click on {loc} with arguments: [saveReceipeBtn.click]
10:29:54 Completed Teststep: click on {loc} with arguments: [saveReceipeBtn.click]
10:30:04 Completed Teststep: Then save a recipe
10:30:04 Invoking Teststep: Then verify login message for unregistered user while save/review
10:30:15 Invoking Teststep: assert {loc} is visible with arguments: [saveMessageText.verify]
10:30:15 Completed Teststep: assert {loc} is visible with arguments: [saveMessageText.verify]
10:30:15 Completed Teststep: Then verify login message for unregistered user while save/review
10:30:15 Competed scenario: verify Save Recipe Action for Guest User with status SUCCESS
10:30:15 

Executing scenario: verify Review Recipe Action for Guest User - verify Review Recipe for Guest User
10:30:15 Invoking Teststep: Given get '/' with arguments: [/]
10:30:16 Completed Teststep: Given get '/' with arguments: [/]
10:30:16 Invoking Teststep: When navigate to search page
10:30:26 Invoking Teststep: click on {loc} with arguments: [recipe.search]
10:30:27 Completed Teststep: click on {loc} with arguments: [recipe.search]
10:30:27 Invoking Teststep: wait until {loc} to be visible with arguments: [recipetype.search]
10:30:27 Completed Teststep: wait until {loc} to be visible with arguments: [recipetype.search]
10:30:27 Completed Teststep: When navigate to search page
10:30:27 Invoking Teststep: Then search recipe 'breakfast pizza' with arguments: [breakfast pizza]
10:30:28 Invoking Teststep: click on {loc} with arguments: [recipetype.search]
10:30:28 Completed Teststep: click on {loc} with arguments: [recipetype.search]
10:30:28 Invoking Teststep: sendKeys {text} into {loc} with arguments: [breakfast pizza?, recipetype.search]
10:30:28 Completed Teststep: sendKeys {text} into {loc} with arguments: [breakfast pizza?, recipetype.search]
10:30:38 Completed Teststep: Then search recipe 'breakfast pizza' with arguments: [breakfast pizza]
10:30:38 Invoking Teststep: Then select a recipe
10:30:48 Invoking Teststep: click on {loc} with arguments: [pizzaRecipeImg.click]
10:30:49 Completed Teststep: click on {loc} with arguments: [pizzaRecipeImg.click]
10:30:59 Completed Teststep: Then select a recipe
10:30:59 Invoking Teststep: Then click on review btn
10:30:59 Invoking Teststep: click on {loc} with arguments: [reviewBtn.click]
10:30:59 Completed Teststep: click on {loc} with arguments: [reviewBtn.click]
10:31:09 Completed Teststep: Then click on review btn
10:31:09 Invoking Teststep: Then write a review 'Good' with arguments: [Good]
10:31:19 Invoking Teststep: sendKeys {text} into {loc} with arguments: [Good?, writeReview.click]
10:31:20 Completed Teststep: sendKeys {text} into {loc} with arguments: [Good?, writeReview.click]
10:31:30 Completed Teststep: Then write a review 'Good' with arguments: [Good]
10:31:30 Invoking Teststep: Then verify login message for unregistered user while save/review
10:31:40 Invoking Teststep: assert {loc} is visible with arguments: [saveMessageText.verify]
10:31:40 Completed Teststep: assert {loc} is visible with arguments: [saveMessageText.verify]
10:31:40 Completed Teststep: Then verify login message for unregistered user while save/review
10:31:40 Competed scenario: verify Review Recipe Action for Guest User with status SUCCESS
10:40:48 scenario.file.loc[Ljava.lang.String;@42607a4f
10:40:48 loading BDD file: C:\Users\vaidh\eclipse-workspace\foodautomation\.\scenarios\smoketest.bdd
10:40:48 total test found: 4
10:40:48 

Executing scenario: verify Test Food Receipe Title - verify Test Food Receipe Title
10:40:48 pkg: com.qmetry.qaf.automation.step
10:40:48 pkg: com.qmetry.qaf.example
10:40:48 Found duplicate step to load [] with [lower] prority then []
10:40:48 Invoking Teststep: Given get '/' with arguments: [/]
10:40:58 Completed Teststep: Given get '/' with arguments: [/]
10:40:58 Invoking Teststep: When navigate to recipe page
10:40:58 Invoking Teststep: click on {loc} with arguments: [recipeLink.click]
10:40:58 Completed Teststep: click on {loc} with arguments: [recipeLink.click]
10:40:58 Completed Teststep: When navigate to recipe page
10:40:58 Invoking Teststep: Then verify text is RECIPES
10:41:00 Completed Teststep: Then verify text is RECIPES
10:41:00 Competed scenario: verify Test Food Receipe Title with status SUCCESS
10:41:00 

Executing scenario: verify Save Recipe Action for Guest User - verify Save Recipe for Guest User
10:41:00 Invoking Teststep: Given get '/' with arguments: [/]
10:41:02 Completed Teststep: Given get '/' with arguments: [/]
10:41:02 Invoking Teststep: When navigate to search page
10:41:12 Invoking Teststep: click on {loc} with arguments: [recipe.search]
10:41:13 Completed Teststep: click on {loc} with arguments: [recipe.search]
10:41:13 Invoking Teststep: wait until {loc} to be visible with arguments: [recipetype.search]
10:41:14 Completed Teststep: wait until {loc} to be visible with arguments: [recipetype.search]
10:41:14 Completed Teststep: When navigate to search page
10:41:14 Invoking Teststep: Then search recipe 'breakfast pizza' with arguments: [breakfast pizza]
10:41:14 Invoking Teststep: click on {loc} with arguments: [recipetype.search]
10:41:14 Completed Teststep: click on {loc} with arguments: [recipetype.search]
10:41:14 Invoking Teststep: sendKeys {text} into {loc} with arguments: [breakfast pizza?, recipetype.search]
10:41:14 Completed Teststep: sendKeys {text} into {loc} with arguments: [breakfast pizza?, recipetype.search]
10:41:24 Completed Teststep: Then search recipe 'breakfast pizza' with arguments: [breakfast pizza]
10:41:24 Invoking Teststep: Then select a recipe
10:41:34 Invoking Teststep: click on {loc} with arguments: [pizzaRecipeImg.click]
10:41:37 Completed Teststep: click on {loc} with arguments: [pizzaRecipeImg.click]
10:41:47 Completed Teststep: Then select a recipe
10:41:47 Invoking Teststep: Then save a recipe
10:41:47 Invoking Teststep: click on {loc} with arguments: [saveReceipeBtn.click]
10:41:47 Completed Teststep: click on {loc} with arguments: [saveReceipeBtn.click]
10:41:57 Completed Teststep: Then save a recipe
10:41:57 Invoking Teststep: Then verify login message for unregistered user while save/review
10:42:07 Invoking Teststep: assert {loc} is visible with arguments: [saveMessageText.verify]
10:42:08 Completed Teststep: assert {loc} is visible with arguments: [saveMessageText.verify]
10:42:08 Completed Teststep: Then verify login message for unregistered user while save/review
10:42:08 Competed scenario: verify Save Recipe Action for Guest User with status SUCCESS
10:42:08 

Executing scenario: verify Review Recipe Action for Guest User - verify Review Recipe for Guest User
10:42:08 Invoking Teststep: Given get '/' with arguments: [/]
10:42:09 Completed Teststep: Given get '/' with arguments: [/]
10:42:09 Invoking Teststep: When navigate to search page
10:42:19 Invoking Teststep: click on {loc} with arguments: [recipe.search]
10:42:19 Completed Teststep: click on {loc} with arguments: [recipe.search]
10:42:19 Invoking Teststep: wait until {loc} to be visible with arguments: [recipetype.search]
10:42:20 Completed Teststep: wait until {loc} to be visible with arguments: [recipetype.search]
10:42:20 Completed Teststep: When navigate to search page
10:42:20 Invoking Teststep: Then search recipe 'breakfast pizza' with arguments: [breakfast pizza]
10:42:20 Invoking Teststep: click on {loc} with arguments: [recipetype.search]
10:42:20 Completed Teststep: click on {loc} with arguments: [recipetype.search]
10:42:20 Invoking Teststep: sendKeys {text} into {loc} with arguments: [breakfast pizza?, recipetype.search]
10:42:21 Completed Teststep: sendKeys {text} into {loc} with arguments: [breakfast pizza?, recipetype.search]
10:42:31 Completed Teststep: Then search recipe 'breakfast pizza' with arguments: [breakfast pizza]
10:42:31 Invoking Teststep: Then select a recipe
10:42:41 Invoking Teststep: click on {loc} with arguments: [pizzaRecipeImg.click]
10:42:41 Completed Teststep: click on {loc} with arguments: [pizzaRecipeImg.click]
10:42:51 Completed Teststep: Then select a recipe
10:42:51 Invoking Teststep: Then click on review btn
10:42:52 Invoking Teststep: click on {loc} with arguments: [reviewBtn.click]
10:42:52 Completed Teststep: click on {loc} with arguments: [reviewBtn.click]
10:43:02 Completed Teststep: Then click on review btn
10:43:02 Invoking Teststep: Then write a review 'Good' with arguments: [Good]
10:43:12 Invoking Teststep: sendKeys {text} into {loc} with arguments: [Good?, writeReview.click]
10:43:12 Completed Teststep: sendKeys {text} into {loc} with arguments: [Good?, writeReview.click]
10:43:22 Completed Teststep: Then write a review 'Good' with arguments: [Good]
10:43:22 Invoking Teststep: Then verify login message for unregistered user while save/review
10:43:32 Invoking Teststep: assert {loc} is visible with arguments: [saveMessageText.verify]
10:43:32 Completed Teststep: assert {loc} is visible with arguments: [saveMessageText.verify]
10:43:32 Completed Teststep: Then verify login message for unregistered user while save/review
10:43:32 Competed scenario: verify Review Recipe Action for Guest User with status SUCCESS
10:43:32 

Executing scenario: verify Search Results - verify Search Results -count
10:43:32 Invoking Teststep: Given get '/' with arguments: [/]
10:43:33 Completed Teststep: Given get '/' with arguments: [/]
10:43:33 Invoking Teststep: When navigate to recipe page
10:43:34 Invoking Teststep: click on {loc} with arguments: [recipeLink.click]
10:43:34 Completed Teststep: click on {loc} with arguments: [recipeLink.click]
10:43:34 Completed Teststep: When navigate to recipe page
10:43:34 Invoking Teststep: When navigate to search page
10:43:44 Invoking Teststep: click on {loc} with arguments: [recipe.search]
10:43:45 Completed Teststep: click on {loc} with arguments: [recipe.search]
10:43:45 Invoking Teststep: wait until {loc} to be visible with arguments: [recipetype.search]
10:43:46 Completed Teststep: wait until {loc} to be visible with arguments: [recipetype.search]
10:43:46 Completed Teststep: When navigate to search page
10:43:46 Invoking Teststep: Then search recipe 'Biriyani' with arguments: [Biriyani]
10:43:46 Invoking Teststep: click on {loc} with arguments: [recipetype.search]
10:43:46 Completed Teststep: click on {loc} with arguments: [recipetype.search]
10:43:46 Invoking Teststep: sendKeys {text} into {loc} with arguments: [Biriyani?, recipetype.search]
10:43:46 Completed Teststep: sendKeys {text} into {loc} with arguments: [Biriyani?, recipetype.search]
10:43:56 Completed Teststep: Then search recipe 'Biriyani' with arguments: [Biriyani]
10:43:56 Invoking Teststep: Then verify result count
10:43:56 Invoking Teststep: assert {loc} text is {text} with arguments: [resultCountText.verify, 10 RESULTS]
10:43:57 Completed Teststep: assert {loc} text is {text} with arguments: [resultCountText.verify, 10 RESULTS]
10:43:57 Completed Teststep: Then verify result count
10:43:57 Competed scenario: verify Search Results with status SUCCESS
10:45:15 scenario.file.loc[Ljava.lang.String;@42607a4f
10:45:15 loading BDD file: C:\Users\vaidh\eclipse-workspace\foodautomation\.\scenarios\smoketest.bdd
10:45:15 total test found: 5
10:45:15 

Executing scenario: verify Test Food Receipe Title - verify Test Food Receipe Title
10:45:15 pkg: com.qmetry.qaf.automation.step
10:45:15 pkg: com.qmetry.qaf.example
10:45:15 Found duplicate step to load [] with [lower] prority then []
10:45:15 Invoking Teststep: Given get '/' with arguments: [/]
10:45:24 Completed Teststep: Given get '/' with arguments: [/]
10:45:24 Invoking Teststep: When navigate to recipe page
10:45:24 Invoking Teststep: click on {loc} with arguments: [recipeLink.click]
10:45:24 Completed Teststep: click on {loc} with arguments: [recipeLink.click]
10:45:24 Completed Teststep: When navigate to recipe page
10:45:24 Invoking Teststep: Then verify text is RECIPES
10:45:27 Completed Teststep: Then verify text is RECIPES
10:45:27 Competed scenario: verify Test Food Receipe Title with status SUCCESS
10:45:27 

Executing scenario: verify Save Recipe Action for Guest User - verify Save Recipe for Guest User
10:45:27 Invoking Teststep: Given get '/' with arguments: [/]
10:45:27 Completed Teststep: Given get '/' with arguments: [/]
10:45:27 Invoking Teststep: When navigate to search page
10:45:37 Invoking Teststep: click on {loc} with arguments: [recipe.search]
10:45:38 Completed Teststep: click on {loc} with arguments: [recipe.search]
10:45:38 Invoking Teststep: wait until {loc} to be visible with arguments: [recipetype.search]
10:45:39 Completed Teststep: wait until {loc} to be visible with arguments: [recipetype.search]
10:45:39 Completed Teststep: When navigate to search page
10:45:39 Invoking Teststep: Then search recipe 'breakfast pizza' with arguments: [breakfast pizza]
10:45:39 Invoking Teststep: click on {loc} with arguments: [recipetype.search]
10:45:40 Completed Teststep: click on {loc} with arguments: [recipetype.search]
10:45:40 Invoking Teststep: sendKeys {text} into {loc} with arguments: [breakfast pizza?, recipetype.search]
10:45:40 Completed Teststep: sendKeys {text} into {loc} with arguments: [breakfast pizza?, recipetype.search]
10:45:50 Completed Teststep: Then search recipe 'breakfast pizza' with arguments: [breakfast pizza]
10:45:50 Invoking Teststep: Then select a recipe
10:46:00 Invoking Teststep: click on {loc} with arguments: [pizzaRecipeImg.click]
10:46:03 Completed Teststep: click on {loc} with arguments: [pizzaRecipeImg.click]
10:46:13 Completed Teststep: Then select a recipe
10:46:13 Invoking Teststep: Then save a recipe
10:46:13 Invoking Teststep: click on {loc} with arguments: [saveReceipeBtn.click]
10:46:13 Completed Teststep: click on {loc} with arguments: [saveReceipeBtn.click]
10:46:23 Completed Teststep: Then save a recipe
10:46:23 Invoking Teststep: Then verify login message for unregistered user while save/review
10:46:33 Invoking Teststep: assert {loc} is visible with arguments: [saveMessageText.verify]
10:46:34 Completed Teststep: assert {loc} is visible with arguments: [saveMessageText.verify]
10:46:34 Completed Teststep: Then verify login message for unregistered user while save/review
10:46:34 Competed scenario: verify Save Recipe Action for Guest User with status SUCCESS
10:46:34 

Executing scenario: verify Review Recipe Action for Guest User - verify Review Recipe for Guest User
10:46:34 Invoking Teststep: Given get '/' with arguments: [/]
10:46:34 Completed Teststep: Given get '/' with arguments: [/]
10:46:34 Invoking Teststep: When navigate to search page
10:46:45 Invoking Teststep: click on {loc} with arguments: [recipe.search]
10:46:45 Completed Teststep: click on {loc} with arguments: [recipe.search]
10:46:45 Invoking Teststep: wait until {loc} to be visible with arguments: [recipetype.search]
10:46:46 Completed Teststep: wait until {loc} to be visible with arguments: [recipetype.search]
10:46:46 Completed Teststep: When navigate to search page
10:46:46 Invoking Teststep: Then search recipe 'breakfast pizza' with arguments: [breakfast pizza]
10:46:46 Invoking Teststep: click on {loc} with arguments: [recipetype.search]
10:46:46 Completed Teststep: click on {loc} with arguments: [recipetype.search]
10:46:46 Invoking Teststep: sendKeys {text} into {loc} with arguments: [breakfast pizza?, recipetype.search]
10:46:46 Completed Teststep: sendKeys {text} into {loc} with arguments: [breakfast pizza?, recipetype.search]
10:46:56 Completed Teststep: Then search recipe 'breakfast pizza' with arguments: [breakfast pizza]
10:46:56 Invoking Teststep: Then select a recipe
10:47:07 Invoking Teststep: click on {loc} with arguments: [pizzaRecipeImg.click]
10:47:07 Completed Teststep: click on {loc} with arguments: [pizzaRecipeImg.click]
10:47:17 Completed Teststep: Then select a recipe
10:47:17 Invoking Teststep: Then click on review btn
10:47:17 Invoking Teststep: click on {loc} with arguments: [reviewBtn.click]
10:47:18 Completed Teststep: click on {loc} with arguments: [reviewBtn.click]
10:47:28 Completed Teststep: Then click on review btn
10:47:28 Invoking Teststep: Then write a review 'Good' with arguments: [Good]
10:47:38 Invoking Teststep: sendKeys {text} into {loc} with arguments: [Good?, writeReview.click]
10:47:38 Completed Teststep: sendKeys {text} into {loc} with arguments: [Good?, writeReview.click]
10:47:48 Completed Teststep: Then write a review 'Good' with arguments: [Good]
10:47:48 Invoking Teststep: Then verify login message for unregistered user while save/review
10:47:58 Invoking Teststep: assert {loc} is visible with arguments: [saveMessageText.verify]
10:47:58 Completed Teststep: assert {loc} is visible with arguments: [saveMessageText.verify]
10:47:58 Completed Teststep: Then verify login message for unregistered user while save/review
10:47:58 Competed scenario: verify Review Recipe Action for Guest User with status SUCCESS
10:47:58 

Executing scenario: verify Search Results - verify Search Results -count
10:47:58 Invoking Teststep: Given get '/' with arguments: [/]
10:47:59 Completed Teststep: Given get '/' with arguments: [/]
10:47:59 Invoking Teststep: When navigate to recipe page
10:48:00 Invoking Teststep: click on {loc} with arguments: [recipeLink.click]
10:48:00 Completed Teststep: click on {loc} with arguments: [recipeLink.click]
10:48:00 Completed Teststep: When navigate to recipe page
10:48:00 Invoking Teststep: When navigate to search page
10:48:10 Invoking Teststep: click on {loc} with arguments: [recipe.search]
10:48:11 Completed Teststep: click on {loc} with arguments: [recipe.search]
10:48:11 Invoking Teststep: wait until {loc} to be visible with arguments: [recipetype.search]
10:48:12 Completed Teststep: wait until {loc} to be visible with arguments: [recipetype.search]
10:48:12 Completed Teststep: When navigate to search page
10:48:12 Invoking Teststep: Then search recipe 'Biriyani' with arguments: [Biriyani]
10:48:12 Invoking Teststep: click on {loc} with arguments: [recipetype.search]
10:48:12 Completed Teststep: click on {loc} with arguments: [recipetype.search]
10:48:12 Invoking Teststep: sendKeys {text} into {loc} with arguments: [Biriyani?, recipetype.search]
10:48:12 Completed Teststep: sendKeys {text} into {loc} with arguments: [Biriyani?, recipetype.search]
10:48:22 Completed Teststep: Then search recipe 'Biriyani' with arguments: [Biriyani]
10:48:22 Invoking Teststep: Then verify result count
10:48:22 Invoking Teststep: assert {loc} text is {text} with arguments: [resultCountText.verify, 10 RESULTS]
10:48:23 Completed Teststep: assert {loc} text is {text} with arguments: [resultCountText.verify, 10 RESULTS]
10:48:23 Completed Teststep: Then verify result count
10:48:23 Competed scenario: verify Search Results with status SUCCESS
10:48:23 

Executing scenario: verify Invalid Search - verify Invalid Search
10:48:23 Invoking Teststep: Given get '/' with arguments: [/]
10:48:24 Completed Teststep: Given get '/' with arguments: [/]
10:48:24 Invoking Teststep: When navigate to recipe page
10:48:25 Invoking Teststep: click on {loc} with arguments: [recipeLink.click]
10:48:26 Completed Teststep: click on {loc} with arguments: [recipeLink.click]
10:48:26 Completed Teststep: When navigate to recipe page
10:48:26 Invoking Teststep: When navigate to search page
10:48:36 Invoking Teststep: click on {loc} with arguments: [recipe.search]
10:48:37 Completed Teststep: click on {loc} with arguments: [recipe.search]
10:48:37 Invoking Teststep: wait until {loc} to be visible with arguments: [recipetype.search]
10:48:37 Completed Teststep: wait until {loc} to be visible with arguments: [recipetype.search]
10:48:37 Completed Teststep: When navigate to search page
10:48:37 Invoking Teststep: Then search recipe 'Iphone' with arguments: [Iphone]
10:48:38 Invoking Teststep: click on {loc} with arguments: [recipetype.search]
10:48:38 Completed Teststep: click on {loc} with arguments: [recipetype.search]
10:48:38 Invoking Teststep: sendKeys {text} into {loc} with arguments: [Iphone?, recipetype.search]
10:48:38 Completed Teststep: sendKeys {text} into {loc} with arguments: [Iphone?, recipetype.search]
10:48:48 Completed Teststep: Then search recipe 'Iphone' with arguments: [Iphone]
10:48:48 Invoking Teststep: Then verify no match message
10:48:48 Invoking Teststep: assert {loc} is visible with arguments: [noMatchRecipeMsg.verify]
10:48:49 Completed Teststep: assert {loc} is visible with arguments: [noMatchRecipeMsg.verify]
10:48:49 Completed Teststep: Then verify no match message
10:48:49 Competed scenario: verify Invalid Search with status SUCCESS
10:49:59 scenario.file.loc[Ljava.lang.String;@42607a4f
10:49:59 loading BDD file: C:\Users\vaidh\eclipse-workspace\foodautomation\.\scenarios\smoketest.bdd
10:49:59 total test found: 6
10:49:59 

Executing scenario: verify Test Food Receipe Title - verify Test Food Receipe Title
10:49:59 pkg: com.qmetry.qaf.automation.step
10:49:59 pkg: com.qmetry.qaf.example
10:49:59 Found duplicate step to load [] with [lower] prority then []
10:49:59 Invoking Teststep: Given get '/' with arguments: [/]
10:50:08 Completed Teststep: Given get '/' with arguments: [/]
10:50:08 Invoking Teststep: When navigate to recipe page
10:50:09 Invoking Teststep: click on {loc} with arguments: [recipeLink.click]
10:50:09 Completed Teststep: click on {loc} with arguments: [recipeLink.click]
10:50:09 Completed Teststep: When navigate to recipe page
10:50:09 Invoking Teststep: Then verify text is RECIPES
10:50:11 Completed Teststep: Then verify text is RECIPES
10:50:11 Competed scenario: verify Test Food Receipe Title with status SUCCESS
10:50:11 

Executing scenario: verify Save Recipe Action for Guest User - verify Save Recipe for Guest User
10:50:11 Invoking Teststep: Given get '/' with arguments: [/]
10:50:12 Completed Teststep: Given get '/' with arguments: [/]
10:50:12 Invoking Teststep: When navigate to search page
10:50:22 Invoking Teststep: click on {loc} with arguments: [recipe.search]
10:50:23 Completed Teststep: click on {loc} with arguments: [recipe.search]
10:50:23 Invoking Teststep: wait until {loc} to be visible with arguments: [recipetype.search]
10:50:23 Completed Teststep: wait until {loc} to be visible with arguments: [recipetype.search]
10:50:23 Completed Teststep: When navigate to search page
10:50:23 Invoking Teststep: Then search recipe 'breakfast pizza' with arguments: [breakfast pizza]
10:50:23 Invoking Teststep: click on {loc} with arguments: [recipetype.search]
10:50:24 Completed Teststep: click on {loc} with arguments: [recipetype.search]
10:50:24 Invoking Teststep: sendKeys {text} into {loc} with arguments: [breakfast pizza?, recipetype.search]
10:50:24 Completed Teststep: sendKeys {text} into {loc} with arguments: [breakfast pizza?, recipetype.search]
10:50:34 Completed Teststep: Then search recipe 'breakfast pizza' with arguments: [breakfast pizza]
10:50:34 Invoking Teststep: Then select a recipe
10:50:44 Invoking Teststep: click on {loc} with arguments: [pizzaRecipeImg.click]
10:50:48 Completed Teststep: click on {loc} with arguments: [pizzaRecipeImg.click]
10:50:58 Completed Teststep: Then select a recipe
10:50:58 Invoking Teststep: Then save a recipe
10:50:58 Invoking Teststep: click on {loc} with arguments: [saveReceipeBtn.click]
10:50:58 Completed Teststep: click on {loc} with arguments: [saveReceipeBtn.click]
10:51:08 Completed Teststep: Then save a recipe
10:51:08 Invoking Teststep: Then verify login message for unregistered user while save/review
10:51:18 Invoking Teststep: assert {loc} is visible with arguments: [saveMessageText.verify]
10:51:18 Completed Teststep: assert {loc} is visible with arguments: [saveMessageText.verify]
10:51:18 Completed Teststep: Then verify login message for unregistered user while save/review
10:51:18 Competed scenario: verify Save Recipe Action for Guest User with status SUCCESS
10:51:18 

Executing scenario: verify Review Recipe Action for Guest User - verify Review Recipe for Guest User
10:51:18 Invoking Teststep: Given get '/' with arguments: [/]
10:51:19 Completed Teststep: Given get '/' with arguments: [/]
10:51:19 Invoking Teststep: When navigate to search page
10:51:29 Invoking Teststep: click on {loc} with arguments: [recipe.search]
10:51:30 Completed Teststep: click on {loc} with arguments: [recipe.search]
10:51:30 Invoking Teststep: wait until {loc} to be visible with arguments: [recipetype.search]
10:51:31 Completed Teststep: wait until {loc} to be visible with arguments: [recipetype.search]
10:51:31 Completed Teststep: When navigate to search page
10:51:31 Invoking Teststep: Then search recipe 'breakfast pizza' with arguments: [breakfast pizza]
10:51:31 Invoking Teststep: click on {loc} with arguments: [recipetype.search]
10:51:31 Completed Teststep: click on {loc} with arguments: [recipetype.search]
10:51:31 Invoking Teststep: sendKeys {text} into {loc} with arguments: [breakfast pizza?, recipetype.search]
10:51:31 Completed Teststep: sendKeys {text} into {loc} with arguments: [breakfast pizza?, recipetype.search]
10:51:41 Completed Teststep: Then search recipe 'breakfast pizza' with arguments: [breakfast pizza]
10:51:41 Invoking Teststep: Then select a recipe
10:51:52 Invoking Teststep: click on {loc} with arguments: [pizzaRecipeImg.click]
10:51:52 Completed Teststep: click on {loc} with arguments: [pizzaRecipeImg.click]
10:52:02 Completed Teststep: Then select a recipe
10:52:02 Invoking Teststep: Then click on review btn
10:52:02 Invoking Teststep: click on {loc} with arguments: [reviewBtn.click]
10:52:02 Completed Teststep: click on {loc} with arguments: [reviewBtn.click]
10:52:12 Completed Teststep: Then click on review btn
10:52:12 Invoking Teststep: Then write a review 'Good' with arguments: [Good]
10:52:23 Invoking Teststep: sendKeys {text} into {loc} with arguments: [Good?, writeReview.click]
10:52:23 Completed Teststep: sendKeys {text} into {loc} with arguments: [Good?, writeReview.click]
10:52:33 Completed Teststep: Then write a review 'Good' with arguments: [Good]
10:52:33 Invoking Teststep: Then verify login message for unregistered user while save/review
10:52:43 Invoking Teststep: assert {loc} is visible with arguments: [saveMessageText.verify]
10:52:43 Completed Teststep: assert {loc} is visible with arguments: [saveMessageText.verify]
10:52:43 Completed Teststep: Then verify login message for unregistered user while save/review
10:52:43 Competed scenario: verify Review Recipe Action for Guest User with status SUCCESS
10:52:43 

Executing scenario: verify Search Results - verify Search Results -count
10:52:43 Invoking Teststep: Given get '/' with arguments: [/]
10:52:44 Completed Teststep: Given get '/' with arguments: [/]
10:52:44 Invoking Teststep: When navigate to recipe page
10:52:45 Invoking Teststep: click on {loc} with arguments: [recipeLink.click]
10:52:45 Completed Teststep: click on {loc} with arguments: [recipeLink.click]
10:52:45 Completed Teststep: When navigate to recipe page
10:52:45 Invoking Teststep: When navigate to search page
10:52:56 Invoking Teststep: click on {loc} with arguments: [recipe.search]
10:52:56 Completed Teststep: click on {loc} with arguments: [recipe.search]
10:52:56 Invoking Teststep: wait until {loc} to be visible with arguments: [recipetype.search]
10:52:57 Completed Teststep: wait until {loc} to be visible with arguments: [recipetype.search]
10:52:57 Completed Teststep: When navigate to search page
10:52:57 Invoking Teststep: Then search recipe 'Biriyani' with arguments: [Biriyani]
10:52:57 Invoking Teststep: click on {loc} with arguments: [recipetype.search]
10:52:57 Completed Teststep: click on {loc} with arguments: [recipetype.search]
10:52:57 Invoking Teststep: sendKeys {text} into {loc} with arguments: [Biriyani?, recipetype.search]
10:52:57 Completed Teststep: sendKeys {text} into {loc} with arguments: [Biriyani?, recipetype.search]
10:53:07 Completed Teststep: Then search recipe 'Biriyani' with arguments: [Biriyani]
10:53:07 Invoking Teststep: Then verify result count
10:53:07 Invoking Teststep: assert {loc} text is {text} with arguments: [resultCountText.verify, 10 RESULTS]
10:53:08 Completed Teststep: assert {loc} text is {text} with arguments: [resultCountText.verify, 10 RESULTS]
10:53:08 Completed Teststep: Then verify result count
10:53:08 Competed scenario: verify Search Results with status SUCCESS
10:53:08 

Executing scenario: verify Invalid Search - verify Invalid Search
10:53:08 Invoking Teststep: Given get '/' with arguments: [/]
10:53:09 Completed Teststep: Given get '/' with arguments: [/]
10:53:09 Invoking Teststep: When navigate to recipe page
10:53:09 Invoking Teststep: click on {loc} with arguments: [recipeLink.click]
10:53:11 Completed Teststep: click on {loc} with arguments: [recipeLink.click]
10:53:11 Completed Teststep: When navigate to recipe page
10:53:11 Invoking Teststep: When navigate to search page
10:53:21 Invoking Teststep: click on {loc} with arguments: [recipe.search]
10:53:22 Completed Teststep: click on {loc} with arguments: [recipe.search]
10:53:22 Invoking Teststep: wait until {loc} to be visible with arguments: [recipetype.search]
10:53:22 Completed Teststep: wait until {loc} to be visible with arguments: [recipetype.search]
10:53:22 Completed Teststep: When navigate to search page
10:53:22 Invoking Teststep: Then search recipe 'Iphone' with arguments: [Iphone]
10:53:23 Invoking Teststep: click on {loc} with arguments: [recipetype.search]
10:53:23 Completed Teststep: click on {loc} with arguments: [recipetype.search]
10:53:23 Invoking Teststep: sendKeys {text} into {loc} with arguments: [Iphone?, recipetype.search]
10:53:23 Completed Teststep: sendKeys {text} into {loc} with arguments: [Iphone?, recipetype.search]
10:53:33 Completed Teststep: Then search recipe 'Iphone' with arguments: [Iphone]
10:53:33 Invoking Teststep: Then verify no match message
10:53:33 Invoking Teststep: assert {loc} is visible with arguments: [noMatchRecipeMsg.verify]
10:53:33 Completed Teststep: assert {loc} is visible with arguments: [noMatchRecipeMsg.verify]
10:53:33 Completed Teststep: Then verify no match message
10:53:33 Competed scenario: verify Invalid Search with status SUCCESS
10:53:33 

Executing scenario: Verify SAVES Button functionality - Verify SAVES Button functionality
10:53:33 Invoking Teststep: Given get '/' with arguments: [/]
10:53:34 Completed Teststep: Given get '/' with arguments: [/]
10:53:34 Invoking Teststep: When login as Reg User 'vdhuggis@gmail.com' 'Arjun@17' with arguments: [vdhuggis@gmail.com, Arjun@17]
10:53:44 Invoking Teststep: wait until {loc} to be visible with arguments: [logInBtn.click]
10:53:45 Completed Teststep: wait until {loc} to be visible with arguments: [logInBtn.click]
10:53:45 Invoking Teststep: click on {loc} with arguments: [logInBtn.click]
10:53:46 Completed Teststep: click on {loc} with arguments: [logInBtn.click]
10:53:46 Invoking Teststep: wait until {loc} to be visible with arguments: [emailTxt.click]
10:53:46 Completed Teststep: wait until {loc} to be visible with arguments: [emailTxt.click]
10:53:46 Invoking Teststep: click on {loc} with arguments: [emailTxt.click]
10:53:46 Completed Teststep: click on {loc} with arguments: [emailTxt.click]
10:53:46 Invoking Teststep: sendKeys {text} into {loc} with arguments: [vdhuggis@gmail.com, emailTxt.click]
10:53:46 Completed Teststep: sendKeys {text} into {loc} with arguments: [vdhuggis@gmail.com, emailTxt.click]
10:53:46 Invoking Teststep: wait until {loc} to be visible with arguments: [pwdTxt.click]
10:53:46 Completed Teststep: wait until {loc} to be visible with arguments: [pwdTxt.click]
10:53:46 Invoking Teststep: click on {loc} with arguments: [pwdTxt.click]
10:53:46 Completed Teststep: click on {loc} with arguments: [pwdTxt.click]
10:53:46 Invoking Teststep: sendKeys {text} into {loc} with arguments: [Arjun@17?, pwdTxt.click]
10:53:46 Completed Teststep: sendKeys {text} into {loc} with arguments: [Arjun@17?, pwdTxt.click]
10:53:56 Completed Teststep: When login as Reg User 'vdhuggis@gmail.com' 'Arjun@17' with arguments: [vdhuggis@gmail.com, Arjun@17]
10:53:56 Invoking Teststep: Then navigate to search page
10:54:06 Invoking Teststep: click on {loc} with arguments: [recipe.search]
10:54:07 Completed Teststep: click on {loc} with arguments: [recipe.search]
10:54:07 Invoking Teststep: wait until {loc} to be visible with arguments: [recipetype.search]
10:54:07 Completed Teststep: wait until {loc} to be visible with arguments: [recipetype.search]
10:54:07 Completed Teststep: Then navigate to search page
10:54:07 Invoking Teststep: Then search recipe 'breakfast pizza' with arguments: [breakfast pizza]
10:54:07 Invoking Teststep: click on {loc} with arguments: [recipetype.search]
10:54:07 Completed Teststep: click on {loc} with arguments: [recipetype.search]
10:54:07 Invoking Teststep: sendKeys {text} into {loc} with arguments: [breakfast pizza?, recipetype.search]
10:54:08 Completed Teststep: sendKeys {text} into {loc} with arguments: [breakfast pizza?, recipetype.search]
10:54:18 Completed Teststep: Then search recipe 'breakfast pizza' with arguments: [breakfast pizza]
10:54:18 Invoking Teststep: Then select a recipe
10:54:28 Invoking Teststep: click on {loc} with arguments: [pizzaRecipeImg.click]
10:54:28 Completed Teststep: click on {loc} with arguments: [pizzaRecipeImg.click]
10:54:38 Completed Teststep: Then select a recipe
10:54:38 Invoking Teststep: Then save a recipe
10:54:38 Invoking Teststep: click on {loc} with arguments: [saveReceipeBtn.click]
10:54:39 Completed Teststep: click on {loc} with arguments: [saveReceipeBtn.click]
10:54:49 Completed Teststep: Then save a recipe
10:54:49 Invoking Teststep: Then verify saved recipe msg for Reg User
10:54:49 Invoking Teststep: assert {loc} is visible with arguments: [savedTxt.verify]
10:54:49 Completed Teststep: assert {loc} is visible with arguments: [savedTxt.verify]
10:54:59 Completed Teststep: Then verify saved recipe msg for Reg User
10:54:59 Competed scenario: Verify SAVES Button functionality with status SUCCESS
